{"total": {"lines":{"total":227,"covered":199,"skipped":0,"pct":87.66},"statements":{"total":260,"covered":222,"skipped":0,"pct":85.38},"functions":{"total":51,"covered":44,"skipped":0,"pct":86.27},"branches":{"total":263,"covered":189,"skipped":0,"pct":71.86},"branchesTrue":{"total":0,"covered":0,"skipped":0,"pct":100}}
,"/Users/bizarro/Documents/Projects/bahia/web/src/lib/auth/route-access.js": {"lines":{"total":44,"covered":42,"skipped":0,"pct":95.45},"functions":{"total":14,"covered":13,"skipped":0,"pct":92.85},"statements":{"total":50,"covered":47,"skipped":0,"pct":94},"branches":{"total":45,"covered":40,"skipped":0,"pct":88.88}}
,"/Users/bizarro/Documents/Projects/bahia/web/src/lib/components/nav-model.js": {"lines":{"total":14,"covered":14,"skipped":0,"pct":100},"functions":{"total":3,"covered":3,"skipped":0,"pct":100},"statements":{"total":18,"covered":17,"skipped":0,"pct":94.44},"branches":{"total":44,"covered":36,"skipped":0,"pct":81.81}}
,"/Users/bizarro/Documents/Projects/bahia/web/src/lib/stores/souls.svelte.js": {"lines":{"total":158,"covered":132,"skipped":0,"pct":83.54},"functions":{"total":31,"covered":25,"skipped":0,"pct":80.64},"statements":{"total":179,"covered":145,"skipped":0,"pct":81},"branches":{"total":152,"covered":91,"skipped":0,"pct":59.86}}
,"/Users/bizarro/Documents/Projects/bahia/web/src/routes/souls/page-model.js": {"lines":{"total":11,"covered":11,"skipped":0,"pct":100},"functions":{"total":3,"covered":3,"skipped":0,"pct":100},"statements":{"total":13,"covered":13,"skipped":0,"pct":100},"branches":{"total":22,"covered":22,"skipped":0,"pct":100}}
}
