<?xml version="1.0" encoding="UTF-8"?>
<coverage generated="1778967154212" clover="3.2.0">
  <project timestamp="1778967154212" name="All files">
    <metrics statements="28" coveredstatements="23" conditionals="16" coveredconditionals="11" methods="4" coveredmethods="4" elements="48" coveredelements="38" complexity="0" loc="28" ncloc="28" packages="1" files="1" classes="1"/>
    <file name="system.svelte.js" path="/Users/bizarro/Documents/Projects/bahia/web/src/lib/stores/system.svelte.js">
      <metrics statements="28" coveredstatements="23" conditionals="16" coveredconditionals="11" methods="4" coveredmethods="4"/>
      <line num="4" count="3" type="stmt"/>
      <line num="11" count="3" type="stmt"/>
      <line num="14" count="2" type="stmt"/>
      <line num="18" count="3" type="stmt"/>
      <line num="19" count="3" type="stmt"/>
      <line num="20" count="3" type="stmt"/>
      <line num="21" count="3" type="stmt"/>
      <line num="22" count="3" type="stmt"/>
      <line num="26" count="6" type="cond" truecount="1" falsecount="1"/>
      <line num="27" count="6" type="cond" truecount="4" falsecount="0"/>
      <line num="28" count="5" type="cond" truecount="4" falsecount="0"/>
      <line num="30" count="4" type="stmt"/>
      <line num="31" count="4" type="stmt"/>
      <line num="33" count="4" type="stmt"/>
      <line num="34" count="4" type="stmt"/>
      <line num="35" count="4" type="stmt"/>
      <line num="36" count="4" type="stmt"/>
      <line num="37" count="4" type="stmt"/>
      <line num="38" count="4" type="stmt"/>
      <line num="39" count="4" type="stmt"/>
      <line num="41" count="0" type="cond" truecount="0" falsecount="2"/>
      <line num="42" count="0" type="cond" truecount="0" falsecount="2"/>
      <line num="43" count="0" type="stmt"/>
      <line num="44" count="0" type="stmt"/>
      <line num="46" count="0" type="stmt"/>
      <line num="48" count="4" type="stmt"/>
      <line num="49" count="4" type="stmt"/>
      <line num="53" count="4" type="stmt"/>
    </file>
  </project>
</coverage>
