{"/Users/bizarro/Documents/Projects/bahia/web/src/lib/stores/system.svelte.js": {"path":"/Users/bizarro/Documents/Projects/bahia/web/src/lib/stores/system.svelte.js","statementMap":{"0":{"start":{"line":4,"column":23},"end":{"line":8,"column":null}},"1":{"start":{"line":11,"column":18},"end":{"line":11,"column":22}},"2":{"start":{"line":14,"column":9},"end":{"line":14,"column":null}},"3":{"start":{"line":18,"column":2},"end":{"line":18,"column":null}},"4":{"start":{"line":19,"column":2},"end":{"line":19,"column":null}},"5":{"start":{"line":20,"column":2},"end":{"line":20,"column":null}},"6":{"start":{"line":21,"column":2},"end":{"line":21,"column":null}},"7":{"start":{"line":22,"column":2},"end":{"line":22,"column":null}},"8":{"start":{"line":26,"column":7},"end":{"line":26,"column":null}},"9":{"start":{"line":26,"column":14},"end":{"line":26,"column":null}},"10":{"start":{"line":27,"column":6},"end":{"line":27,"column":null}},"11":{"start":{"line":27,"column":31},"end":{"line":27,"column":null}},"12":{"start":{"line":28,"column":6},"end":{"line":28,"column":null}},"13":{"start":{"line":28,"column":27},"end":{"line":28,"column":null}},"14":{"start":{"line":30,"column":2},"end":{"line":30,"column":null}},"15":{"start":{"line":31,"column":2},"end":{"line":31,"column":null}},"16":{"start":{"line":33,"column":2},"end":{"line":51,"column":null}},"17":{"start":{"line":34,"column":8},"end":{"line":50,"column":null}},"18":{"start":{"line":35,"column":16},"end":{"line":35,"column":null}},"19":{"start":{"line":36,"column":6},"end":{"line":36,"column":null}},"20":{"start":{"line":37,"column":6},"end":{"line":37,"column":null}},"21":{"start":{"line":38,"column":6},"end":{"line":38,"column":null}},"22":{"start":{"line":39,"column":13},"end":{"line":39,"column":null}},"23":{"start":{"line":41,"column":6},"end":{"line":41,"column":null}},"24":{"start":{"line":42,"column":10},"end":{"line":45,"column":null}},"25":{"start":{"line":43,"column":8},"end":{"line":43,"column":null}},"26":{"start":{"line":44,"column":8},"end":{"line":44,"column":null}},"27":{"start":{"line":46,"column":12},"end":{"line":46,"column":null}},"28":{"start":{"line":48,"column":6},"end":{"line":48,"column":null}},"29":{"start":{"line":49,"column":6},"end":{"line":49,"column":null}},"30":{"start":{"line":53,"column":9},"end":{"line":53,"column":null}}},"fnMap":{"0":{"name":"currentSystemInfo","decl":{"start":{"line":13,"column":16},"end":{"line":13,"column":33}},"loc":{"start":{"line":13,"column":36},"end":{"line":15,"column":null}},"line":13},"1":{"name":"resetSystemInfoStore","decl":{"start":{"line":17,"column":16},"end":{"line":17,"column":36}},"loc":{"start":{"line":17,"column":39},"end":{"line":23,"column":null}},"line":17},"2":{"name":"loadSystemInfo","decl":{"start":{"line":25,"column":22},"end":{"line":25,"column":36}},"loc":{"start":{"line":25,"column":61},"end":{"line":54,"column":null}},"line":25},"3":{"name":"(anonymous_3)","decl":{"start":{"line":33,"column":13},"end":{"line":33,"column":29}},"loc":{"start":{"line":33,"column":29},"end":{"line":51,"column":3}},"line":33}},"branchMap":{"0":{"loc":{"start":{"line":25,"column":36},"end":{"line":25,"column":61}},"type":"default-arg","locations":[{"start":{"line":25,"column":52},"end":{"line":25,"column":61}}],"line":25},"1":{"loc":{"start":{"line":25,"column":39},"end":{"line":25,"column":52}},"type":"default-arg","locations":[{"start":{"line":25,"column":47},"end":{"line":25,"column":52}}],"line":25},"2":{"loc":{"start":{"line":26,"column":7},"end":{"line":26,"column":null}},"type":"if","locations":[{"start":{"line":26,"column":7},"end":{"line":26,"column":null}},{"start":{},"end":{}}],"line":26},"3":{"loc":{"start":{"line":27,"column":6},"end":{"line":27,"column":null}},"type":"if","locations":[{"start":{"line":27,"column":6},"end":{"line":27,"column":null}},{"start":{},"end":{}}],"line":27},"4":{"loc":{"start":{"line":27,"column":6},"end":{"line":27,"column":31}},"type":"binary-expr","locations":[{"start":{"line":27,"column":6},"end":{"line":27,"column":21}},{"start":{"line":27,"column":21},"end":{"line":27,"column":31}}],"line":27},"5":{"loc":{"start":{"line":28,"column":6},"end":{"line":28,"column":null}},"type":"if","locations":[{"start":{"line":28,"column":6},"end":{"line":28,"column":null}},{"start":{},"end":{}}],"line":28},"6":{"loc":{"start":{"line":28,"column":6},"end":{"line":28,"column":27}},"type":"binary-expr","locations":[{"start":{"line":28,"column":6},"end":{"line":28,"column":17}},{"start":{"line":28,"column":17},"end":{"line":28,"column":27}}],"line":28},"7":{"loc":{"start":{"line":41,"column":25},"end":{"line":41,"column":null}},"type":"binary-expr","locations":[{"start":{"line":41,"column":25},"end":{"line":41,"column":39}},{"start":{"line":41,"column":43},"end":{"line":41,"column":null}}],"line":41},"8":{"loc":{"start":{"line":42,"column":10},"end":{"line":45,"column":null}},"type":"if","locations":[{"start":{"line":42,"column":10},"end":{"line":45,"column":null}},{"start":{},"end":{}}],"line":42}},"s":{"0":3,"1":3,"2":2,"3":3,"4":3,"5":3,"6":3,"7":3,"8":6,"9":0,"10":6,"11":1,"12":5,"13":1,"14":4,"15":4,"16":4,"17":4,"18":4,"19":4,"20":4,"21":4,"22":4,"23":0,"24":0,"25":0,"26":0,"27":0,"28":4,"29":4,"30":4},"f":{"0":2,"1":3,"2":6,"3":4},"b":{"0":[6],"1":[6],"2":[0,6],"3":[1,5],"4":[6,2],"5":[1,4],"6":[5,1],"7":[0,0],"8":[0,0]},"meta":{"lastBranch":9,"lastFunction":4,"lastStatement":31,"seen":{"s:4:23:8:Infinity":0,"s:11:18:11:22":1,"f:13:16:13:33":0,"s:14:9:14:Infinity":2,"f:17:16:17:36":1,"s:18:2:18:Infinity":3,"s:19:2:19:Infinity":4,"s:20:2:20:Infinity":5,"s:21:2:21:Infinity":6,"s:22:2:22:Infinity":7,"f:25:22:25:36":2,"b:25:52:25:61":0,"b:25:47:25:52":1,"b:26:7:26:Infinity:undefined:undefined:undefined:undefined":2,"s:26:7:26:Infinity":8,"s:26:14:26:Infinity":9,"b:27:6:27:Infinity:undefined:undefined:undefined:undefined":3,"s:27:6:27:Infinity":10,"b:27:6:27:21:27:21:27:31":4,"s:27:31:27:Infinity":11,"b:28:6:28:Infinity:undefined:undefined:undefined:undefined":5,"s:28:6:28:Infinity":12,"b:28:6:28:17:28:17:28:27":6,"s:28:27:28:Infinity":13,"s:30:2:30:Infinity":14,"s:31:2:31:Infinity":15,"s:33:2:51:Infinity":16,"f:33:13:33:29":3,"s:34:8:50:Infinity":17,"s:35:16:35:Infinity":18,"s:36:6:36:Infinity":19,"s:37:6:37:Infinity":20,"s:38:6:38:Infinity":21,"s:39:13:39:Infinity":22,"s:41:6:41:Infinity":23,"b:41:25:41:39:41:43:41:Infinity":7,"b:42:10:45:Infinity:undefined:undefined:undefined:undefined":8,"s:42:10:45:Infinity":24,"s:43:8:43:Infinity":25,"s:44:8:44:Infinity":26,"s:46:12:46:Infinity":27,"s:48:6:48:Infinity":28,"s:49:6:49:Infinity":29,"s:53:9:53:Infinity":30}}}
}
