mode: set
github.com/openagentsinc/bahia/cmd/cli/main.go:31.13,35.52 4 0
github.com/openagentsinc/bahia/cmd/cli/main.go:35.52,37.3 1 0
github.com/openagentsinc/bahia/cmd/cli/main.go:40.38,45.68 1 1
github.com/openagentsinc/bahia/cmd/cli/main.go:45.68,48.4 2 1
github.com/openagentsinc/bahia/cmd/cli/main.go:51.2,74.16 8 1
github.com/openagentsinc/bahia/cmd/cli/main.go:79.36,85.55 2 1
github.com/openagentsinc/bahia/cmd/cli/main.go:85.55,87.18 2 0
github.com/openagentsinc/bahia/cmd/cli/main.go:87.18,89.5 1 0
github.com/openagentsinc/bahia/cmd/cli/main.go:90.4,90.23 1 0
github.com/openagentsinc/bahia/cmd/cli/main.go:90.23,92.5 1 0
github.com/openagentsinc/bahia/cmd/cli/main.go:93.4,94.18 2 0
github.com/openagentsinc/bahia/cmd/cli/main.go:94.18,96.5 1 0
github.com/openagentsinc/bahia/cmd/cli/main.go:97.4,98.18 2 0
github.com/openagentsinc/bahia/cmd/cli/main.go:98.18,100.5 1 0
github.com/openagentsinc/bahia/cmd/cli/main.go:101.4,103.14 3 0
github.com/openagentsinc/bahia/cmd/cli/main.go:107.2,108.16 2 1
github.com/openagentsinc/bahia/cmd/cli/main.go:113.40,119.55 2 1
github.com/openagentsinc/bahia/cmd/cli/main.go:119.55,121.18 2 0
github.com/openagentsinc/bahia/cmd/cli/main.go:121.18,123.5 1 0
github.com/openagentsinc/bahia/cmd/cli/main.go:124.4,124.112 1 0
github.com/openagentsinc/bahia/cmd/cli/main.go:124.112,126.5 1 0
github.com/openagentsinc/bahia/cmd/cli/main.go:130.2,134.55 1 1
github.com/openagentsinc/bahia/cmd/cli/main.go:134.55,136.18 2 0
github.com/openagentsinc/bahia/cmd/cli/main.go:136.18,138.5 1 0
github.com/openagentsinc/bahia/cmd/cli/main.go:139.4,139.28 1 0
github.com/openagentsinc/bahia/cmd/cli/main.go:143.2,147.55 1 1
github.com/openagentsinc/bahia/cmd/cli/main.go:147.55,153.18 5 0
github.com/openagentsinc/bahia/cmd/cli/main.go:153.18,155.5 1 0
github.com/openagentsinc/bahia/cmd/cli/main.go:156.4,156.28 1 0
github.com/openagentsinc/bahia/cmd/cli/main.go:159.2,168.12 8 1
github.com/openagentsinc/bahia/cmd/cli/main.go:171.46,178.55 2 1
github.com/openagentsinc/bahia/cmd/cli/main.go:178.55,183.24 5 0
github.com/openagentsinc/bahia/cmd/cli/main.go:183.24,185.5 1 0
github.com/openagentsinc/bahia/cmd/cli/main.go:186.4,186.152 1 0
github.com/openagentsinc/bahia/cmd/cli/main.go:186.152,188.5 1 0
github.com/openagentsinc/bahia/cmd/cli/main.go:189.4,189.18 1 0
github.com/openagentsinc/bahia/cmd/cli/main.go:189.18,191.5 1 0
github.com/openagentsinc/bahia/cmd/cli/main.go:192.4,192.31 1 0
github.com/openagentsinc/bahia/cmd/cli/main.go:195.2,205.55 6 1
github.com/openagentsinc/bahia/cmd/cli/main.go:205.55,208.148 3 1
github.com/openagentsinc/bahia/cmd/cli/main.go:208.148,210.5 1 0
github.com/openagentsinc/bahia/cmd/cli/main.go:211.4,211.18 1 1
github.com/openagentsinc/bahia/cmd/cli/main.go:211.18,213.5 1 0
github.com/openagentsinc/bahia/cmd/cli/main.go:214.4,214.31 1 1
github.com/openagentsinc/bahia/cmd/cli/main.go:217.2,226.55 5 1
github.com/openagentsinc/bahia/cmd/cli/main.go:226.55,229.145 3 0
github.com/openagentsinc/bahia/cmd/cli/main.go:229.145,231.5 1 0
github.com/openagentsinc/bahia/cmd/cli/main.go:232.4,232.18 1 0
github.com/openagentsinc/bahia/cmd/cli/main.go:232.18,234.5 1 0
github.com/openagentsinc/bahia/cmd/cli/main.go:235.4,235.31 1 0
github.com/openagentsinc/bahia/cmd/cli/main.go:238.2,244.12 6 1
github.com/openagentsinc/bahia/cmd/cli/main.go:249.44,255.55 2 1
github.com/openagentsinc/bahia/cmd/cli/main.go:255.55,257.18 2 0
github.com/openagentsinc/bahia/cmd/cli/main.go:257.18,259.5 1 0
github.com/openagentsinc/bahia/cmd/cli/main.go:260.4,260.109 1 0
github.com/openagentsinc/bahia/cmd/cli/main.go:260.109,262.20 2 0
github.com/openagentsinc/bahia/cmd/cli/main.go:262.20,264.6 1 0
github.com/openagentsinc/bahia/cmd/cli/main.go:265.5,265.75 1 0
github.com/openagentsinc/bahia/cmd/cli/main.go:270.2,274.55 1 1
github.com/openagentsinc/bahia/cmd/cli/main.go:274.55,276.18 2 0
github.com/openagentsinc/bahia/cmd/cli/main.go:276.18,278.5 1 0
github.com/openagentsinc/bahia/cmd/cli/main.go:279.4,279.28 1 0
github.com/openagentsinc/bahia/cmd/cli/main.go:283.2,287.55 1 1
github.com/openagentsinc/bahia/cmd/cli/main.go:287.55,293.18 5 0
github.com/openagentsinc/bahia/cmd/cli/main.go:293.18,295.5 1 0
github.com/openagentsinc/bahia/cmd/cli/main.go:296.4,296.28 1 0
github.com/openagentsinc/bahia/cmd/cli/main.go:299.2,305.12 6 1
github.com/openagentsinc/bahia/cmd/cli/main.go:310.37,316.55 2 1
github.com/openagentsinc/bahia/cmd/cli/main.go:316.55,318.18 2 0
github.com/openagentsinc/bahia/cmd/cli/main.go:318.18,320.5 1 0
github.com/openagentsinc/bahia/cmd/cli/main.go:321.4,321.119 1 0
github.com/openagentsinc/bahia/cmd/cli/main.go:321.119,323.5 1 0
github.com/openagentsinc/bahia/cmd/cli/main.go:327.2,330.55 1 1
github.com/openagentsinc/bahia/cmd/cli/main.go:330.55,332.18 2 0
github.com/openagentsinc/bahia/cmd/cli/main.go:332.18,334.5 1 0
github.com/openagentsinc/bahia/cmd/cli/main.go:335.4,335.24 1 0
github.com/openagentsinc/bahia/cmd/cli/main.go:335.24,338.5 2 0
github.com/openagentsinc/bahia/cmd/cli/main.go:339.4,339.110 1 0
github.com/openagentsinc/bahia/cmd/cli/main.go:339.110,341.5 1 0
github.com/openagentsinc/bahia/cmd/cli/main.go:345.2,346.12 2 1
github.com/openagentsinc/bahia/cmd/cli/main.go:351.38,355.55 1 1
github.com/openagentsinc/bahia/cmd/cli/main.go:355.55,362.18 6 0
github.com/openagentsinc/bahia/cmd/cli/main.go:362.18,364.5 1 0
github.com/openagentsinc/bahia/cmd/cli/main.go:365.4,366.14 2 0
github.com/openagentsinc/bahia/cmd/cli/main.go:369.2,380.55 8 1
github.com/openagentsinc/bahia/cmd/cli/main.go:380.55,386.18 5 0
github.com/openagentsinc/bahia/cmd/cli/main.go:386.18,388.5 1 0
github.com/openagentsinc/bahia/cmd/cli/main.go:389.4,390.14 2 0
github.com/openagentsinc/bahia/cmd/cli/main.go:393.2,402.48 6 1
github.com/openagentsinc/bahia/cmd/cli/main.go:402.48,404.4 1 0
github.com/openagentsinc/bahia/cmd/cli/main.go:406.2,407.23 2 1
github.com/openagentsinc/bahia/cmd/cli/main.go:412.37,421.55 5 1
github.com/openagentsinc/bahia/cmd/cli/main.go:421.55,423.18 2 1
github.com/openagentsinc/bahia/cmd/cli/main.go:423.18,425.5 1 0
github.com/openagentsinc/bahia/cmd/cli/main.go:426.4,426.183 1 1
github.com/openagentsinc/bahia/cmd/cli/main.go:426.183,428.5 1 0
github.com/openagentsinc/bahia/cmd/cli/main.go:429.4,429.18 1 1
github.com/openagentsinc/bahia/cmd/cli/main.go:429.18,431.5 1 1
github.com/openagentsinc/bahia/cmd/cli/main.go:432.4,432.31 1 0
github.com/openagentsinc/bahia/cmd/cli/main.go:432.31,434.5 1 0
github.com/openagentsinc/bahia/cmd/cli/main.go:435.4,436.150 2 0
github.com/openagentsinc/bahia/cmd/cli/main.go:436.150,438.5 1 0
github.com/openagentsinc/bahia/cmd/cli/main.go:441.2,453.55 9 1
github.com/openagentsinc/bahia/cmd/cli/main.go:453.55,455.18 2 0
github.com/openagentsinc/bahia/cmd/cli/main.go:455.18,457.5 1 0
github.com/openagentsinc/bahia/cmd/cli/main.go:458.4,459.18 2 0
github.com/openagentsinc/bahia/cmd/cli/main.go:459.18,461.5 1 0
github.com/openagentsinc/bahia/cmd/cli/main.go:462.4,462.42 1 0
github.com/openagentsinc/bahia/cmd/cli/main.go:462.42,464.5 1 0
github.com/openagentsinc/bahia/cmd/cli/main.go:465.4,466.150 2 0
github.com/openagentsinc/bahia/cmd/cli/main.go:466.150,468.5 1 0
github.com/openagentsinc/bahia/cmd/cli/main.go:469.4,469.18 1 0
github.com/openagentsinc/bahia/cmd/cli/main.go:469.18,471.5 1 0
github.com/openagentsinc/bahia/cmd/cli/main.go:472.4,472.137 1 0
github.com/openagentsinc/bahia/cmd/cli/main.go:472.137,474.5 1 0
github.com/openagentsinc/bahia/cmd/cli/main.go:477.2,484.12 7 1
github.com/openagentsinc/bahia/cmd/cli/main.go:497.89,499.35 2 0
github.com/openagentsinc/bahia/cmd/cli/main.go:499.35,500.26 1 0
github.com/openagentsinc/bahia/cmd/cli/main.go:500.26,502.12 2 0
github.com/openagentsinc/bahia/cmd/cli/main.go:504.3,504.48 1 0
github.com/openagentsinc/bahia/cmd/cli/main.go:504.48,506.27 2 0
github.com/openagentsinc/bahia/cmd/cli/main.go:506.27,508.5 1 0
github.com/openagentsinc/bahia/cmd/cli/main.go:509.4,517.6 1 0
github.com/openagentsinc/bahia/cmd/cli/main.go:520.2,520.13 1 0
github.com/openagentsinc/bahia/cmd/cli/main.go:523.116,525.39 2 1
github.com/openagentsinc/bahia/cmd/cli/main.go:525.39,527.17 2 1
github.com/openagentsinc/bahia/cmd/cli/main.go:527.17,529.4 1 0
github.com/openagentsinc/bahia/cmd/cli/main.go:530.3,532.35 3 1
github.com/openagentsinc/bahia/cmd/cli/main.go:532.35,534.4 1 0
github.com/openagentsinc/bahia/cmd/cli/main.go:535.3,535.32 1 1
github.com/openagentsinc/bahia/cmd/cli/main.go:537.2,537.55 1 1
github.com/openagentsinc/bahia/cmd/cli/main.go:537.55,539.3 1 0
github.com/openagentsinc/bahia/cmd/cli/main.go:540.2,542.34 3 1
github.com/openagentsinc/bahia/cmd/cli/main.go:542.34,545.58 3 1
github.com/openagentsinc/bahia/cmd/cli/main.go:545.58,548.4 2 1
github.com/openagentsinc/bahia/cmd/cli/main.go:549.3,550.39 2 1
github.com/openagentsinc/bahia/cmd/cli/main.go:550.39,552.4 1 0
github.com/openagentsinc/bahia/cmd/cli/main.go:553.3,553.31 1 1
github.com/openagentsinc/bahia/cmd/cli/main.go:553.31,555.4 1 1
github.com/openagentsinc/bahia/cmd/cli/main.go:556.3,557.128 2 1
github.com/openagentsinc/bahia/cmd/cli/main.go:559.2,559.37 1 1
github.com/openagentsinc/bahia/cmd/cli/main.go:559.37,561.17 2 1
github.com/openagentsinc/bahia/cmd/cli/main.go:561.17,563.4 1 0
github.com/openagentsinc/bahia/cmd/cli/main.go:564.3,565.18 2 1
github.com/openagentsinc/bahia/cmd/cli/main.go:565.18,567.4 1 0
github.com/openagentsinc/bahia/cmd/cli/main.go:568.3,568.31 1 1
github.com/openagentsinc/bahia/cmd/cli/main.go:568.31,570.4 1 0
github.com/openagentsinc/bahia/cmd/cli/main.go:571.3,572.120 2 1
github.com/openagentsinc/bahia/cmd/cli/main.go:574.2,574.34 1 1
github.com/openagentsinc/bahia/cmd/cli/main.go:574.34,575.32 1 1
github.com/openagentsinc/bahia/cmd/cli/main.go:575.32,577.4 1 1
github.com/openagentsinc/bahia/cmd/cli/main.go:579.2,579.21 1 1
github.com/openagentsinc/bahia/cmd/cli/main.go:582.91,585.37 3 1
github.com/openagentsinc/bahia/cmd/cli/main.go:585.37,587.22 2 1
github.com/openagentsinc/bahia/cmd/cli/main.go:587.22,589.4 1 0
github.com/openagentsinc/bahia/cmd/cli/main.go:590.3,591.59 2 1
github.com/openagentsinc/bahia/cmd/cli/main.go:591.59,594.25 3 1
github.com/openagentsinc/bahia/cmd/cli/main.go:594.25,596.5 1 1
github.com/openagentsinc/bahia/cmd/cli/main.go:598.3,601.46 4 1
github.com/openagentsinc/bahia/cmd/cli/main.go:601.46,603.4 1 1
github.com/openagentsinc/bahia/cmd/cli/main.go:604.3,605.29 2 1
github.com/openagentsinc/bahia/cmd/cli/main.go:605.29,607.4 1 1
github.com/openagentsinc/bahia/cmd/cli/main.go:608.3,609.139 2 1
github.com/openagentsinc/bahia/cmd/cli/main.go:611.2,611.24 1 1
github.com/openagentsinc/bahia/cmd/cli/main.go:616.52,620.35 4 1
github.com/openagentsinc/bahia/cmd/cli/main.go:620.35,622.3 1 0
github.com/openagentsinc/bahia/cmd/cli/main.go:623.2,623.13 1 1
github.com/openagentsinc/bahia/cmd/cli/main.go:626.70,630.37 4 1
github.com/openagentsinc/bahia/cmd/cli/main.go:630.37,632.3 1 0
github.com/openagentsinc/bahia/cmd/cli/main.go:633.2,633.24 1 1
github.com/openagentsinc/bahia/cmd/cli/main.go:636.36,637.28 1 0
github.com/openagentsinc/bahia/cmd/cli/main.go:637.28,639.3 1 0
github.com/openagentsinc/bahia/cmd/cli/main.go:640.2,640.22 1 0
github.com/openagentsinc/bahia/cmd/cli/main.go:643.45,644.31 1 0
github.com/openagentsinc/bahia/cmd/cli/main.go:644.31,645.18 1 0
github.com/openagentsinc/bahia/cmd/cli/main.go:645.18,647.4 1 0
github.com/openagentsinc/bahia/cmd/cli/main.go:649.2,649.11 1 0
github.com/openagentsinc/bahia/cmd/cli/main.go:654.39,660.55 2 1
github.com/openagentsinc/bahia/cmd/cli/main.go:660.55,662.18 2 0
github.com/openagentsinc/bahia/cmd/cli/main.go:662.18,664.5 1 0
github.com/openagentsinc/bahia/cmd/cli/main.go:665.4,665.115 1 0
github.com/openagentsinc/bahia/cmd/cli/main.go:665.115,667.23 2 0
github.com/openagentsinc/bahia/cmd/cli/main.go:667.23,669.6 1 0
github.com/openagentsinc/bahia/cmd/cli/main.go:670.5,670.97 1 0
github.com/openagentsinc/bahia/cmd/cli/main.go:675.2,679.55 1 1
github.com/openagentsinc/bahia/cmd/cli/main.go:679.55,681.18 2 0
github.com/openagentsinc/bahia/cmd/cli/main.go:681.18,683.5 1 0
github.com/openagentsinc/bahia/cmd/cli/main.go:684.4,684.31 1 0
github.com/openagentsinc/bahia/cmd/cli/main.go:688.2,689.12 2 1
github.com/openagentsinc/bahia/cmd/cli/main.go:694.36,704.55 2 1
github.com/openagentsinc/bahia/cmd/cli/main.go:704.55,709.18 4 0
github.com/openagentsinc/bahia/cmd/cli/main.go:709.18,711.5 1 0
github.com/openagentsinc/bahia/cmd/cli/main.go:713.4,713.31 1 0
github.com/openagentsinc/bahia/cmd/cli/main.go:713.31,715.5 1 0
github.com/openagentsinc/bahia/cmd/cli/main.go:717.4,717.25 1 0
github.com/openagentsinc/bahia/cmd/cli/main.go:717.25,720.5 2 0
github.com/openagentsinc/bahia/cmd/cli/main.go:721.4,721.25 1 0
github.com/openagentsinc/bahia/cmd/cli/main.go:721.25,724.5 2 0
github.com/openagentsinc/bahia/cmd/cli/main.go:725.4,725.28 1 0
github.com/openagentsinc/bahia/cmd/cli/main.go:725.28,727.5 1 0
github.com/openagentsinc/bahia/cmd/cli/main.go:728.4,728.27 1 0
github.com/openagentsinc/bahia/cmd/cli/main.go:728.27,730.5 1 0
github.com/openagentsinc/bahia/cmd/cli/main.go:731.4,731.14 1 0
github.com/openagentsinc/bahia/cmd/cli/main.go:734.2,741.55 3 1
github.com/openagentsinc/bahia/cmd/cli/main.go:741.55,745.101 3 0
github.com/openagentsinc/bahia/cmd/cli/main.go:745.101,747.21 2 0
github.com/openagentsinc/bahia/cmd/cli/main.go:747.21,749.6 1 0
github.com/openagentsinc/bahia/cmd/cli/main.go:750.5,751.27 2 0
github.com/openagentsinc/bahia/cmd/cli/main.go:751.27,753.6 1 0
github.com/openagentsinc/bahia/cmd/cli/main.go:753.11,755.6 1 0
github.com/openagentsinc/bahia/cmd/cli/main.go:756.5,756.59 1 0
github.com/openagentsinc/bahia/cmd/cli/main.go:760.2,763.12 3 1
github.com/openagentsinc/bahia/cmd/cli/main.go:768.40,774.55 2 1
github.com/openagentsinc/bahia/cmd/cli/main.go:774.55,776.18 2 0
github.com/openagentsinc/bahia/cmd/cli/main.go:776.18,778.5 1 0
github.com/openagentsinc/bahia/cmd/cli/main.go:779.4,779.119 1 0
github.com/openagentsinc/bahia/cmd/cli/main.go:779.119,781.18 2 0
github.com/openagentsinc/bahia/cmd/cli/main.go:781.18,783.6 1 0
github.com/openagentsinc/bahia/cmd/cli/main.go:784.5,784.75 1 0
github.com/openagentsinc/bahia/cmd/cli/main.go:789.2,793.55 1 1
github.com/openagentsinc/bahia/cmd/cli/main.go:793.55,795.18 2 0
github.com/openagentsinc/bahia/cmd/cli/main.go:795.18,797.5 1 0
github.com/openagentsinc/bahia/cmd/cli/main.go:798.4,798.31 1 0
github.com/openagentsinc/bahia/cmd/cli/main.go:802.2,805.55 1 1
github.com/openagentsinc/bahia/cmd/cli/main.go:805.55,812.23 6 0
github.com/openagentsinc/bahia/cmd/cli/main.go:812.23,813.69 1 0
github.com/openagentsinc/bahia/cmd/cli/main.go:813.69,815.6 1 0
github.com/openagentsinc/bahia/cmd/cli/main.go:818.4,819.18 2 0
github.com/openagentsinc/bahia/cmd/cli/main.go:819.18,821.5 1 0
github.com/openagentsinc/bahia/cmd/cli/main.go:822.4,823.14 2 0
github.com/openagentsinc/bahia/cmd/cli/main.go:826.2,833.12 7 1
github.com/openagentsinc/bahia/cmd/cli/main.go:838.39,845.55 2 1
github.com/openagentsinc/bahia/cmd/cli/main.go:845.55,847.18 2 0
github.com/openagentsinc/bahia/cmd/cli/main.go:847.18,849.5 1 0
github.com/openagentsinc/bahia/cmd/cli/main.go:850.4,850.117 1 0
github.com/openagentsinc/bahia/cmd/cli/main.go:850.117,852.18 2 0
github.com/openagentsinc/bahia/cmd/cli/main.go:852.18,854.6 1 0
github.com/openagentsinc/bahia/cmd/cli/main.go:855.5,855.89 1 0
github.com/openagentsinc/bahia/cmd/cli/main.go:860.2,864.55 1 1
github.com/openagentsinc/bahia/cmd/cli/main.go:864.55,867.18 3 0
github.com/openagentsinc/bahia/cmd/cli/main.go:867.18,869.5 1 0
github.com/openagentsinc/bahia/cmd/cli/main.go:870.4,871.14 2 0
github.com/openagentsinc/bahia/cmd/cli/main.go:874.2,880.55 2 1
github.com/openagentsinc/bahia/cmd/cli/main.go:880.55,881.82 1 0
github.com/openagentsinc/bahia/cmd/cli/main.go:881.82,883.5 1 0
github.com/openagentsinc/bahia/cmd/cli/main.go:884.4,885.14 2 0
github.com/openagentsinc/bahia/cmd/cli/main.go:889.2,890.12 2 1
github.com/openagentsinc/bahia/cmd/cli/main.go:895.36,901.55 2 1
github.com/openagentsinc/bahia/cmd/cli/main.go:901.55,903.18 2 0
github.com/openagentsinc/bahia/cmd/cli/main.go:903.18,905.5 1 0
github.com/openagentsinc/bahia/cmd/cli/main.go:906.4,906.101 1 0
github.com/openagentsinc/bahia/cmd/cli/main.go:906.101,908.5 1 0
github.com/openagentsinc/bahia/cmd/cli/main.go:912.2,916.55 1 1
github.com/openagentsinc/bahia/cmd/cli/main.go:916.55,918.18 2 0
github.com/openagentsinc/bahia/cmd/cli/main.go:918.18,920.5 1 0
github.com/openagentsinc/bahia/cmd/cli/main.go:921.4,921.28 1 0
github.com/openagentsinc/bahia/cmd/cli/main.go:925.2,929.55 1 1
github.com/openagentsinc/bahia/cmd/cli/main.go:929.55,931.25 2 0
github.com/openagentsinc/bahia/cmd/cli/main.go:931.25,933.5 1 0
github.com/openagentsinc/bahia/cmd/cli/main.go:934.4,935.18 2 0
github.com/openagentsinc/bahia/cmd/cli/main.go:935.18,937.5 1 0
github.com/openagentsinc/bahia/cmd/cli/main.go:938.4,939.14 2 0
github.com/openagentsinc/bahia/cmd/cli/main.go:942.2,951.55 3 1
github.com/openagentsinc/bahia/cmd/cli/main.go:951.55,953.18 2 0
github.com/openagentsinc/bahia/cmd/cli/main.go:953.18,955.5 1 0
github.com/openagentsinc/bahia/cmd/cli/main.go:956.4,956.108 1 0
github.com/openagentsinc/bahia/cmd/cli/main.go:956.108,958.5 1 0
github.com/openagentsinc/bahia/cmd/cli/main.go:962.2,966.55 1 1
github.com/openagentsinc/bahia/cmd/cli/main.go:966.55,969.18 3 0
github.com/openagentsinc/bahia/cmd/cli/main.go:969.18,971.5 1 0
github.com/openagentsinc/bahia/cmd/cli/main.go:972.4,973.14 2 0
github.com/openagentsinc/bahia/cmd/cli/main.go:976.2,982.55 2 1
github.com/openagentsinc/bahia/cmd/cli/main.go:982.55,983.85 1 0
github.com/openagentsinc/bahia/cmd/cli/main.go:983.85,985.5 1 0
github.com/openagentsinc/bahia/cmd/cli/main.go:986.4,987.14 2 0
github.com/openagentsinc/bahia/cmd/cli/main.go:991.2,993.12 3 1
github.com/openagentsinc/bahia/cmd/cli/main.go:998.79,999.22 1 1
github.com/openagentsinc/bahia/cmd/cli/main.go:1000.14,1001.27 1 1
github.com/openagentsinc/bahia/cmd/cli/main.go:1002.14,1003.27 1 0
github.com/openagentsinc/bahia/cmd/cli/main.go:1004.10,1005.44 1 0
github.com/openagentsinc/bahia/cmd/cli/main.go:1009.35,1010.22 1 1
github.com/openagentsinc/bahia/cmd/cli/main.go:1011.14,1012.26 1 1
github.com/openagentsinc/bahia/cmd/cli/main.go:1013.14,1014.26 1 0
github.com/openagentsinc/bahia/cmd/cli/main.go:1015.10,1016.26 1 1
github.com/openagentsinc/bahia/cmd/cli/main.go:1020.84,1023.29 3 0
github.com/openagentsinc/bahia/cmd/cli/main.go:1023.29,1025.3 1 0
github.com/openagentsinc/bahia/cmd/cli/main.go:1026.2,1026.18 1 0
github.com/openagentsinc/bahia/cmd/cli/main.go:1029.30,1033.2 3 1
github.com/openagentsinc/bahia/cmd/cli/main.go:1035.30,1039.2 3 0
github.com/openagentsinc/bahia/cmd/cli/main.go:1041.39,1042.17 1 0
github.com/openagentsinc/bahia/cmd/cli/main.go:1042.17,1044.3 1 0
github.com/openagentsinc/bahia/cmd/cli/main.go:1045.2,1045.24 1 0
github.com/openagentsinc/bahia/cmd/cli/main.go:1048.46,1049.34 1 1
github.com/openagentsinc/bahia/cmd/cli/main.go:1049.34,1051.3 1 0
github.com/openagentsinc/bahia/cmd/cli/main.go:1052.2,1052.12 1 1
github.com/openagentsinc/bahia/cmd/cli/main.go:1057.70,1059.16 2 1
github.com/openagentsinc/bahia/cmd/cli/main.go:1059.16,1061.3 1 0
github.com/openagentsinc/bahia/cmd/cli/main.go:1062.2,1062.21 1 1
github.com/openagentsinc/bahia/cmd/cli/main.go:1062.21,1064.3 1 1
github.com/openagentsinc/bahia/cmd/cli/main.go:1065.2,1065.12 1 1
github.com/openagentsinc/bahia/cmd/cli/main.go:1068.88,1070.29 2 1
github.com/openagentsinc/bahia/cmd/cli/main.go:1070.29,1072.3 1 1
github.com/openagentsinc/bahia/cmd/cli/main.go:1073.2,1073.47 1 1
github.com/openagentsinc/bahia/cmd/cli/main.go:1076.70,1080.37 3 1
github.com/openagentsinc/bahia/cmd/cli/main.go:1080.37,1082.19 2 1
github.com/openagentsinc/bahia/cmd/cli/main.go:1082.19,1085.48 3 1
github.com/openagentsinc/bahia/cmd/cli/main.go:1085.48,1086.49 1 1
github.com/openagentsinc/bahia/cmd/cli/main.go:1086.49,1088.6 1 1
github.com/openagentsinc/bahia/cmd/cli/main.go:1089.5,1089.24 1 1
github.com/openagentsinc/bahia/cmd/cli/main.go:1089.24,1091.6 1 0
github.com/openagentsinc/bahia/cmd/cli/main.go:1092.5,1092.31 1 1
github.com/openagentsinc/bahia/cmd/cli/main.go:1097.2,1099.42 3 1
github.com/openagentsinc/bahia/cmd/cli/main.go:1099.42,1101.3 1 0
github.com/openagentsinc/bahia/cmd/cli/main.go:1102.2,1102.19 1 1
github.com/openagentsinc/bahia/cmd/cli/main.go:1102.19,1104.3 1 0
github.com/openagentsinc/bahia/cmd/cli/main.go:1105.2,1105.27 1 1
github.com/openagentsinc/bahia/cmd/cli/operator_nostr.go:27.99,29.2 1 0
github.com/openagentsinc/bahia/cmd/cli/operator_nostr.go:31.212,33.16 2 1
github.com/openagentsinc/bahia/cmd/cli/operator_nostr.go:33.16,35.3 1 1
github.com/openagentsinc/bahia/cmd/cli/operator_nostr.go:36.2,40.16 4 1
github.com/openagentsinc/bahia/cmd/cli/operator_nostr.go:41.16,42.106 1 0
github.com/openagentsinc/bahia/cmd/cli/operator_nostr.go:43.17,44.95 1 1
github.com/openagentsinc/bahia/cmd/cli/operator_nostr.go:45.14,46.92 1 0
github.com/openagentsinc/bahia/cmd/cli/operator_nostr.go:47.10,48.159 1 0
github.com/openagentsinc/bahia/cmd/cli/operator_nostr.go:50.2,50.16 1 1
github.com/openagentsinc/bahia/cmd/cli/operator_nostr.go:50.16,52.3 1 1
github.com/openagentsinc/bahia/cmd/cli/operator_nostr.go:53.2,53.20 1 1
github.com/openagentsinc/bahia/cmd/cli/operator_nostr.go:56.204,57.19 1 1
github.com/openagentsinc/bahia/cmd/cli/operator_nostr.go:57.19,58.28 1 1
github.com/openagentsinc/bahia/cmd/cli/operator_nostr.go:58.28,60.4 1 1
github.com/openagentsinc/bahia/cmd/cli/operator_nostr.go:61.3,61.33 1 1
github.com/openagentsinc/bahia/cmd/cli/operator_nostr.go:63.2,64.16 2 0
github.com/openagentsinc/bahia/cmd/cli/operator_nostr.go:64.16,66.3 1 0
github.com/openagentsinc/bahia/cmd/cli/operator_nostr.go:67.2,69.16 3 0
github.com/openagentsinc/bahia/cmd/cli/operator_nostr.go:69.16,71.3 1 0
github.com/openagentsinc/bahia/cmd/cli/operator_nostr.go:72.2,72.20 1 0
github.com/openagentsinc/bahia/cmd/cli/operator_nostr.go:75.218,76.19 1 1
github.com/openagentsinc/bahia/cmd/cli/operator_nostr.go:76.19,77.28 1 1
github.com/openagentsinc/bahia/cmd/cli/operator_nostr.go:77.28,79.4 1 1
github.com/openagentsinc/bahia/cmd/cli/operator_nostr.go:80.3,80.33 1 1
github.com/openagentsinc/bahia/cmd/cli/operator_nostr.go:82.2,83.16 2 0
github.com/openagentsinc/bahia/cmd/cli/operator_nostr.go:83.16,85.3 1 0
github.com/openagentsinc/bahia/cmd/cli/operator_nostr.go:86.2,88.16 3 0
github.com/openagentsinc/bahia/cmd/cli/operator_nostr.go:88.16,90.3 1 0
github.com/openagentsinc/bahia/cmd/cli/operator_nostr.go:91.2,91.20 1 0
github.com/openagentsinc/bahia/cmd/cli/operator_nostr.go:94.76,96.16 2 1
github.com/openagentsinc/bahia/cmd/cli/operator_nostr.go:96.16,98.3 1 0
github.com/openagentsinc/bahia/cmd/cli/operator_nostr.go:99.2,99.34 1 1
github.com/openagentsinc/bahia/cmd/cli/operator_nostr.go:99.34,101.3 1 0
github.com/openagentsinc/bahia/cmd/cli/operator_nostr.go:102.2,103.22 2 1
github.com/openagentsinc/bahia/cmd/cli/operator_nostr.go:103.22,105.3 1 1
github.com/openagentsinc/bahia/cmd/cli/operator_nostr.go:106.2,107.16 2 1
github.com/openagentsinc/bahia/cmd/cli/operator_nostr.go:107.16,109.3 1 0
github.com/openagentsinc/bahia/cmd/cli/operator_nostr.go:110.2,111.16 2 1
github.com/openagentsinc/bahia/cmd/cli/operator_nostr.go:111.16,113.3 1 1
github.com/openagentsinc/bahia/cmd/cli/operator_nostr.go:114.2,114.16 1 1
github.com/openagentsinc/bahia/cmd/cli/operator_nostr.go:117.116,118.37 1 1
github.com/openagentsinc/bahia/cmd/cli/operator_nostr.go:118.37,120.45 2 1
github.com/openagentsinc/bahia/cmd/cli/operator_nostr.go:120.45,122.24 2 1
github.com/openagentsinc/bahia/cmd/cli/operator_nostr.go:122.24,124.5 1 0
github.com/openagentsinc/bahia/cmd/cli/operator_nostr.go:125.4,125.22 1 1
github.com/openagentsinc/bahia/cmd/cli/operator_nostr.go:129.2,129.110 1 1
github.com/openagentsinc/bahia/cmd/cli/operator_nostr.go:129.110,131.3 1 1
github.com/openagentsinc/bahia/cmd/cli/operator_nostr.go:133.2,133.23 1 1
github.com/openagentsinc/bahia/cmd/cli/operator_nostr.go:133.23,135.3 1 0
github.com/openagentsinc/bahia/cmd/cli/operator_nostr.go:136.2,137.16 2 1
github.com/openagentsinc/bahia/cmd/cli/operator_nostr.go:137.16,139.3 1 0
github.com/openagentsinc/bahia/cmd/cli/operator_nostr.go:140.2,141.17 2 1
github.com/openagentsinc/bahia/cmd/cli/operator_nostr.go:141.17,143.34 2 1
github.com/openagentsinc/bahia/cmd/cli/operator_nostr.go:143.34,145.4 1 1
github.com/openagentsinc/bahia/cmd/cli/operator_nostr.go:147.2,148.22 2 1
github.com/openagentsinc/bahia/cmd/cli/operator_nostr.go:148.22,150.3 1 0
github.com/openagentsinc/bahia/cmd/cli/operator_nostr.go:151.2,151.20 1 1
github.com/openagentsinc/bahia/cmd/cli/operator_nostr.go:154.51,157.31 3 1
github.com/openagentsinc/bahia/cmd/cli/operator_nostr.go:157.31,158.51 1 1
github.com/openagentsinc/bahia/cmd/cli/operator_nostr.go:158.51,160.19 2 1
github.com/openagentsinc/bahia/cmd/cli/operator_nostr.go:160.19,161.13 1 1
github.com/openagentsinc/bahia/cmd/cli/operator_nostr.go:163.4,164.38 2 1
github.com/openagentsinc/bahia/cmd/cli/operator_nostr.go:164.38,165.13 1 1
github.com/openagentsinc/bahia/cmd/cli/operator_nostr.go:167.4,168.28 2 1
github.com/openagentsinc/bahia/cmd/cli/operator_nostr.go:171.2,171.12 1 1
github.com/openagentsinc/bahia/cmd/cli/operator_nostr.go:174.114,176.86 2 1
github.com/openagentsinc/bahia/cmd/cli/operator_nostr.go:176.86,178.3 1 1
github.com/openagentsinc/bahia/cmd/cli/operator_nostr.go:179.2,179.43 1 1
github.com/openagentsinc/bahia/cmd/cli/operator_nostr.go:179.43,181.3 1 1
github.com/openagentsinc/bahia/cmd/cli/operator_nostr.go:182.2,182.32 1 1
github.com/openagentsinc/bahia/cmd/cli/operator_nostr.go:185.53,188.2 2 1
github.com/openagentsinc/bahia/cmd/cli/operator_nostr.go:190.96,191.29 1 1
github.com/openagentsinc/bahia/cmd/cli/operator_nostr.go:191.29,193.3 1 1
github.com/openagentsinc/bahia/cmd/cli/operator_nostr.go:194.2,194.49 1 1
github.com/openagentsinc/bahia/cmd/cli/operator_nostr.go:194.49,196.20 2 1
github.com/openagentsinc/bahia/cmd/cli/operator_nostr.go:196.20,198.4 1 0
github.com/openagentsinc/bahia/cmd/cli/operator_nostr.go:199.3,199.20 1 1
github.com/openagentsinc/bahia/cmd/cli/operator_nostr.go:199.20,201.4 1 0
github.com/openagentsinc/bahia/cmd/cli/operator_nostr.go:202.3,202.65 1 1
github.com/openagentsinc/bahia/cmd/cli/operator_nostr.go:206.45,208.2 1 1
github.com/openagentsinc/bahia/cmd/cli/operator_nostr.go:210.34,211.60 1 1
github.com/openagentsinc/bahia/cmd/cli/operator_nostr.go:212.37,213.14 1 0
github.com/openagentsinc/bahia/cmd/cli/operator_nostr.go:214.10,215.15 1 1
github.com/openagentsinc/bahia/cmd/cli/soulfactory.go:60.102,62.2 1 0
github.com/openagentsinc/bahia/cmd/cli/soulfactory.go:64.43,84.2 3 1
github.com/openagentsinc/bahia/cmd/cli/soulfactory.go:86.40,93.55 3 1
github.com/openagentsinc/bahia/cmd/cli/soulfactory.go:93.55,95.18 2 1
github.com/openagentsinc/bahia/cmd/cli/soulfactory.go:95.18,97.5 1 0
github.com/openagentsinc/bahia/cmd/cli/soulfactory.go:98.4,101.18 3 1
github.com/openagentsinc/bahia/cmd/cli/soulfactory.go:101.18,103.5 1 0
github.com/openagentsinc/bahia/cmd/cli/soulfactory.go:104.4,105.31 2 1
github.com/openagentsinc/bahia/cmd/cli/soulfactory.go:105.31,107.5 1 1
github.com/openagentsinc/bahia/cmd/cli/soulfactory.go:108.4,108.113 1 1
github.com/openagentsinc/bahia/cmd/cli/soulfactory.go:108.113,110.5 1 0
github.com/openagentsinc/bahia/cmd/cli/soulfactory.go:114.2,117.12 3 1
github.com/openagentsinc/bahia/cmd/cli/soulfactory.go:120.39,125.55 1 1
github.com/openagentsinc/bahia/cmd/cli/soulfactory.go:125.55,127.18 2 1
github.com/openagentsinc/bahia/cmd/cli/soulfactory.go:127.18,129.5 1 0
github.com/openagentsinc/bahia/cmd/cli/soulfactory.go:130.4,133.18 3 1
github.com/openagentsinc/bahia/cmd/cli/soulfactory.go:133.18,135.5 1 0
github.com/openagentsinc/bahia/cmd/cli/soulfactory.go:136.4,136.19 1 1
github.com/openagentsinc/bahia/cmd/cli/soulfactory.go:136.19,138.5 1 0
github.com/openagentsinc/bahia/cmd/cli/soulfactory.go:139.4,139.29 1 1
github.com/openagentsinc/bahia/cmd/cli/soulfactory.go:144.45,159.55 2 1
github.com/openagentsinc/bahia/cmd/cli/soulfactory.go:159.55,162.23 2 1
github.com/openagentsinc/bahia/cmd/cli/soulfactory.go:162.23,164.19 2 0
github.com/openagentsinc/bahia/cmd/cli/soulfactory.go:164.19,166.6 1 0
github.com/openagentsinc/bahia/cmd/cli/soulfactory.go:167.5,167.25 1 0
github.com/openagentsinc/bahia/cmd/cli/soulfactory.go:170.4,170.37 1 1
github.com/openagentsinc/bahia/cmd/cli/soulfactory.go:170.37,172.5 1 0
github.com/openagentsinc/bahia/cmd/cli/soulfactory.go:173.4,173.18 1 1
github.com/openagentsinc/bahia/cmd/cli/soulfactory.go:173.18,175.5 1 0
github.com/openagentsinc/bahia/cmd/cli/soulfactory.go:176.4,176.18 1 1
github.com/openagentsinc/bahia/cmd/cli/soulfactory.go:176.18,178.5 1 0
github.com/openagentsinc/bahia/cmd/cli/soulfactory.go:180.4,181.18 2 1
github.com/openagentsinc/bahia/cmd/cli/soulfactory.go:181.18,183.5 1 0
github.com/openagentsinc/bahia/cmd/cli/soulfactory.go:184.4,193.18 3 1
github.com/openagentsinc/bahia/cmd/cli/soulfactory.go:193.18,195.5 1 0
github.com/openagentsinc/bahia/cmd/cli/soulfactory.go:196.4,196.15 1 1
github.com/openagentsinc/bahia/cmd/cli/soulfactory.go:196.15,198.5 1 0
github.com/openagentsinc/bahia/cmd/cli/soulfactory.go:200.4,201.18 2 1
github.com/openagentsinc/bahia/cmd/cli/soulfactory.go:201.18,203.5 1 0
github.com/openagentsinc/bahia/cmd/cli/soulfactory.go:204.4,204.31 1 1
github.com/openagentsinc/bahia/cmd/cli/soulfactory.go:204.31,205.45 1 1
github.com/openagentsinc/bahia/cmd/cli/soulfactory.go:205.45,207.6 1 0
github.com/openagentsinc/bahia/cmd/cli/soulfactory.go:209.4,209.56 1 1
github.com/openagentsinc/bahia/cmd/cli/soulfactory.go:209.56,211.5 1 0
github.com/openagentsinc/bahia/cmd/cli/soulfactory.go:212.4,212.31 1 1
github.com/openagentsinc/bahia/cmd/cli/soulfactory.go:212.31,214.5 1 0
github.com/openagentsinc/bahia/cmd/cli/soulfactory.go:215.4,216.14 2 1
github.com/openagentsinc/bahia/cmd/cli/soulfactory.go:220.2,228.12 8 1
github.com/openagentsinc/bahia/cmd/cli/soulfactory.go:231.43,238.55 2 1
github.com/openagentsinc/bahia/cmd/cli/soulfactory.go:238.55,240.4 1 1
github.com/openagentsinc/bahia/cmd/cli/soulfactory.go:243.2,245.12 2 1
github.com/openagentsinc/bahia/cmd/cli/soulfactory.go:248.42,253.55 1 1
github.com/openagentsinc/bahia/cmd/cli/soulfactory.go:253.55,255.4 1 0
github.com/openagentsinc/bahia/cmd/cli/soulfactory.go:259.42,267.55 3 1
github.com/openagentsinc/bahia/cmd/cli/soulfactory.go:267.55,269.14 2 0
github.com/openagentsinc/bahia/cmd/cli/soulfactory.go:269.14,274.27 5 0
github.com/openagentsinc/bahia/cmd/cli/soulfactory.go:274.27,276.6 1 0
github.com/openagentsinc/bahia/cmd/cli/soulfactory.go:278.4,278.82 1 0
github.com/openagentsinc/bahia/cmd/cli/soulfactory.go:282.2,285.12 3 1
github.com/openagentsinc/bahia/cmd/cli/soulfactory.go:288.44,293.55 1 1
github.com/openagentsinc/bahia/cmd/cli/soulfactory.go:293.55,295.4 1 0
github.com/openagentsinc/bahia/cmd/cli/soulfactory.go:299.46,307.55 3 1
github.com/openagentsinc/bahia/cmd/cli/soulfactory.go:307.55,308.23 1 1
github.com/openagentsinc/bahia/cmd/cli/soulfactory.go:308.23,310.19 2 0
github.com/openagentsinc/bahia/cmd/cli/soulfactory.go:310.19,312.6 1 0
github.com/openagentsinc/bahia/cmd/cli/soulfactory.go:313.5,313.25 1 0
github.com/openagentsinc/bahia/cmd/cli/soulfactory.go:315.4,315.19 1 1
github.com/openagentsinc/bahia/cmd/cli/soulfactory.go:315.19,317.5 1 0
github.com/openagentsinc/bahia/cmd/cli/soulfactory.go:318.4,318.85 1 1
github.com/openagentsinc/bahia/cmd/cli/soulfactory.go:322.2,325.12 3 1
github.com/openagentsinc/bahia/cmd/cli/soulfactory.go:328.40,339.55 4 1
github.com/openagentsinc/bahia/cmd/cli/soulfactory.go:339.55,341.18 2 0
github.com/openagentsinc/bahia/cmd/cli/soulfactory.go:341.18,343.5 1 0
github.com/openagentsinc/bahia/cmd/cli/soulfactory.go:344.4,347.18 3 0
github.com/openagentsinc/bahia/cmd/cli/soulfactory.go:347.18,349.5 1 0
github.com/openagentsinc/bahia/cmd/cli/soulfactory.go:350.4,351.35 2 0
github.com/openagentsinc/bahia/cmd/cli/soulfactory.go:351.35,353.5 1 0
github.com/openagentsinc/bahia/cmd/cli/soulfactory.go:354.4,354.106 1 0
github.com/openagentsinc/bahia/cmd/cli/soulfactory.go:354.106,356.5 1 0
github.com/openagentsinc/bahia/cmd/cli/soulfactory.go:359.2,366.55 3 1
github.com/openagentsinc/bahia/cmd/cli/soulfactory.go:366.55,368.18 2 1
github.com/openagentsinc/bahia/cmd/cli/soulfactory.go:368.18,370.5 1 0
github.com/openagentsinc/bahia/cmd/cli/soulfactory.go:371.4,374.18 3 1
github.com/openagentsinc/bahia/cmd/cli/soulfactory.go:374.18,376.5 1 0
github.com/openagentsinc/bahia/cmd/cli/soulfactory.go:377.4,377.35 1 1
github.com/openagentsinc/bahia/cmd/cli/soulfactory.go:377.35,378.35 1 1
github.com/openagentsinc/bahia/cmd/cli/soulfactory.go:378.35,380.6 1 1
github.com/openagentsinc/bahia/cmd/cli/soulfactory.go:382.4,382.56 1 0
github.com/openagentsinc/bahia/cmd/cli/soulfactory.go:386.2,387.12 2 1
github.com/openagentsinc/bahia/cmd/cli/soulfactory.go:390.82,392.16 2 1
github.com/openagentsinc/bahia/cmd/cli/soulfactory.go:392.16,394.3 1 0
github.com/openagentsinc/bahia/cmd/cli/soulfactory.go:395.2,395.34 1 1
github.com/openagentsinc/bahia/cmd/cli/soulfactory.go:395.34,397.3 1 0
github.com/openagentsinc/bahia/cmd/cli/soulfactory.go:398.2,399.22 2 1
github.com/openagentsinc/bahia/cmd/cli/soulfactory.go:399.22,401.3 1 0
github.com/openagentsinc/bahia/cmd/cli/soulfactory.go:402.2,403.16 2 1
github.com/openagentsinc/bahia/cmd/cli/soulfactory.go:403.16,405.3 1 0
github.com/openagentsinc/bahia/cmd/cli/soulfactory.go:406.2,406.45 1 1
github.com/openagentsinc/bahia/cmd/cli/soulfactory.go:409.95,410.29 1 1
github.com/openagentsinc/bahia/cmd/cli/soulfactory.go:410.29,412.3 1 1
github.com/openagentsinc/bahia/cmd/cli/soulfactory.go:413.2,413.57 1 0
github.com/openagentsinc/bahia/cmd/cli/soulfactory.go:413.57,415.20 2 0
github.com/openagentsinc/bahia/cmd/cli/soulfactory.go:415.20,417.4 1 0
github.com/openagentsinc/bahia/cmd/cli/soulfactory.go:418.3,418.20 1 0
github.com/openagentsinc/bahia/cmd/cli/soulfactory.go:418.20,420.4 1 0
github.com/openagentsinc/bahia/cmd/cli/soulfactory.go:421.3,421.68 1 0
github.com/openagentsinc/bahia/cmd/cli/soulfactory.go:425.124,427.16 2 1
github.com/openagentsinc/bahia/cmd/cli/soulfactory.go:427.16,429.3 1 0
github.com/openagentsinc/bahia/cmd/cli/soulfactory.go:430.2,433.16 3 1
github.com/openagentsinc/bahia/cmd/cli/soulfactory.go:433.16,435.3 1 0
github.com/openagentsinc/bahia/cmd/cli/soulfactory.go:436.2,436.17 1 1
github.com/openagentsinc/bahia/cmd/cli/soulfactory.go:436.17,438.3 1 0
github.com/openagentsinc/bahia/cmd/cli/soulfactory.go:440.2,441.16 2 1
github.com/openagentsinc/bahia/cmd/cli/soulfactory.go:441.16,443.3 1 0
github.com/openagentsinc/bahia/cmd/cli/soulfactory.go:444.2,444.40 1 1
github.com/openagentsinc/bahia/cmd/cli/soulfactory.go:444.40,446.3 1 0
github.com/openagentsinc/bahia/cmd/cli/soulfactory.go:447.2,453.4 1 1
github.com/openagentsinc/bahia/cmd/cli/soulfactory.go:456.52,458.2 1 1
github.com/openagentsinc/bahia/cmd/cli/soulfactory.go:460.69,462.19 2 0
github.com/openagentsinc/bahia/cmd/cli/soulfactory.go:462.19,464.49 2 0
github.com/openagentsinc/bahia/cmd/cli/soulfactory.go:464.49,465.45 1 0
github.com/openagentsinc/bahia/cmd/cli/soulfactory.go:465.45,467.5 1 0
github.com/openagentsinc/bahia/cmd/cli/soulfactory.go:467.10,467.54 1 0
github.com/openagentsinc/bahia/cmd/cli/soulfactory.go:467.54,469.5 1 0
github.com/openagentsinc/bahia/cmd/cli/soulfactory.go:472.2,473.53 2 0
github.com/openagentsinc/bahia/cmd/cli/soulfactory.go:476.44,478.19 2 1
github.com/openagentsinc/bahia/cmd/cli/soulfactory.go:478.19,480.3 1 0
github.com/openagentsinc/bahia/cmd/cli/soulfactory.go:481.2,482.66 2 1
github.com/openagentsinc/bahia/cmd/cli/soulfactory.go:482.66,484.3 1 0
github.com/openagentsinc/bahia/cmd/cli/soulfactory.go:485.2,485.16 1 1
github.com/openagentsinc/bahia/cmd/cli/soulfactory.go:488.56,489.27 1 1
github.com/openagentsinc/bahia/cmd/cli/soulfactory.go:489.27,490.37 1 1
github.com/openagentsinc/bahia/cmd/cli/soulfactory.go:490.37,492.4 1 1
github.com/openagentsinc/bahia/cmd/cli/soulfactory.go:494.2,494.11 1 0
github.com/openagentsinc/bahia/cmd/cli/soulfactory.go:497.44,509.2 1 1
github.com/openagentsinc/bahia/cmd/cli/soulfactory.go:511.59,519.2 1 0
github.com/openagentsinc/bahia/cmd/cli/soulfactory.go:521.104,529.20 2 0
github.com/openagentsinc/bahia/cmd/cli/soulfactory.go:529.20,531.3 1 0
github.com/openagentsinc/bahia/cmd/cli/soulfactory.go:533.2,541.3 3 0
github.com/openagentsinc/bahia/internal/soulfactory/bahia_integration.go:32.140,38.37 2 1
github.com/openagentsinc/bahia/internal/soulfactory/bahia_integration.go:38.37,40.17 2 1
github.com/openagentsinc/bahia/internal/soulfactory/bahia_integration.go:40.17,42.4 1 0
github.com/openagentsinc/bahia/internal/soulfactory/bahia_integration.go:43.3,43.24 1 1
github.com/openagentsinc/bahia/internal/soulfactory/bahia_integration.go:46.2,46.16 1 1
github.com/openagentsinc/bahia/internal/soulfactory/bahia_integration.go:51.115,67.60 4 1
github.com/openagentsinc/bahia/internal/soulfactory/bahia_integration.go:67.60,69.3 1 0
github.com/openagentsinc/bahia/internal/soulfactory/bahia_integration.go:71.2,76.20 2 1
github.com/openagentsinc/bahia/internal/soulfactory/bahia_integration.go:81.153,84.31 2 1
github.com/openagentsinc/bahia/internal/soulfactory/bahia_integration.go:84.31,87.3 2 0
github.com/openagentsinc/bahia/internal/soulfactory/bahia_integration.go:88.2,89.16 2 1
github.com/openagentsinc/bahia/internal/soulfactory/bahia_integration.go:89.16,91.3 1 0
github.com/openagentsinc/bahia/internal/soulfactory/bahia_integration.go:92.2,92.16 1 1
github.com/openagentsinc/bahia/internal/soulfactory/bahia_integration.go:92.16,94.3 1 0
github.com/openagentsinc/bahia/internal/soulfactory/bahia_integration.go:96.2,111.62 2 1
github.com/openagentsinc/bahia/internal/soulfactory/bahia_integration.go:111.62,113.3 1 0
github.com/openagentsinc/bahia/internal/soulfactory/bahia_integration.go:115.2,134.68 2 1
github.com/openagentsinc/bahia/internal/soulfactory/bahia_integration.go:134.68,136.3 1 0
github.com/openagentsinc/bahia/internal/soulfactory/bahia_integration.go:139.2,157.72 2 1
github.com/openagentsinc/bahia/internal/soulfactory/bahia_integration.go:157.72,159.3 1 0
github.com/openagentsinc/bahia/internal/soulfactory/bahia_integration.go:161.2,166.20 2 1
github.com/openagentsinc/bahia/internal/soulfactory/bahia_integration.go:171.105,172.32 1 1
github.com/openagentsinc/bahia/internal/soulfactory/bahia_integration.go:172.32,174.3 1 0
github.com/openagentsinc/bahia/internal/soulfactory/bahia_integration.go:176.2,178.31 2 1
github.com/openagentsinc/bahia/internal/soulfactory/bahia_integration.go:178.31,180.3 1 0
github.com/openagentsinc/bahia/internal/soulfactory/bahia_integration.go:183.2,184.16 2 1
github.com/openagentsinc/bahia/internal/soulfactory/bahia_integration.go:184.16,186.3 1 0
github.com/openagentsinc/bahia/internal/soulfactory/bahia_integration.go:188.2,188.18 1 1
github.com/openagentsinc/bahia/internal/soulfactory/bahia_integration.go:188.18,190.3 1 0
github.com/openagentsinc/bahia/internal/soulfactory/bahia_integration.go:193.2,194.9 2 1
github.com/openagentsinc/bahia/internal/soulfactory/bahia_integration.go:195.53,196.28 1 1
github.com/openagentsinc/bahia/internal/soulfactory/bahia_integration.go:197.56,198.29 1 1
github.com/openagentsinc/bahia/internal/soulfactory/bahia_integration.go:199.54,200.27 1 0
github.com/openagentsinc/bahia/internal/soulfactory/bahia_integration.go:201.10,202.27 1 0
github.com/openagentsinc/bahia/internal/soulfactory/bahia_integration.go:206.2,206.39 1 1
github.com/openagentsinc/bahia/internal/soulfactory/bahia_integration.go:206.39,208.17 2 1
github.com/openagentsinc/bahia/internal/soulfactory/bahia_integration.go:208.17,210.4 1 0
github.com/openagentsinc/bahia/internal/soulfactory/bahia_integration.go:210.9,210.24 1 1
github.com/openagentsinc/bahia/internal/soulfactory/bahia_integration.go:210.24,211.28 1 1
github.com/openagentsinc/bahia/internal/soulfactory/bahia_integration.go:212.36,213.35 1 0
github.com/openagentsinc/bahia/internal/soulfactory/bahia_integration.go:213.35,215.6 1 0
github.com/openagentsinc/bahia/internal/soulfactory/bahia_integration.go:216.38,217.31 1 0
github.com/openagentsinc/bahia/internal/soulfactory/bahia_integration.go:218.36,219.29 1 1
github.com/openagentsinc/bahia/internal/soulfactory/bahia_integration.go:224.2,225.26 2 1
github.com/openagentsinc/bahia/internal/soulfactory/bahia_integration.go:229.132,230.32 1 1
github.com/openagentsinc/bahia/internal/soulfactory/bahia_integration.go:230.32,233.3 2 0
github.com/openagentsinc/bahia/internal/soulfactory/bahia_integration.go:235.2,238.16 3 1
github.com/openagentsinc/bahia/internal/soulfactory/bahia_integration.go:239.32,240.41 1 1
github.com/openagentsinc/bahia/internal/soulfactory/bahia_integration.go:241.31,242.40 1 1
github.com/openagentsinc/bahia/internal/soulfactory/bahia_integration.go:243.31,244.40 1 1
github.com/openagentsinc/bahia/internal/soulfactory/bahia_integration.go:245.33,246.37 1 1
github.com/openagentsinc/bahia/internal/soulfactory/bahia_integration.go:247.10,249.13 2 0
github.com/openagentsinc/bahia/internal/soulfactory/bahia_integration.go:254.98,256.2 1 1
github.com/openagentsinc/bahia/internal/soulfactory/bahia_integration.go:259.97,262.2 2 1
github.com/openagentsinc/bahia/internal/soulfactory/bahia_integration.go:265.97,267.2 1 1
github.com/openagentsinc/bahia/internal/soulfactory/bahia_integration.go:270.94,273.31 2 1
github.com/openagentsinc/bahia/internal/soulfactory/bahia_integration.go:273.31,276.3 2 0
github.com/openagentsinc/bahia/internal/soulfactory/bahia_integration.go:278.2,279.16 2 1
github.com/openagentsinc/bahia/internal/soulfactory/bahia_integration.go:279.16,281.3 1 0
github.com/openagentsinc/bahia/internal/soulfactory/bahia_integration.go:283.2,284.12 2 1
github.com/openagentsinc/bahia/internal/soulfactory/bahia_integration.go:287.158,288.32 1 1
github.com/openagentsinc/bahia/internal/soulfactory/bahia_integration.go:288.32,290.3 1 0
github.com/openagentsinc/bahia/internal/soulfactory/bahia_integration.go:291.2,291.31 1 1
github.com/openagentsinc/bahia/internal/soulfactory/bahia_integration.go:291.31,293.3 1 0
github.com/openagentsinc/bahia/internal/soulfactory/bahia_integration.go:295.2,296.16 2 1
github.com/openagentsinc/bahia/internal/soulfactory/bahia_integration.go:296.16,298.3 1 0
github.com/openagentsinc/bahia/internal/soulfactory/bahia_integration.go:299.2,299.52 1 1
github.com/openagentsinc/bahia/internal/soulfactory/bahia_integration.go:299.52,301.3 1 0
github.com/openagentsinc/bahia/internal/soulfactory/bahia_integration.go:303.2,322.72 2 1
github.com/openagentsinc/bahia/internal/soulfactory/bahia_integration.go:322.72,324.3 1 0
github.com/openagentsinc/bahia/internal/soulfactory/bahia_integration.go:325.2,325.20 1 1
github.com/openagentsinc/bahia/internal/soulfactory/bahia_integration.go:328.153,329.32 1 1
github.com/openagentsinc/bahia/internal/soulfactory/bahia_integration.go:329.32,331.3 1 0
github.com/openagentsinc/bahia/internal/soulfactory/bahia_integration.go:332.2,332.31 1 1
github.com/openagentsinc/bahia/internal/soulfactory/bahia_integration.go:332.31,334.3 1 0
github.com/openagentsinc/bahia/internal/soulfactory/bahia_integration.go:336.2,339.16 4 1
github.com/openagentsinc/bahia/internal/soulfactory/bahia_integration.go:339.16,341.3 1 0
github.com/openagentsinc/bahia/internal/soulfactory/bahia_integration.go:342.2,342.52 1 1
github.com/openagentsinc/bahia/internal/soulfactory/bahia_integration.go:342.52,344.17 2 1
github.com/openagentsinc/bahia/internal/soulfactory/bahia_integration.go:344.17,346.4 1 0
github.com/openagentsinc/bahia/internal/soulfactory/bahia_integration.go:347.3,347.22 1 1
github.com/openagentsinc/bahia/internal/soulfactory/bahia_integration.go:347.22,350.4 2 1
github.com/openagentsinc/bahia/internal/soulfactory/bahia_integration.go:353.2,368.64 2 1
github.com/openagentsinc/bahia/internal/soulfactory/bahia_integration.go:368.64,370.3 1 0
github.com/openagentsinc/bahia/internal/soulfactory/bahia_integration.go:371.2,371.12 1 1
github.com/openagentsinc/bahia/internal/soulfactory/bahia_integration.go:375.85,376.14 1 1
github.com/openagentsinc/bahia/internal/soulfactory/bahia_integration.go:377.34,378.34 1 0
github.com/openagentsinc/bahia/internal/soulfactory/bahia_integration.go:379.31,380.35 1 1
github.com/openagentsinc/bahia/internal/soulfactory/bahia_integration.go:381.28,382.31 1 0
github.com/openagentsinc/bahia/internal/soulfactory/bahia_integration.go:383.10,384.34 1 0
github.com/openagentsinc/bahia/internal/soulfactory/bahia_integration.go:390.92,395.16 3 0
github.com/openagentsinc/bahia/internal/soulfactory/bahia_integration.go:395.16,397.3 1 0
github.com/openagentsinc/bahia/internal/soulfactory/bahia_integration.go:398.2,398.21 1 0
github.com/openagentsinc/bahia/internal/soulfactory/bahia_integration.go:398.21,401.3 2 0
github.com/openagentsinc/bahia/internal/soulfactory/bahia_integration.go:404.2,417.64 2 0
github.com/openagentsinc/bahia/internal/soulfactory/bahia_integration.go:417.64,419.3 1 0
github.com/openagentsinc/bahia/internal/soulfactory/bahia_integration.go:421.2,423.20 3 0
github.com/openagentsinc/bahia/internal/soulfactory/errors.go:28.146,30.2 1 1
github.com/openagentsinc/bahia/internal/soulfactory/errors.go:32.89,34.2 1 0
github.com/openagentsinc/bahia/internal/soulfactory/errors.go:36.80,38.2 1 0
github.com/openagentsinc/bahia/internal/soulfactory/errors.go:40.88,42.2 1 0
github.com/openagentsinc/bahia/internal/soulfactory/errors.go:44.92,46.2 1 0
github.com/openagentsinc/bahia/internal/soulfactory/errors.go:48.82,50.2 1 0
github.com/openagentsinc/bahia/internal/soulfactory/lifecycle_handler.go:30.21,37.2 1 1
github.com/openagentsinc/bahia/internal/soulfactory/lifecycle_handler.go:40.88,45.16 3 1
github.com/openagentsinc/bahia/internal/soulfactory/lifecycle_handler.go:45.16,47.3 1 1
github.com/openagentsinc/bahia/internal/soulfactory/lifecycle_handler.go:49.2,58.16 4 1
github.com/openagentsinc/bahia/internal/soulfactory/lifecycle_handler.go:58.16,60.3 1 0
github.com/openagentsinc/bahia/internal/soulfactory/lifecycle_handler.go:61.2,61.17 1 1
github.com/openagentsinc/bahia/internal/soulfactory/lifecycle_handler.go:61.17,63.3 1 0
github.com/openagentsinc/bahia/internal/soulfactory/lifecycle_handler.go:66.2,66.41 1 1
github.com/openagentsinc/bahia/internal/soulfactory/lifecycle_handler.go:66.41,69.3 1 1
github.com/openagentsinc/bahia/internal/soulfactory/lifecycle_handler.go:72.2,72.23 1 1
github.com/openagentsinc/bahia/internal/soulfactory/lifecycle_handler.go:73.32,74.44 1 1
github.com/openagentsinc/bahia/internal/soulfactory/lifecycle_handler.go:75.31,76.43 1 0
github.com/openagentsinc/bahia/internal/soulfactory/lifecycle_handler.go:77.31,78.43 1 0
github.com/openagentsinc/bahia/internal/soulfactory/lifecycle_handler.go:79.35,80.47 1 1
github.com/openagentsinc/bahia/internal/soulfactory/lifecycle_handler.go:81.33,82.45 1 0
github.com/openagentsinc/bahia/internal/soulfactory/lifecycle_handler.go:83.10,84.57 1 0
github.com/openagentsinc/bahia/internal/soulfactory/lifecycle_handler.go:89.120,90.31 1 1
github.com/openagentsinc/bahia/internal/soulfactory/lifecycle_handler.go:90.31,91.103 1 0
github.com/openagentsinc/bahia/internal/soulfactory/lifecycle_handler.go:91.103,93.4 1 0
github.com/openagentsinc/bahia/internal/soulfactory/lifecycle_handler.go:96.2,96.28 1 1
github.com/openagentsinc/bahia/internal/soulfactory/lifecycle_handler.go:96.28,97.78 1 1
github.com/openagentsinc/bahia/internal/soulfactory/lifecycle_handler.go:97.78,99.4 1 0
github.com/openagentsinc/bahia/internal/soulfactory/lifecycle_handler.go:102.2,107.83 5 1
github.com/openagentsinc/bahia/internal/soulfactory/lifecycle_handler.go:107.83,109.3 1 0
github.com/openagentsinc/bahia/internal/soulfactory/lifecycle_handler.go:112.2,112.61 1 1
github.com/openagentsinc/bahia/internal/soulfactory/lifecycle_handler.go:116.119,117.47 1 0
github.com/openagentsinc/bahia/internal/soulfactory/lifecycle_handler.go:117.47,119.3 1 0
github.com/openagentsinc/bahia/internal/soulfactory/lifecycle_handler.go:121.2,121.31 1 0
github.com/openagentsinc/bahia/internal/soulfactory/lifecycle_handler.go:121.31,122.102 1 0
github.com/openagentsinc/bahia/internal/soulfactory/lifecycle_handler.go:122.102,124.4 1 0
github.com/openagentsinc/bahia/internal/soulfactory/lifecycle_handler.go:127.2,127.28 1 0
github.com/openagentsinc/bahia/internal/soulfactory/lifecycle_handler.go:127.28,128.77 1 0
github.com/openagentsinc/bahia/internal/soulfactory/lifecycle_handler.go:128.77,130.4 1 0
github.com/openagentsinc/bahia/internal/soulfactory/lifecycle_handler.go:133.2,137.69 4 0
github.com/openagentsinc/bahia/internal/soulfactory/lifecycle_handler.go:137.69,139.3 1 0
github.com/openagentsinc/bahia/internal/soulfactory/lifecycle_handler.go:141.2,141.61 1 0
github.com/openagentsinc/bahia/internal/soulfactory/lifecycle_handler.go:145.119,146.31 1 0
github.com/openagentsinc/bahia/internal/soulfactory/lifecycle_handler.go:146.31,147.102 1 0
github.com/openagentsinc/bahia/internal/soulfactory/lifecycle_handler.go:147.102,149.4 1 0
github.com/openagentsinc/bahia/internal/soulfactory/lifecycle_handler.go:152.2,152.28 1 0
github.com/openagentsinc/bahia/internal/soulfactory/lifecycle_handler.go:152.28,153.77 1 0
github.com/openagentsinc/bahia/internal/soulfactory/lifecycle_handler.go:153.77,155.4 1 0
github.com/openagentsinc/bahia/internal/soulfactory/lifecycle_handler.go:158.2,164.55 5 0
github.com/openagentsinc/bahia/internal/soulfactory/lifecycle_handler.go:164.55,166.3 1 0
github.com/openagentsinc/bahia/internal/soulfactory/lifecycle_handler.go:169.2,169.81 1 0
github.com/openagentsinc/bahia/internal/soulfactory/lifecycle_handler.go:169.81,171.3 1 0
github.com/openagentsinc/bahia/internal/soulfactory/lifecycle_handler.go:173.2,173.61 1 0
github.com/openagentsinc/bahia/internal/soulfactory/lifecycle_handler.go:177.123,180.27 2 1
github.com/openagentsinc/bahia/internal/soulfactory/lifecycle_handler.go:180.27,182.3 1 1
github.com/openagentsinc/bahia/internal/soulfactory/lifecycle_handler.go:185.2,191.16 2 1
github.com/openagentsinc/bahia/internal/soulfactory/lifecycle_handler.go:191.16,193.3 1 0
github.com/openagentsinc/bahia/internal/soulfactory/lifecycle_handler.go:196.2,208.63 7 1
github.com/openagentsinc/bahia/internal/soulfactory/lifecycle_handler.go:208.63,210.3 1 0
github.com/openagentsinc/bahia/internal/soulfactory/lifecycle_handler.go:212.2,215.4 1 1
github.com/openagentsinc/bahia/internal/soulfactory/lifecycle_handler.go:219.121,220.44 1 0
github.com/openagentsinc/bahia/internal/soulfactory/lifecycle_handler.go:220.44,222.3 1 0
github.com/openagentsinc/bahia/internal/soulfactory/lifecycle_handler.go:225.2,225.31 1 0
github.com/openagentsinc/bahia/internal/soulfactory/lifecycle_handler.go:225.31,226.104 1 0
github.com/openagentsinc/bahia/internal/soulfactory/lifecycle_handler.go:226.104,228.4 1 0
github.com/openagentsinc/bahia/internal/soulfactory/lifecycle_handler.go:230.2,234.4 2 0
github.com/openagentsinc/bahia/internal/soulfactory/lifecycle_handler.go:238.88,246.33 2 1
github.com/openagentsinc/bahia/internal/soulfactory/lifecycle_handler.go:246.33,247.19 1 1
github.com/openagentsinc/bahia/internal/soulfactory/lifecycle_handler.go:247.19,248.12 1 0
github.com/openagentsinc/bahia/internal/soulfactory/lifecycle_handler.go:250.3,250.17 1 1
github.com/openagentsinc/bahia/internal/soulfactory/lifecycle_handler.go:251.15,252.27 1 1
github.com/openagentsinc/bahia/internal/soulfactory/lifecycle_handler.go:253.17,254.49 1 1
github.com/openagentsinc/bahia/internal/soulfactory/lifecycle_handler.go:255.17,256.26 1 1
github.com/openagentsinc/bahia/internal/soulfactory/lifecycle_handler.go:261.2,261.25 1 1
github.com/openagentsinc/bahia/internal/soulfactory/lifecycle_handler.go:261.25,266.73 2 1
github.com/openagentsinc/bahia/internal/soulfactory/lifecycle_handler.go:266.73,267.30 1 1
github.com/openagentsinc/bahia/internal/soulfactory/lifecycle_handler.go:267.30,269.5 1 1
github.com/openagentsinc/bahia/internal/soulfactory/lifecycle_handler.go:270.4,270.51 1 1
github.com/openagentsinc/bahia/internal/soulfactory/lifecycle_handler.go:270.51,272.5 1 0
github.com/openagentsinc/bahia/internal/soulfactory/lifecycle_handler.go:276.2,276.26 1 1
github.com/openagentsinc/bahia/internal/soulfactory/lifecycle_handler.go:276.26,278.3 1 1
github.com/openagentsinc/bahia/internal/soulfactory/lifecycle_handler.go:279.2,279.25 1 1
github.com/openagentsinc/bahia/internal/soulfactory/lifecycle_handler.go:279.25,281.3 1 0
github.com/openagentsinc/bahia/internal/soulfactory/lifecycle_handler.go:283.2,283.20 1 1
github.com/openagentsinc/bahia/internal/soulfactory/lifecycle_handler.go:287.85,295.30 2 1
github.com/openagentsinc/bahia/internal/soulfactory/lifecycle_handler.go:295.30,297.3 1 0
github.com/openagentsinc/bahia/internal/soulfactory/lifecycle_handler.go:299.2,299.47 1 1
github.com/openagentsinc/bahia/internal/soulfactory/lifecycle_handler.go:299.47,300.30 1 1
github.com/openagentsinc/bahia/internal/soulfactory/lifecycle_handler.go:300.30,302.4 1 1
github.com/openagentsinc/bahia/internal/soulfactory/lifecycle_handler.go:305.2,305.14 1 1
github.com/openagentsinc/bahia/internal/soulfactory/lifecycle_handler.go:309.128,310.26 1 1
github.com/openagentsinc/bahia/internal/soulfactory/lifecycle_handler.go:310.26,312.3 1 1
github.com/openagentsinc/bahia/internal/soulfactory/lifecycle_handler.go:313.2,314.41 2 1
github.com/openagentsinc/bahia/internal/soulfactory/lifecycle_handler.go:318.146,327.17 3 1
github.com/openagentsinc/bahia/internal/soulfactory/lifecycle_handler.go:327.17,330.3 2 1
github.com/openagentsinc/bahia/internal/soulfactory/lifecycle_handler.go:332.2,339.58 2 1
github.com/openagentsinc/bahia/internal/soulfactory/lifecycle_handler.go:339.58,341.3 1 0
github.com/openagentsinc/bahia/internal/soulfactory/lifecycle_handler.go:343.2,343.63 1 1
github.com/openagentsinc/bahia/internal/soulfactory/mcp_server.go:38.108,40.2 1 0
github.com/openagentsinc/bahia/internal/soulfactory/mcp_server.go:43.99,49.2 1 1
github.com/openagentsinc/bahia/internal/soulfactory/mcp_server.go:61.42,198.2 1 0
github.com/openagentsinc/bahia/internal/soulfactory/mcp_server.go:215.122,218.14 2 1
github.com/openagentsinc/bahia/internal/soulfactory/mcp_server.go:219.33,220.43 1 1
github.com/openagentsinc/bahia/internal/soulfactory/mcp_server.go:221.31,222.41 1 1
github.com/openagentsinc/bahia/internal/soulfactory/mcp_server.go:223.37,224.47 1 1
github.com/openagentsinc/bahia/internal/soulfactory/mcp_server.go:225.32,226.43 1 1
github.com/openagentsinc/bahia/internal/soulfactory/mcp_server.go:227.29,228.40 1 1
github.com/openagentsinc/bahia/internal/soulfactory/mcp_server.go:229.33,230.44 1 1
github.com/openagentsinc/bahia/internal/soulfactory/mcp_server.go:231.33,232.43 1 1
github.com/openagentsinc/bahia/internal/soulfactory/mcp_server.go:233.10,234.65 1 0
github.com/openagentsinc/bahia/internal/soulfactory/mcp_server.go:238.111,240.16 2 1
github.com/openagentsinc/bahia/internal/soulfactory/mcp_server.go:240.16,242.3 1 1
github.com/openagentsinc/bahia/internal/soulfactory/mcp_server.go:243.2,248.16 5 1
github.com/openagentsinc/bahia/internal/soulfactory/mcp_server.go:248.16,250.3 1 0
github.com/openagentsinc/bahia/internal/soulfactory/mcp_server.go:251.2,251.26 1 1
github.com/openagentsinc/bahia/internal/soulfactory/mcp_server.go:254.109,256.45 2 1
github.com/openagentsinc/bahia/internal/soulfactory/mcp_server.go:256.45,258.3 1 0
github.com/openagentsinc/bahia/internal/soulfactory/mcp_server.go:260.2,261.16 2 1
github.com/openagentsinc/bahia/internal/soulfactory/mcp_server.go:261.16,263.3 1 0
github.com/openagentsinc/bahia/internal/soulfactory/mcp_server.go:264.2,267.16 3 1
github.com/openagentsinc/bahia/internal/soulfactory/mcp_server.go:267.16,269.3 1 0
github.com/openagentsinc/bahia/internal/soulfactory/mcp_server.go:270.2,270.17 1 1
github.com/openagentsinc/bahia/internal/soulfactory/mcp_server.go:270.17,272.3 1 0
github.com/openagentsinc/bahia/internal/soulfactory/mcp_server.go:273.2,273.36 1 1
github.com/openagentsinc/bahia/internal/soulfactory/mcp_server.go:276.115,278.16 2 1
github.com/openagentsinc/bahia/internal/soulfactory/mcp_server.go:278.16,280.3 1 1
github.com/openagentsinc/bahia/internal/soulfactory/mcp_server.go:281.2,285.16 4 1
github.com/openagentsinc/bahia/internal/soulfactory/mcp_server.go:285.16,287.3 1 0
github.com/openagentsinc/bahia/internal/soulfactory/mcp_server.go:288.2,288.30 1 1
github.com/openagentsinc/bahia/internal/soulfactory/mcp_server.go:291.111,298.38 6 1
github.com/openagentsinc/bahia/internal/soulfactory/mcp_server.go:298.38,300.3 1 0
github.com/openagentsinc/bahia/internal/soulfactory/mcp_server.go:301.2,301.73 1 1
github.com/openagentsinc/bahia/internal/soulfactory/mcp_server.go:301.73,303.3 1 0
github.com/openagentsinc/bahia/internal/soulfactory/mcp_server.go:304.2,304.35 1 1
github.com/openagentsinc/bahia/internal/soulfactory/mcp_server.go:304.35,306.3 1 1
github.com/openagentsinc/bahia/internal/soulfactory/mcp_server.go:307.2,307.35 1 1
github.com/openagentsinc/bahia/internal/soulfactory/mcp_server.go:307.35,309.3 1 0
github.com/openagentsinc/bahia/internal/soulfactory/mcp_server.go:311.2,312.16 2 1
github.com/openagentsinc/bahia/internal/soulfactory/mcp_server.go:312.16,314.3 1 0
github.com/openagentsinc/bahia/internal/soulfactory/mcp_server.go:315.2,324.16 3 1
github.com/openagentsinc/bahia/internal/soulfactory/mcp_server.go:324.16,326.3 1 0
github.com/openagentsinc/bahia/internal/soulfactory/mcp_server.go:327.2,327.28 1 1
github.com/openagentsinc/bahia/internal/soulfactory/mcp_server.go:330.108,335.38 4 1
github.com/openagentsinc/bahia/internal/soulfactory/mcp_server.go:335.38,337.3 1 0
github.com/openagentsinc/bahia/internal/soulfactory/mcp_server.go:338.2,338.37 1 1
github.com/openagentsinc/bahia/internal/soulfactory/mcp_server.go:338.37,340.3 1 0
github.com/openagentsinc/bahia/internal/soulfactory/mcp_server.go:342.2,343.22 2 1
github.com/openagentsinc/bahia/internal/soulfactory/mcp_server.go:344.109,344.109 0 1
github.com/openagentsinc/bahia/internal/soulfactory/mcp_server.go:345.10,346.69 1 0
github.com/openagentsinc/bahia/internal/soulfactory/mcp_server.go:349.2,350.16 2 1
github.com/openagentsinc/bahia/internal/soulfactory/mcp_server.go:350.16,352.3 1 0
github.com/openagentsinc/bahia/internal/soulfactory/mcp_server.go:353.2,356.16 3 1
github.com/openagentsinc/bahia/internal/soulfactory/mcp_server.go:356.16,358.3 1 0
github.com/openagentsinc/bahia/internal/soulfactory/mcp_server.go:359.2,359.17 1 1
github.com/openagentsinc/bahia/internal/soulfactory/mcp_server.go:359.17,361.3 1 0
github.com/openagentsinc/bahia/internal/soulfactory/mcp_server.go:363.2,364.16 2 1
github.com/openagentsinc/bahia/internal/soulfactory/mcp_server.go:364.16,366.3 1 0
github.com/openagentsinc/bahia/internal/soulfactory/mcp_server.go:367.2,367.41 1 1
github.com/openagentsinc/bahia/internal/soulfactory/mcp_server.go:367.41,369.3 1 0
github.com/openagentsinc/bahia/internal/soulfactory/mcp_server.go:370.2,370.82 1 1
github.com/openagentsinc/bahia/internal/soulfactory/mcp_server.go:373.112,377.38 3 1
github.com/openagentsinc/bahia/internal/soulfactory/mcp_server.go:377.38,379.3 1 0
github.com/openagentsinc/bahia/internal/soulfactory/mcp_server.go:380.2,380.39 1 1
github.com/openagentsinc/bahia/internal/soulfactory/mcp_server.go:380.39,382.3 1 0
github.com/openagentsinc/bahia/internal/soulfactory/mcp_server.go:384.2,385.16 2 1
github.com/openagentsinc/bahia/internal/soulfactory/mcp_server.go:385.16,387.3 1 0
github.com/openagentsinc/bahia/internal/soulfactory/mcp_server.go:388.2,391.16 3 1
github.com/openagentsinc/bahia/internal/soulfactory/mcp_server.go:391.16,393.3 1 0
github.com/openagentsinc/bahia/internal/soulfactory/mcp_server.go:394.2,394.17 1 1
github.com/openagentsinc/bahia/internal/soulfactory/mcp_server.go:394.17,396.3 1 0
github.com/openagentsinc/bahia/internal/soulfactory/mcp_server.go:398.2,399.16 2 1
github.com/openagentsinc/bahia/internal/soulfactory/mcp_server.go:399.16,401.3 1 0
github.com/openagentsinc/bahia/internal/soulfactory/mcp_server.go:402.2,402.41 1 1
github.com/openagentsinc/bahia/internal/soulfactory/mcp_server.go:402.41,404.3 1 0
github.com/openagentsinc/bahia/internal/soulfactory/mcp_server.go:405.2,405.97 1 1
github.com/openagentsinc/bahia/internal/soulfactory/mcp_server.go:408.111,411.21 2 1
github.com/openagentsinc/bahia/internal/soulfactory/mcp_server.go:411.21,413.3 1 0
github.com/openagentsinc/bahia/internal/soulfactory/mcp_server.go:415.2,416.16 2 1
github.com/openagentsinc/bahia/internal/soulfactory/mcp_server.go:416.16,418.3 1 0
github.com/openagentsinc/bahia/internal/soulfactory/mcp_server.go:420.2,429.23 2 1
github.com/openagentsinc/bahia/internal/soulfactory/mcp_server.go:429.23,431.3 1 0
github.com/openagentsinc/bahia/internal/soulfactory/mcp_server.go:433.2,433.27 1 1
github.com/openagentsinc/bahia/internal/soulfactory/mcp_server.go:436.63,437.61 1 1
github.com/openagentsinc/bahia/internal/soulfactory/mcp_server.go:437.61,439.3 1 0
github.com/openagentsinc/bahia/internal/soulfactory/mcp_server.go:440.2,441.22 2 1
github.com/openagentsinc/bahia/internal/soulfactory/mcp_server.go:441.22,443.3 1 1
github.com/openagentsinc/bahia/internal/soulfactory/mcp_server.go:444.2,444.58 1 1
github.com/openagentsinc/bahia/internal/soulfactory/mcp_server.go:447.77,449.25 2 1
github.com/openagentsinc/bahia/internal/soulfactory/mcp_server.go:449.25,451.3 1 1
github.com/openagentsinc/bahia/internal/soulfactory/mcp_server.go:452.2,452.31 1 1
github.com/openagentsinc/bahia/internal/soulfactory/mcp_server.go:453.11,454.16 1 1
github.com/openagentsinc/bahia/internal/soulfactory/mcp_server.go:454.16,456.4 1 1
github.com/openagentsinc/bahia/internal/soulfactory/mcp_server.go:457.15,458.16 1 0
github.com/openagentsinc/bahia/internal/soulfactory/mcp_server.go:458.16,460.4 1 0
github.com/openagentsinc/bahia/internal/soulfactory/mcp_server.go:461.19,462.61 1 0
github.com/openagentsinc/bahia/internal/soulfactory/mcp_server.go:462.61,464.4 1 0
github.com/openagentsinc/bahia/internal/soulfactory/mcp_server.go:466.2,466.17 1 0
github.com/openagentsinc/bahia/internal/soulfactory/mcp_server.go:469.53,472.2 2 1
github.com/openagentsinc/bahia/internal/soulfactory/mcp_server.go:474.70,476.19 2 0
github.com/openagentsinc/bahia/internal/soulfactory/mcp_server.go:476.19,478.3 1 0
github.com/openagentsinc/bahia/internal/soulfactory/mcp_server.go:479.2,479.41 1 0
github.com/openagentsinc/bahia/internal/soulfactory/mcp_server.go:482.108,490.2 1 1
github.com/openagentsinc/bahia/internal/soulfactory/mcp_server.go:492.46,494.19 2 1
github.com/openagentsinc/bahia/internal/soulfactory/mcp_server.go:494.19,496.3 1 0
github.com/openagentsinc/bahia/internal/soulfactory/mcp_server.go:497.2,498.66 2 1
github.com/openagentsinc/bahia/internal/soulfactory/mcp_server.go:498.66,500.3 1 0
github.com/openagentsinc/bahia/internal/soulfactory/mcp_server.go:501.2,501.16 1 1
github.com/openagentsinc/bahia/internal/soulfactory/mcp_server.go:506.59,508.16 2 1
github.com/openagentsinc/bahia/internal/soulfactory/mcp_server.go:508.16,510.3 1 0
github.com/openagentsinc/bahia/internal/soulfactory/mcp_server.go:512.2,517.8 1 1
github.com/openagentsinc/bahia/internal/soulfactory/mcp_server.go:520.49,528.2 1 1
github.com/openagentsinc/bahia/internal/soulfactory/mcp_server.go:530.63,549.32 2 1
github.com/openagentsinc/bahia/internal/soulfactory/mcp_server.go:549.32,551.3 1 0
github.com/openagentsinc/bahia/internal/soulfactory/mcp_server.go:553.2,553.10 1 1
github.com/openagentsinc/bahia/internal/soulfactory/mcp_server.go:556.24,557.11 1 0
github.com/openagentsinc/bahia/internal/soulfactory/mcp_server.go:557.11,559.3 1 0
github.com/openagentsinc/bahia/internal/soulfactory/mcp_server.go:560.2,560.10 1 0
github.com/openagentsinc/bahia/internal/soulfactory/nip05.go:34.77,35.25 1 0
github.com/openagentsinc/bahia/internal/soulfactory/nip05.go:35.25,37.3 1 0
github.com/openagentsinc/bahia/internal/soulfactory/nip05.go:38.2,38.19 1 0
github.com/openagentsinc/bahia/internal/soulfactory/nip05.go:38.19,40.3 1 0
github.com/openagentsinc/bahia/internal/soulfactory/nip05.go:42.2,46.3 1 0
github.com/openagentsinc/bahia/internal/soulfactory/nip05.go:50.101,61.26 4 0
github.com/openagentsinc/bahia/internal/soulfactory/nip05.go:61.26,66.3 2 0
github.com/openagentsinc/bahia/internal/soulfactory/nip05.go:69.2,70.16 2 0
github.com/openagentsinc/bahia/internal/soulfactory/nip05.go:70.16,72.3 1 0
github.com/openagentsinc/bahia/internal/soulfactory/nip05.go:75.2,78.21 2 0
github.com/openagentsinc/bahia/internal/soulfactory/nip05.go:78.21,79.26 1 0
github.com/openagentsinc/bahia/internal/soulfactory/nip05.go:79.26,81.4 1 0
github.com/openagentsinc/bahia/internal/soulfactory/nip05.go:82.3,82.32 1 0
github.com/openagentsinc/bahia/internal/soulfactory/nip05.go:86.2,86.43 1 0
github.com/openagentsinc/bahia/internal/soulfactory/nip05.go:86.43,88.3 1 0
github.com/openagentsinc/bahia/internal/soulfactory/nip05.go:90.2,94.12 2 0
github.com/openagentsinc/bahia/internal/soulfactory/nip05.go:98.78,104.26 4 0
github.com/openagentsinc/bahia/internal/soulfactory/nip05.go:104.26,106.3 1 0
github.com/openagentsinc/bahia/internal/soulfactory/nip05.go:108.2,109.16 2 0
github.com/openagentsinc/bahia/internal/soulfactory/nip05.go:109.16,111.3 1 0
github.com/openagentsinc/bahia/internal/soulfactory/nip05.go:114.2,120.41 3 0
github.com/openagentsinc/bahia/internal/soulfactory/nip05.go:120.41,122.3 1 0
github.com/openagentsinc/bahia/internal/soulfactory/nip05.go:124.2,124.43 1 0
github.com/openagentsinc/bahia/internal/soulfactory/nip05.go:124.43,126.3 1 0
github.com/openagentsinc/bahia/internal/soulfactory/nip05.go:128.2,128.12 1 0
github.com/openagentsinc/bahia/internal/soulfactory/nip05.go:132.108,136.26 3 0
github.com/openagentsinc/bahia/internal/soulfactory/nip05.go:136.26,138.3 1 0
github.com/openagentsinc/bahia/internal/soulfactory/nip05.go:140.2,141.16 2 0
github.com/openagentsinc/bahia/internal/soulfactory/nip05.go:141.16,143.3 1 0
github.com/openagentsinc/bahia/internal/soulfactory/nip05.go:145.2,146.28 2 0
github.com/openagentsinc/bahia/internal/soulfactory/nip05.go:150.56,152.2 1 0
github.com/openagentsinc/bahia/internal/soulfactory/nip05.go:154.56,158.24 3 0
github.com/openagentsinc/bahia/internal/soulfactory/nip05.go:158.24,164.3 1 0
github.com/openagentsinc/bahia/internal/soulfactory/nip05.go:165.2,165.16 1 0
github.com/openagentsinc/bahia/internal/soulfactory/nip05.go:165.16,167.3 1 0
github.com/openagentsinc/bahia/internal/soulfactory/nip05.go:169.2,170.53 2 0
github.com/openagentsinc/bahia/internal/soulfactory/nip05.go:170.53,172.3 1 0
github.com/openagentsinc/bahia/internal/soulfactory/nip05.go:174.2,174.24 1 0
github.com/openagentsinc/bahia/internal/soulfactory/nip05.go:174.24,176.3 1 0
github.com/openagentsinc/bahia/internal/soulfactory/nip05.go:178.2,178.20 1 0
github.com/openagentsinc/bahia/internal/soulfactory/nip05.go:181.58,183.58 1 0
github.com/openagentsinc/bahia/internal/soulfactory/nip05.go:183.58,185.3 1 0
github.com/openagentsinc/bahia/internal/soulfactory/nip05.go:187.2,190.16 3 0
github.com/openagentsinc/bahia/internal/soulfactory/nip05.go:190.16,192.3 1 0
github.com/openagentsinc/bahia/internal/soulfactory/nip05.go:194.2,194.39 1 0
github.com/openagentsinc/bahia/internal/soulfactory/nostr_client.go:50.74,51.31 1 0
github.com/openagentsinc/bahia/internal/soulfactory/nostr_client.go:51.31,53.3 1 0
github.com/openagentsinc/bahia/internal/soulfactory/nostr_client.go:54.2,56.17 3 0
github.com/openagentsinc/bahia/internal/soulfactory/nostr_client.go:56.17,58.3 1 0
github.com/openagentsinc/bahia/internal/soulfactory/nostr_client.go:59.2,60.22 2 0
github.com/openagentsinc/bahia/internal/soulfactory/nostr_client.go:60.22,62.3 1 0
github.com/openagentsinc/bahia/internal/soulfactory/nostr_client.go:65.95,68.2 2 0
github.com/openagentsinc/bahia/internal/soulfactory/nostr_client.go:70.142,73.2 2 0
github.com/openagentsinc/bahia/internal/soulfactory/nostr_client.go:75.45,76.31 1 0
github.com/openagentsinc/bahia/internal/soulfactory/nostr_client.go:76.31,78.3 1 0
github.com/openagentsinc/bahia/internal/soulfactory/nostr_client.go:85.77,87.2 1 0
github.com/openagentsinc/bahia/internal/soulfactory/nostr_client.go:99.85,101.22 2 0
github.com/openagentsinc/bahia/internal/soulfactory/nostr_client.go:101.22,103.3 1 0
github.com/openagentsinc/bahia/internal/soulfactory/nostr_client.go:104.2,104.19 1 0
github.com/openagentsinc/bahia/internal/soulfactory/nostr_client.go:104.19,106.3 1 0
github.com/openagentsinc/bahia/internal/soulfactory/nostr_client.go:107.2,112.8 2 0
github.com/openagentsinc/bahia/internal/soulfactory/nostr_client.go:115.93,117.16 2 0
github.com/openagentsinc/bahia/internal/soulfactory/nostr_client.go:117.16,119.3 1 0
github.com/openagentsinc/bahia/internal/soulfactory/nostr_client.go:120.2,121.22 2 0
github.com/openagentsinc/bahia/internal/soulfactory/nostr_client.go:121.22,123.3 1 0
github.com/openagentsinc/bahia/internal/soulfactory/nostr_client.go:124.2,129.8 2 0
github.com/openagentsinc/bahia/internal/soulfactory/nostr_client.go:132.31,133.36 1 0
github.com/openagentsinc/bahia/internal/soulfactory/nostr_client.go:133.36,135.3 1 0
github.com/openagentsinc/bahia/internal/soulfactory/nostr_client.go:138.108,139.16 1 0
github.com/openagentsinc/bahia/internal/soulfactory/nostr_client.go:139.16,141.3 1 0
github.com/openagentsinc/bahia/internal/soulfactory/nostr_client.go:142.2,144.16 3 0
github.com/openagentsinc/bahia/internal/soulfactory/nostr_client.go:144.16,146.3 1 0
github.com/openagentsinc/bahia/internal/soulfactory/nostr_client.go:147.2,148.28 2 0
github.com/openagentsinc/bahia/internal/soulfactory/nostr_client.go:148.28,150.40 2 0
github.com/openagentsinc/bahia/internal/soulfactory/nostr_client.go:150.40,151.12 1 0
github.com/openagentsinc/bahia/internal/soulfactory/nostr_client.go:153.3,153.52 1 0
github.com/openagentsinc/bahia/internal/soulfactory/nostr_client.go:153.52,154.12 1 0
github.com/openagentsinc/bahia/internal/soulfactory/nostr_client.go:156.3,158.53 3 0
github.com/openagentsinc/bahia/internal/soulfactory/nostr_client.go:158.53,160.4 1 0
github.com/openagentsinc/bahia/internal/soulfactory/nostr_client.go:162.2,163.30 2 0
github.com/openagentsinc/bahia/internal/soulfactory/nostr_client.go:163.30,165.3 1 0
github.com/openagentsinc/bahia/internal/soulfactory/nostr_client.go:166.2,166.41 1 0
github.com/openagentsinc/bahia/internal/soulfactory/nostr_client.go:166.41,166.98 1 0
github.com/openagentsinc/bahia/internal/soulfactory/nostr_client.go:167.2,167.20 1 0
github.com/openagentsinc/bahia/internal/soulfactory/nostr_client.go:170.95,172.19 2 0
github.com/openagentsinc/bahia/internal/soulfactory/nostr_client.go:172.19,174.3 1 0
github.com/openagentsinc/bahia/internal/soulfactory/nostr_client.go:175.2,176.16 2 0
github.com/openagentsinc/bahia/internal/soulfactory/nostr_client.go:176.16,178.3 1 0
github.com/openagentsinc/bahia/internal/soulfactory/nostr_client.go:179.2,180.28 2 0
github.com/openagentsinc/bahia/internal/soulfactory/nostr_client.go:180.28,182.45 2 0
github.com/openagentsinc/bahia/internal/soulfactory/nostr_client.go:182.45,183.12 1 0
github.com/openagentsinc/bahia/internal/soulfactory/nostr_client.go:185.3,185.62 1 0
github.com/openagentsinc/bahia/internal/soulfactory/nostr_client.go:185.62,187.4 1 0
github.com/openagentsinc/bahia/internal/soulfactory/nostr_client.go:189.2,189.20 1 0
github.com/openagentsinc/bahia/internal/soulfactory/nostr_client.go:192.113,193.16 1 0
github.com/openagentsinc/bahia/internal/soulfactory/nostr_client.go:193.16,195.3 1 0
github.com/openagentsinc/bahia/internal/soulfactory/nostr_client.go:196.2,197.16 2 0
github.com/openagentsinc/bahia/internal/soulfactory/nostr_client.go:197.16,199.3 1 0
github.com/openagentsinc/bahia/internal/soulfactory/nostr_client.go:200.2,201.28 2 0
github.com/openagentsinc/bahia/internal/soulfactory/nostr_client.go:201.28,203.51 2 0
github.com/openagentsinc/bahia/internal/soulfactory/nostr_client.go:203.51,204.12 1 0
github.com/openagentsinc/bahia/internal/soulfactory/nostr_client.go:206.3,206.50 1 0
github.com/openagentsinc/bahia/internal/soulfactory/nostr_client.go:206.50,207.12 1 0
github.com/openagentsinc/bahia/internal/soulfactory/nostr_client.go:209.3,211.57 3 0
github.com/openagentsinc/bahia/internal/soulfactory/nostr_client.go:211.57,213.4 1 0
github.com/openagentsinc/bahia/internal/soulfactory/nostr_client.go:215.2,216.34 2 0
github.com/openagentsinc/bahia/internal/soulfactory/nostr_client.go:216.34,218.3 1 0
github.com/openagentsinc/bahia/internal/soulfactory/nostr_client.go:219.2,219.41 1 0
github.com/openagentsinc/bahia/internal/soulfactory/nostr_client.go:219.41,219.83 1 0
github.com/openagentsinc/bahia/internal/soulfactory/nostr_client.go:220.2,220.20 1 0
github.com/openagentsinc/bahia/internal/soulfactory/nostr_client.go:223.136,225.27 2 0
github.com/openagentsinc/bahia/internal/soulfactory/nostr_client.go:225.27,227.3 1 0
github.com/openagentsinc/bahia/internal/soulfactory/nostr_client.go:228.2,228.24 1 0
github.com/openagentsinc/bahia/internal/soulfactory/nostr_client.go:228.24,230.3 1 0
github.com/openagentsinc/bahia/internal/soulfactory/nostr_client.go:231.2,232.16 2 0
github.com/openagentsinc/bahia/internal/soulfactory/nostr_client.go:232.16,234.3 1 0
github.com/openagentsinc/bahia/internal/soulfactory/nostr_client.go:235.2,236.63 2 0
github.com/openagentsinc/bahia/internal/soulfactory/nostr_client.go:236.63,238.3 1 0
github.com/openagentsinc/bahia/internal/soulfactory/nostr_client.go:239.2,240.20 2 0
github.com/openagentsinc/bahia/internal/soulfactory/nostr_client.go:240.20,241.17 1 0
github.com/openagentsinc/bahia/internal/soulfactory/nostr_client.go:241.17,243.4 1 0
github.com/openagentsinc/bahia/internal/soulfactory/nostr_client.go:244.3,244.18 1 0
github.com/openagentsinc/bahia/internal/soulfactory/nostr_client.go:246.2,246.205 1 0
github.com/openagentsinc/bahia/internal/soulfactory/nostr_client.go:249.176,250.80 1 0
github.com/openagentsinc/bahia/internal/soulfactory/nostr_client.go:250.80,252.3 1 0
github.com/openagentsinc/bahia/internal/soulfactory/nostr_client.go:253.2,254.170 2 0
github.com/openagentsinc/bahia/internal/soulfactory/nostr_client.go:254.170,255.22 1 0
github.com/openagentsinc/bahia/internal/soulfactory/nostr_client.go:255.22,257.4 1 0
github.com/openagentsinc/bahia/internal/soulfactory/nostr_client.go:259.2,259.16 1 0
github.com/openagentsinc/bahia/internal/soulfactory/nostr_client.go:259.16,261.3 1 0
github.com/openagentsinc/bahia/internal/soulfactory/nostr_client.go:262.2,262.72 1 0
github.com/openagentsinc/bahia/internal/soulfactory/nostr_client.go:265.162,267.19 2 0
github.com/openagentsinc/bahia/internal/soulfactory/nostr_client.go:267.19,269.3 1 0
github.com/openagentsinc/bahia/internal/soulfactory/nostr_client.go:270.2,270.45 1 0
github.com/openagentsinc/bahia/internal/soulfactory/nostr_client.go:270.45,272.3 1 0
github.com/openagentsinc/bahia/internal/soulfactory/nostr_client.go:273.2,274.37 2 0
github.com/openagentsinc/bahia/internal/soulfactory/nostr_client.go:274.37,276.3 1 0
github.com/openagentsinc/bahia/internal/soulfactory/nostr_client.go:277.2,278.39 2 0
github.com/openagentsinc/bahia/internal/soulfactory/nostr_client.go:278.39,280.17 2 0
github.com/openagentsinc/bahia/internal/soulfactory/nostr_client.go:280.17,282.4 1 0
github.com/openagentsinc/bahia/internal/soulfactory/nostr_client.go:283.3,283.25 1 0
github.com/openagentsinc/bahia/internal/soulfactory/nostr_client.go:285.2,286.63 2 0
github.com/openagentsinc/bahia/internal/soulfactory/nostr_client.go:286.63,288.3 1 0
github.com/openagentsinc/bahia/internal/soulfactory/nostr_client.go:289.2,291.16 3 0
github.com/openagentsinc/bahia/internal/soulfactory/nostr_client.go:291.16,293.3 1 0
github.com/openagentsinc/bahia/internal/soulfactory/nostr_client.go:294.2,295.20 2 0
github.com/openagentsinc/bahia/internal/soulfactory/nostr_client.go:295.20,296.17 1 0
github.com/openagentsinc/bahia/internal/soulfactory/nostr_client.go:296.17,298.4 1 0
github.com/openagentsinc/bahia/internal/soulfactory/nostr_client.go:299.3,299.18 1 0
github.com/openagentsinc/bahia/internal/soulfactory/nostr_client.go:301.2,303.6 3 0
github.com/openagentsinc/bahia/internal/soulfactory/nostr_client.go:303.6,304.10 1 0
github.com/openagentsinc/bahia/internal/soulfactory/nostr_client.go:305.21,306.25 1 0
github.com/openagentsinc/bahia/internal/soulfactory/nostr_client.go:307.15,308.14 1 0
github.com/openagentsinc/bahia/internal/soulfactory/nostr_client.go:309.34,310.11 1 0
github.com/openagentsinc/bahia/internal/soulfactory/nostr_client.go:310.11,312.5 1 0
github.com/openagentsinc/bahia/internal/soulfactory/nostr_client.go:313.4,313.75 1 0
github.com/openagentsinc/bahia/internal/soulfactory/nostr_client.go:313.75,314.13 1 0
github.com/openagentsinc/bahia/internal/soulfactory/nostr_client.go:316.4,316.49 1 0
github.com/openagentsinc/bahia/internal/soulfactory/nostr_client.go:316.49,317.13 1 0
github.com/openagentsinc/bahia/internal/soulfactory/nostr_client.go:319.4,320.21 2 0
github.com/openagentsinc/bahia/internal/soulfactory/nostr_client.go:325.106,326.36 1 0
github.com/openagentsinc/bahia/internal/soulfactory/nostr_client.go:326.36,328.3 1 0
github.com/openagentsinc/bahia/internal/soulfactory/nostr_client.go:329.2,330.16 2 0
github.com/openagentsinc/bahia/internal/soulfactory/nostr_client.go:330.16,332.3 1 0
github.com/openagentsinc/bahia/internal/soulfactory/nostr_client.go:333.2,336.6 4 0
github.com/openagentsinc/bahia/internal/soulfactory/nostr_client.go:336.6,337.10 1 0
github.com/openagentsinc/bahia/internal/soulfactory/nostr_client.go:338.21,339.25 1 0
github.com/openagentsinc/bahia/internal/soulfactory/nostr_client.go:340.15,341.22 1 0
github.com/openagentsinc/bahia/internal/soulfactory/nostr_client.go:342.31,343.11 1 0
github.com/openagentsinc/bahia/internal/soulfactory/nostr_client.go:343.11,345.5 1 0
github.com/openagentsinc/bahia/internal/soulfactory/nostr_client.go:346.4,346.42 1 0
github.com/openagentsinc/bahia/internal/soulfactory/nostr_client.go:346.42,347.13 1 0
github.com/openagentsinc/bahia/internal/soulfactory/nostr_client.go:349.4,349.46 1 0
github.com/openagentsinc/bahia/internal/soulfactory/nostr_client.go:349.46,350.13 1 0
github.com/openagentsinc/bahia/internal/soulfactory/nostr_client.go:352.4,353.31 2 0
github.com/openagentsinc/bahia/internal/soulfactory/nostr_client.go:358.174,360.16 2 0
github.com/openagentsinc/bahia/internal/soulfactory/nostr_client.go:360.16,362.3 1 0
github.com/openagentsinc/bahia/internal/soulfactory/nostr_client.go:363.2,365.6 3 0
github.com/openagentsinc/bahia/internal/soulfactory/nostr_client.go:365.6,366.10 1 0
github.com/openagentsinc/bahia/internal/soulfactory/nostr_client.go:367.21,368.25 1 0
github.com/openagentsinc/bahia/internal/soulfactory/nostr_client.go:369.15,370.14 1 0
github.com/openagentsinc/bahia/internal/soulfactory/nostr_client.go:371.31,372.11 1 0
github.com/openagentsinc/bahia/internal/soulfactory/nostr_client.go:372.11,374.5 1 0
github.com/openagentsinc/bahia/internal/soulfactory/nostr_client.go:375.4,375.42 1 0
github.com/openagentsinc/bahia/internal/soulfactory/nostr_client.go:375.42,376.13 1 0
github.com/openagentsinc/bahia/internal/soulfactory/nostr_client.go:378.4,378.46 1 0
github.com/openagentsinc/bahia/internal/soulfactory/nostr_client.go:378.46,379.13 1 0
github.com/openagentsinc/bahia/internal/soulfactory/nostr_client.go:381.4,382.28 2 0
github.com/openagentsinc/bahia/internal/soulfactory/nostr_client.go:382.28,383.24 1 0
github.com/openagentsinc/bahia/internal/soulfactory/nostr_client.go:383.24,385.6 1 0
github.com/openagentsinc/bahia/internal/soulfactory/nostr_client.go:386.5,386.13 1 0
github.com/openagentsinc/bahia/internal/soulfactory/nostr_client.go:388.4,388.30 1 0
github.com/openagentsinc/bahia/internal/soulfactory/nostr_client.go:388.30,390.5 1 0
github.com/openagentsinc/bahia/internal/soulfactory/nostr_client.go:395.59,396.18 1 0
[...]
github.com/openagentsinc/bahia/internal/soulfactory/reactor.go:88.20,90.4 1 0
github.com/openagentsinc/bahia/internal/soulfactory/reactor.go:104.125,105.19 1 1
github.com/openagentsinc/bahia/internal/soulfactory/reactor.go:105.19,107.3 1 0
github.com/openagentsinc/bahia/internal/soulfactory/reactor.go:109.2,118.27 2 1
github.com/openagentsinc/bahia/internal/soulfactory/reactor.go:118.27,119.17 1 0
github.com/openagentsinc/bahia/internal/soulfactory/reactor.go:119.17,121.4 1 0
github.com/openagentsinc/bahia/internal/soulfactory/reactor.go:124.2,124.10 1 1
github.com/openagentsinc/bahia/internal/soulfactory/reactor.go:128.50,152.6 6 0
github.com/openagentsinc/bahia/internal/soulfactory/reactor.go:152.6,153.10 1 0
github.com/openagentsinc/bahia/internal/soulfactory/reactor.go:154.21,156.20 2 0
github.com/openagentsinc/bahia/internal/soulfactory/reactor.go:158.24,159.11 1 0
github.com/openagentsinc/bahia/internal/soulfactory/reactor.go:159.11,162.5 2 0
github.com/openagentsinc/bahia/internal/soulfactory/reactor.go:164.4,164.32 1 0
github.com/openagentsinc/bahia/internal/soulfactory/reactor.go:170.72,171.20 1 0
github.com/openagentsinc/bahia/internal/soulfactory/reactor.go:172.38,173.45 1 0
github.com/openagentsinc/bahia/internal/soulfactory/reactor.go:174.29,175.36 1 0
github.com/openagentsinc/bahia/internal/soulfactory/reactor.go:176.10,177.61 1 0
github.com/openagentsinc/bahia/internal/soulfactory/reactor.go:182.86,187.46 3 1
github.com/openagentsinc/bahia/internal/soulfactory/reactor.go:187.46,191.3 3 1
github.com/openagentsinc/bahia/internal/soulfactory/reactor.go:194.2,195.16 2 1
github.com/openagentsinc/bahia/internal/soulfactory/reactor.go:195.16,199.3 3 1
github.com/openagentsinc/bahia/internal/soulfactory/reactor.go:201.2,223.16 8 1
github.com/openagentsinc/bahia/internal/soulfactory/reactor.go:223.16,231.3 7 0
github.com/openagentsinc/bahia/internal/soulfactory/reactor.go:234.2,243.37 5 1
github.com/openagentsinc/bahia/internal/soulfactory/reactor.go:247.77,252.46 3 0
github.com/openagentsinc/bahia/internal/soulfactory/reactor.go:252.46,255.3 2 0
github.com/openagentsinc/bahia/internal/soulfactory/reactor.go:258.2,259.16 2 0
github.com/openagentsinc/bahia/internal/soulfactory/reactor.go:259.16,262.3 2 0
github.com/openagentsinc/bahia/internal/soulfactory/reactor.go:264.2,268.23 3 0
github.com/openagentsinc/bahia/internal/soulfactory/reactor.go:269.32,270.87 1 0
github.com/openagentsinc/bahia/internal/soulfactory/reactor.go:270.87,273.4 2 0
github.com/openagentsinc/bahia/internal/soulfactory/reactor.go:274.31,275.71 1 0
github.com/openagentsinc/bahia/internal/soulfactory/reactor.go:275.71,278.4 2 0
github.com/openagentsinc/bahia/internal/soulfactory/reactor.go:279.31,280.86 1 0
github.com/openagentsinc/bahia/internal/soulfactory/reactor.go:280.86,283.4 2 0
github.com/openagentsinc/bahia/internal/soulfactory/reactor.go:284.35,285.92 1 0
github.com/openagentsinc/bahia/internal/soulfactory/reactor.go:285.92,288.4 2 0
github.com/openagentsinc/bahia/internal/soulfactory/reactor.go:289.33,290.73 1 0
github.com/openagentsinc/bahia/internal/soulfactory/reactor.go:290.73,293.4 2 0
github.com/openagentsinc/bahia/internal/soulfactory/reactor.go:294.10,296.98 2 0
github.com/openagentsinc/bahia/internal/soulfactory/reactor.go:301.63,303.28 2 1
github.com/openagentsinc/bahia/internal/soulfactory/reactor.go:303.28,305.3 1 0
github.com/openagentsinc/bahia/internal/soulfactory/reactor.go:306.2,306.46 1 1
github.com/openagentsinc/bahia/internal/soulfactory/reactor.go:310.101,317.33 2 1
github.com/openagentsinc/bahia/internal/soulfactory/reactor.go:317.33,318.19 1 1
github.com/openagentsinc/bahia/internal/soulfactory/reactor.go:318.19,319.12 1 0
github.com/openagentsinc/bahia/internal/soulfactory/reactor.go:321.3,321.17 1 1
github.com/openagentsinc/bahia/internal/soulfactory/reactor.go:322.19,323.24 1 1
github.com/openagentsinc/bahia/internal/soulfactory/reactor.go:324.15,325.21 1 1
github.com/openagentsinc/bahia/internal/soulfactory/reactor.go:326.15,327.38 1 1
github.com/openagentsinc/bahia/internal/soulfactory/reactor.go:328.19,329.28 1 0
github.com/openagentsinc/bahia/internal/soulfactory/reactor.go:330.16,331.25 1 0
github.com/openagentsinc/bahia/internal/soulfactory/reactor.go:336.2,336.25 1 1
github.com/openagentsinc/bahia/internal/soulfactory/reactor.go:336.25,340.73 2 1
github.com/openagentsinc/bahia/internal/soulfactory/reactor.go:340.73,342.4 1 1
github.com/openagentsinc/bahia/internal/soulfactory/reactor.go:346.2,346.23 1 1
github.com/openagentsinc/bahia/internal/soulfactory/reactor.go:346.23,348.3 1 1
github.com/openagentsinc/bahia/internal/soulfactory/reactor.go:351.2,351.68 1 1
github.com/openagentsinc/bahia/internal/soulfactory/reactor.go:351.68,353.3 1 1
github.com/openagentsinc/bahia/internal/soulfactory/reactor.go:356.2,356.20 1 1
github.com/openagentsinc/bahia/internal/soulfactory/reactor.go:356.20,358.3 1 1
github.com/openagentsinc/bahia/internal/soulfactory/reactor.go:360.2,360.17 1 1
github.com/openagentsinc/bahia/internal/soulfactory/reactor.go:364.83,373.33 2 0
github.com/openagentsinc/bahia/internal/soulfactory/reactor.go:373.33,374.19 1 0
github.com/openagentsinc/bahia/internal/soulfactory/reactor.go:374.19,375.12 1 0
github.com/openagentsinc/bahia/internal/soulfactory/reactor.go:377.3,377.17 1 0
github.com/openagentsinc/bahia/internal/soulfactory/reactor.go:378.15,379.27 1 0
github.com/openagentsinc/bahia/internal/soulfactory/reactor.go:380.17,381.49 1 0
github.com/openagentsinc/bahia/internal/soulfactory/reactor.go:382.17,383.26 1 0
github.com/openagentsinc/bahia/internal/soulfactory/reactor.go:388.2,388.25 1 0
github.com/openagentsinc/bahia/internal/soulfactory/reactor.go:388.25,392.73 2 0
github.com/openagentsinc/bahia/internal/soulfactory/reactor.go:392.73,394.4 1 0
github.com/openagentsinc/bahia/internal/soulfactory/reactor.go:398.2,398.26 1 0
github.com/openagentsinc/bahia/internal/soulfactory/reactor.go:398.26,400.3 1 0
github.com/openagentsinc/bahia/internal/soulfactory/reactor.go:401.2,401.25 1 0
github.com/openagentsinc/bahia/internal/soulfactory/reactor.go:401.25,403.3 1 0
github.com/openagentsinc/bahia/internal/soulfactory/reactor.go:405.2,405.20 1 0
github.com/openagentsinc/bahia/internal/soulfactory/reactor.go:409.153,423.50 2 1
github.com/openagentsinc/bahia/internal/soulfactory/reactor.go:423.50,425.3 1 0
github.com/openagentsinc/bahia/internal/soulfactory/reactor.go:427.2,427.57 1 1
github.com/openagentsinc/bahia/internal/soulfactory/reactor.go:431.111,450.32 3 1
github.com/openagentsinc/bahia/internal/soulfactory/reactor.go:450.32,452.3 1 0
github.com/openagentsinc/bahia/internal/soulfactory/reactor.go:454.2,461.50 2 1
github.com/openagentsinc/bahia/internal/soulfactory/reactor.go:461.50,463.3 1 0
github.com/openagentsinc/bahia/internal/soulfactory/reactor.go:466.2,467.41 2 1
github.com/openagentsinc/bahia/internal/soulfactory/reactor.go:470.134,486.50 3 0
github.com/openagentsinc/bahia/internal/soulfactory/reactor.go:486.50,488.3 1 0
github.com/openagentsinc/bahia/internal/soulfactory/reactor.go:489.2,489.57 1 0
github.com/openagentsinc/bahia/internal/soulfactory/reactor.go:493.108,507.50 2 1
github.com/openagentsinc/bahia/internal/soulfactory/reactor.go:507.50,509.3 1 0
github.com/openagentsinc/bahia/internal/soulfactory/reactor.go:511.2,511.57 1 1
github.com/openagentsinc/bahia/internal/soulfactory/reactor.go:515.82,526.22 2 1
github.com/openagentsinc/bahia/internal/soulfactory/reactor.go:526.22,528.3 1 0
github.com/openagentsinc/bahia/internal/soulfactory/reactor.go:529.2,529.26 1 1
github.com/openagentsinc/bahia/internal/soulfactory/reactor.go:529.26,531.3 1 1
github.com/openagentsinc/bahia/internal/soulfactory/reactor.go:532.2,532.26 1 1
github.com/openagentsinc/bahia/internal/soulfactory/reactor.go:532.26,534.3 1 0
github.com/openagentsinc/bahia/internal/soulfactory/reactor.go:535.2,535.29 1 1
github.com/openagentsinc/bahia/internal/soulfactory/reactor.go:535.29,537.3 1 0
github.com/openagentsinc/bahia/internal/soulfactory/reactor.go:538.2,538.33 1 1
github.com/openagentsinc/bahia/internal/soulfactory/reactor.go:538.33,540.3 1 0
github.com/openagentsinc/bahia/internal/soulfactory/reactor.go:541.2,541.33 1 1
github.com/openagentsinc/bahia/internal/soulfactory/reactor.go:541.33,543.3 1 0
github.com/openagentsinc/bahia/internal/soulfactory/reactor.go:544.2,544.41 1 1
github.com/openagentsinc/bahia/internal/soulfactory/reactor.go:544.41,546.3 1 1
github.com/openagentsinc/bahia/internal/soulfactory/reactor.go:547.2,547.40 1 1
github.com/openagentsinc/bahia/internal/soulfactory/reactor.go:547.40,551.3 3 1
github.com/openagentsinc/bahia/internal/soulfactory/reactor.go:552.2,552.32 1 1
github.com/openagentsinc/bahia/internal/soulfactory/reactor.go:552.32,554.3 1 1
github.com/openagentsinc/bahia/internal/soulfactory/reactor.go:555.2,555.28 1 1
github.com/openagentsinc/bahia/internal/soulfactory/reactor.go:555.28,557.3 1 0
github.com/openagentsinc/bahia/internal/soulfactory/reactor.go:558.2,558.29 1 1
github.com/openagentsinc/bahia/internal/soulfactory/reactor.go:558.29,560.3 1 1
github.com/openagentsinc/bahia/internal/soulfactory/reactor.go:562.2,569.50 2 1
github.com/openagentsinc/bahia/internal/soulfactory/reactor.go:569.50,571.3 1 0
github.com/openagentsinc/bahia/internal/soulfactory/reactor.go:573.2,576.47 2 1
github.com/openagentsinc/bahia/internal/soulfactory/reactor.go:580.91,581.24 1 1
github.com/openagentsinc/bahia/internal/soulfactory/reactor.go:581.24,583.3 1 1
github.com/openagentsinc/bahia/internal/soulfactory/reactor.go:584.2,584.31 1 1
github.com/openagentsinc/bahia/internal/soulfactory/reactor.go:584.31,585.74 1 0
github.com/openagentsinc/bahia/internal/soulfactory/reactor.go:585.74,588.4 1 0
github.com/openagentsinc/bahia/internal/soulfactory/reactor.go:590.2,590.12 1 1
github.com/openagentsinc/bahia/internal/soulfactory/reactor.go:594.68,598.2 3 1
github.com/openagentsinc/bahia/internal/soulfactory/reactor.go:601.91,602.24 1 1
github.com/openagentsinc/bahia/internal/soulfactory/reactor.go:602.24,604.3 1 1
github.com/openagentsinc/bahia/internal/soulfactory/reactor.go:605.2,606.19 2 0
github.com/openagentsinc/bahia/internal/soulfactory/reactor.go:606.19,608.3 1 0
github.com/openagentsinc/bahia/internal/soulfactory/reactor.go:611.2,618.42 2 0
github.com/openagentsinc/bahia/internal/soulfactory/reactor.go:618.42,620.3 1 0
github.com/openagentsinc/bahia/internal/soulfactory/reactor.go:622.2,622.44 1 0
github.com/openagentsinc/bahia/internal/soulfactory/reactor.go:625.50,627.17 2 1
github.com/openagentsinc/bahia/internal/soulfactory/reactor.go:627.17,629.3 1 0
github.com/openagentsinc/bahia/internal/soulfactory/reactor.go:630.2,631.21 2 1
github.com/openagentsinc/bahia/internal/soulfactory/reactor.go:631.21,633.3 1 1
github.com/openagentsinc/bahia/internal/soulfactory/reactor.go:634.2,634.14 1 0
github.com/openagentsinc/bahia/internal/soulfactory/reactor.go:638.72,645.33 2 0
github.com/openagentsinc/bahia/internal/soulfactory/reactor.go:645.33,646.19 1 0
github.com/openagentsinc/bahia/internal/soulfactory/reactor.go:646.19,647.12 1 0
github.com/openagentsinc/bahia/internal/soulfactory/reactor.go:649.3,649.17 1 0
github.com/openagentsinc/bahia/internal/soulfactory/reactor.go:650.12,651.25 1 0
github.com/openagentsinc/bahia/internal/soulfactory/reactor.go:652.15,653.22 1 0
github.com/openagentsinc/bahia/internal/soulfactory/reactor.go:654.18,655.25 1 0
github.com/openagentsinc/bahia/internal/soulfactory/reactor.go:656.15,657.39 1 0
github.com/openagentsinc/bahia/internal/soulfactory/reactor.go:658.17,659.43 1 0
github.com/openagentsinc/bahia/internal/soulfactory/reactor.go:660.12,661.41 1 0
github.com/openagentsinc/bahia/internal/soulfactory/reactor.go:661.41,663.5 1 0
github.com/openagentsinc/bahia/internal/soulfactory/reactor.go:664.15,665.27 1 0
github.com/openagentsinc/bahia/internal/soulfactory/reactor.go:666.16,667.23 1 0
github.com/openagentsinc/bahia/internal/soulfactory/reactor.go:668.17,669.27 1 0
github.com/openagentsinc/bahia/internal/soulfactory/reactor.go:670.17,671.27 1 0
github.com/openagentsinc/bahia/internal/soulfactory/reactor.go:672.20,673.30 1 0
github.com/openagentsinc/bahia/internal/soulfactory/reactor.go:674.17,675.34 1 0
github.com/openagentsinc/bahia/internal/soulfactory/reactor.go:676.20,677.34 1 0
github.com/openagentsinc/bahia/internal/soulfactory/reactor.go:678.19,679.29 1 0
github.com/openagentsinc/bahia/internal/soulfactory/reactor.go:680.24,681.30 1 0
github.com/openagentsinc/bahia/internal/soulfactory/reactor.go:682.18,683.49 1 0
github.com/openagentsinc/bahia/internal/soulfactory/reactor.go:683.49,685.5 1 0
github.com/openagentsinc/bahia/internal/soulfactory/reactor.go:686.23,689.55 3 0
github.com/openagentsinc/bahia/internal/soulfactory/reactor.go:690.15,691.21 1 0
github.com/openagentsinc/bahia/internal/soulfactory/reactor.go:691.21,693.21 2 0
github.com/openagentsinc/bahia/internal/soulfactory/reactor.go:693.21,695.6 1 0
github.com/openagentsinc/bahia/internal/soulfactory/reactor.go:696.5,696.53 1 0
github.com/openagentsinc/bahia/internal/soulfactory/reactor.go:701.2,701.13 1 0
github.com/openagentsinc/bahia/internal/soulfactory/status_sync.go:26.121,33.2 1 1
github.com/openagentsinc/bahia/internal/soulfactory/status_sync.go:36.66,37.32 1 1
github.com/openagentsinc/bahia/internal/soulfactory/status_sync.go:37.32,39.3 1 0
github.com/openagentsinc/bahia/internal/soulfactory/status_sync.go:41.2,43.38 3 1
github.com/openagentsinc/bahia/internal/soulfactory/status_sync.go:47.65,51.2 3 0
github.com/openagentsinc/bahia/internal/soulfactory/status_sync.go:55.82,60.16 3 1
github.com/openagentsinc/bahia/internal/soulfactory/status_sync.go:60.16,63.3 2 0
github.com/openagentsinc/bahia/internal/soulfactory/status_sync.go:66.2,70.13 4 1
github.com/openagentsinc/bahia/internal/soulfactory/status_sync.go:70.13,72.3 1 1
github.com/openagentsinc/bahia/internal/soulfactory/status_sync.go:74.2,76.20 2 1
github.com/openagentsinc/bahia/internal/soulfactory/status_sync.go:77.42,78.47 1 1
github.com/openagentsinc/bahia/internal/soulfactory/status_sync.go:79.43,80.52 1 1
github.com/openagentsinc/bahia/internal/soulfactory/status_sync.go:81.10,83.9 1 0
github.com/openagentsinc/bahia/internal/soulfactory/status_sync.go:88.119,93.9 3 1
github.com/openagentsinc/bahia/internal/soulfactory/status_sync.go:93.9,96.3 2 0
github.com/openagentsinc/bahia/internal/soulfactory/status_sync.go:98.2,103.16 4 1
github.com/openagentsinc/bahia/internal/soulfactory/status_sync.go:104.41,105.28 1 1
github.com/openagentsinc/bahia/internal/soulfactory/status_sync.go:106.38,107.26 1 0
github.com/openagentsinc/bahia/internal/soulfactory/status_sync.go:108.41,109.29 1 0
github.com/openagentsinc/bahia/internal/soulfactory/status_sync.go:110.10,111.24 1 0
github.com/openagentsinc/bahia/internal/soulfactory/status_sync.go:115.2,115.74 1 1
github.com/openagentsinc/bahia/internal/soulfactory/status_sync.go:115.74,117.3 1 0
github.com/openagentsinc/bahia/internal/soulfactory/status_sync.go:121.124,125.73 3 1
github.com/openagentsinc/bahia/internal/soulfactory/status_sync.go:125.73,127.3 1 0
github.com/openagentsinc/bahia/internal/soulfactory/status_sync.go:131.124,137.57 4 1
github.com/openagentsinc/bahia/internal/soulfactory/status_sync.go:137.57,139.3 1 0
github.com/openagentsinc/bahia/internal/soulfactory/status_sync.go:141.2,146.12 2 1
github.com/openagentsinc/bahia/internal/soulfactory/status_sync.go:150.85,152.55 1 1
github.com/openagentsinc/bahia/internal/soulfactory/status_sync.go:152.55,154.3 1 1
github.com/openagentsinc/bahia/internal/soulfactory/status_sync.go:157.2,157.35 1 0
github.com/openagentsinc/bahia/internal/soulfactory/status_sync.go:158.32,159.29 1 0
github.com/openagentsinc/bahia/internal/soulfactory/status_sync.go:160.29,162.71 1 0
github.com/openagentsinc/bahia/internal/soulfactory/status_sync.go:163.30,164.49 1 0
github.com/openagentsinc/bahia/internal/soulfactory/status_sync.go:164.49,166.4 1 0
github.com/openagentsinc/bahia/internal/soulfactory/status_sync.go:169.2,169.72 1 0
github.com/openagentsinc/bahia/internal/soulfactory/workspace.go:30.89,31.19 1 0
github.com/openagentsinc/bahia/internal/soulfactory/workspace.go:31.19,33.3 1 0
github.com/openagentsinc/bahia/internal/soulfactory/workspace.go:35.2,39.3 1 0
github.com/openagentsinc/bahia/internal/soulfactory/workspace.go:43.115,44.22 1 0
github.com/openagentsinc/bahia/internal/soulfactory/workspace.go:44.22,46.3 1 0
github.com/openagentsinc/bahia/internal/soulfactory/workspace.go:47.2,54.16 3 0
github.com/openagentsinc/bahia/internal/soulfactory/workspace.go:54.16,56.3 1 0
github.com/openagentsinc/bahia/internal/soulfactory/workspace.go:57.2,60.54 2 0
github.com/openagentsinc/bahia/internal/soulfactory/workspace.go:60.54,62.3 1 0
github.com/openagentsinc/bahia/internal/soulfactory/workspace.go:65.2,65.61 1 0
github.com/openagentsinc/bahia/internal/soulfactory/workspace.go:65.61,67.3 1 0
github.com/openagentsinc/bahia/internal/soulfactory/workspace.go:70.2,70.59 1 0
github.com/openagentsinc/bahia/internal/soulfactory/workspace.go:70.59,72.3 1 0
github.com/openagentsinc/bahia/internal/soulfactory/workspace.go:74.2,75.73 2 0
github.com/openagentsinc/bahia/internal/soulfactory/workspace.go:75.73,77.3 1 0
github.com/openagentsinc/bahia/internal/soulfactory/workspace.go:80.2,81.16 2 0
github.com/openagentsinc/bahia/internal/soulfactory/workspace.go:81.16,83.3 1 0
github.com/openagentsinc/bahia/internal/soulfactory/workspace.go:85.2,90.21 2 0
github.com/openagentsinc/bahia/internal/soulfactory/workspace.go:94.91,112.91 2 0
github.com/openagentsinc/bahia/internal/soulfactory/workspace.go:112.91,114.3 1 0
github.com/openagentsinc/bahia/internal/soulfactory/workspace.go:117.2,117.99 1 0
github.com/openagentsinc/bahia/internal/soulfactory/workspace.go:117.99,119.3 1 0
github.com/openagentsinc/bahia/internal/soulfactory/workspace.go:122.2,122.95 1 0
github.com/openagentsinc/bahia/internal/soulfactory/workspace.go:122.95,124.3 1 0
github.com/openagentsinc/bahia/internal/soulfactory/workspace.go:127.2,127.93 1 0
github.com/openagentsinc/bahia/internal/soulfactory/workspace.go:127.93,129.3 1 0
github.com/openagentsinc/bahia/internal/soulfactory/workspace.go:132.2,133.53 2 0
github.com/openagentsinc/bahia/internal/soulfactory/workspace.go:133.53,135.3 1 0
github.com/openagentsinc/bahia/internal/soulfactory/workspace.go:136.2,136.107 1 0
github.com/openagentsinc/bahia/internal/soulfactory/workspace.go:136.107,138.3 1 0
github.com/openagentsinc/bahia/internal/soulfactory/workspace.go:140.2,140.12 1 0
github.com/openagentsinc/bahia/internal/soulfactory/workspace.go:143.92,145.16 2 0
github.com/openagentsinc/bahia/internal/soulfactory/workspace.go:145.16,147.3 1 0
github.com/openagentsinc/bahia/internal/soulfactory/workspace.go:149.2,150.49 2 0
github.com/openagentsinc/bahia/internal/soulfactory/workspace.go:150.49,152.3 1 0
github.com/openagentsinc/bahia/internal/soulfactory/workspace.go:154.2,154.62 1 0
github.com/openagentsinc/bahia/internal/soulfactory/workspace.go:154.62,156.3 1 0
github.com/openagentsinc/bahia/internal/soulfactory/workspace.go:158.2,158.12 1 0
github.com/openagentsinc/bahia/internal/soulfactory/workspace.go:161.90,172.16 5 0
github.com/openagentsinc/bahia/internal/soulfactory/workspace.go:172.16,174.3 1 0
github.com/openagentsinc/bahia/internal/soulfactory/workspace.go:176.2,176.12 1 0
github.com/openagentsinc/bahia/internal/soulfactory/workspace.go:179.114,181.49 1 0
github.com/openagentsinc/bahia/internal/soulfactory/workspace.go:181.49,183.3 1 0
github.com/openagentsinc/bahia/internal/soulfactory/workspace.go:186.2,192.53 3 0
github.com/openagentsinc/bahia/internal/soulfactory/workspace.go:192.53,194.3 1 0
github.com/openagentsinc/bahia/internal/soulfactory/workspace.go:197.2,197.73 1 0
github.com/openagentsinc/bahia/internal/soulfactory/workspace.go:197.73,199.3 1 0
github.com/openagentsinc/bahia/internal/soulfactory/workspace.go:201.2,201.86 1 0
