mode: atomic
github.com/openagentsinc/bahia/cmd/cli/main.go:31.13,35.52 4 0
github.com/openagentsinc/bahia/cmd/cli/main.go:35.52,37.3 1 0
github.com/openagentsinc/bahia/cmd/cli/main.go:40.38,45.68 1 3
github.com/openagentsinc/bahia/cmd/cli/main.go:45.68,48.4 2 2
github.com/openagentsinc/bahia/cmd/cli/main.go:51.2,74.16 8 3
github.com/openagentsinc/bahia/cmd/cli/main.go:79.36,85.55 2 4
github.com/openagentsinc/bahia/cmd/cli/main.go:85.55,87.18 2 0
github.com/openagentsinc/bahia/cmd/cli/main.go:87.18,89.5 1 0
github.com/openagentsinc/bahia/cmd/cli/main.go:90.4,90.23 1 0
github.com/openagentsinc/bahia/cmd/cli/main.go:90.23,92.5 1 0
github.com/openagentsinc/bahia/cmd/cli/main.go:93.4,94.18 2 0
github.com/openagentsinc/bahia/cmd/cli/main.go:94.18,96.5 1 0
github.com/openagentsinc/bahia/cmd/cli/main.go:97.4,98.18 2 0
github.com/openagentsinc/bahia/cmd/cli/main.go:98.18,100.5 1 0
github.com/openagentsinc/bahia/cmd/cli/main.go:101.4,103.14 3 0
github.com/openagentsinc/bahia/cmd/cli/main.go:107.2,108.16 2 4
github.com/openagentsinc/bahia/cmd/cli/main.go:113.40,119.55 2 4
github.com/openagentsinc/bahia/cmd/cli/main.go:119.55,121.18 2 0
github.com/openagentsinc/bahia/cmd/cli/main.go:121.18,123.5 1 0
github.com/openagentsinc/bahia/cmd/cli/main.go:124.4,124.112 1 0
github.com/openagentsinc/bahia/cmd/cli/main.go:124.112,126.5 1 0
github.com/openagentsinc/bahia/cmd/cli/main.go:130.2,134.55 1 4
github.com/openagentsinc/bahia/cmd/cli/main.go:134.55,136.18 2 0
github.com/openagentsinc/bahia/cmd/cli/main.go:136.18,138.5 1 0
github.com/openagentsinc/bahia/cmd/cli/main.go:139.4,139.28 1 0
github.com/openagentsinc/bahia/cmd/cli/main.go:143.2,147.55 1 4
github.com/openagentsinc/bahia/cmd/cli/main.go:147.55,153.18 5 0
github.com/openagentsinc/bahia/cmd/cli/main.go:153.18,155.5 1 0
github.com/openagentsinc/bahia/cmd/cli/main.go:156.4,156.28 1 0
github.com/openagentsinc/bahia/cmd/cli/main.go:159.2,168.12 8 4
github.com/openagentsinc/bahia/cmd/cli/main.go:171.46,178.55 2 5
github.com/openagentsinc/bahia/cmd/cli/main.go:178.55,183.24 5 0
github.com/openagentsinc/bahia/cmd/cli/main.go:183.24,185.5 1 0
github.com/openagentsinc/bahia/cmd/cli/main.go:186.4,186.152 1 0
github.com/openagentsinc/bahia/cmd/cli/main.go:186.152,188.5 1 0
github.com/openagentsinc/bahia/cmd/cli/main.go:189.4,189.18 1 0
github.com/openagentsinc/bahia/cmd/cli/main.go:189.18,191.5 1 0
github.com/openagentsinc/bahia/cmd/cli/main.go:192.4,192.31 1 0
github.com/openagentsinc/bahia/cmd/cli/main.go:195.2,205.55 6 5
github.com/openagentsinc/bahia/cmd/cli/main.go:205.55,208.148 3 1
github.com/openagentsinc/bahia/cmd/cli/main.go:208.148,210.5 1 0
github.com/openagentsinc/bahia/cmd/cli/main.go:211.4,211.18 1 1
github.com/openagentsinc/bahia/cmd/cli/main.go:211.18,213.5 1 0
github.com/openagentsinc/bahia/cmd/cli/main.go:214.4,214.31 1 1
github.com/openagentsinc/bahia/cmd/cli/main.go:217.2,226.55 5 5
github.com/openagentsinc/bahia/cmd/cli/main.go:226.55,229.145 3 0
github.com/openagentsinc/bahia/cmd/cli/main.go:229.145,231.5 1 0
github.com/openagentsinc/bahia/cmd/cli/main.go:232.4,232.18 1 0
github.com/openagentsinc/bahia/cmd/cli/main.go:232.18,234.5 1 0
github.com/openagentsinc/bahia/cmd/cli/main.go:235.4,235.31 1 0
github.com/openagentsinc/bahia/cmd/cli/main.go:238.2,244.12 6 5
github.com/openagentsinc/bahia/cmd/cli/main.go:249.44,255.55 2 4
github.com/openagentsinc/bahia/cmd/cli/main.go:255.55,257.18 2 0
github.com/openagentsinc/bahia/cmd/cli/main.go:257.18,259.5 1 0
github.com/openagentsinc/bahia/cmd/cli/main.go:260.4,260.109 1 0
github.com/openagentsinc/bahia/cmd/cli/main.go:260.109,262.20 2 0
github.com/openagentsinc/bahia/cmd/cli/main.go:262.20,264.6 1 0
github.com/openagentsinc/bahia/cmd/cli/main.go:265.5,265.75 1 0
github.com/openagentsinc/bahia/cmd/cli/main.go:270.2,274.55 1 4
github.com/openagentsinc/bahia/cmd/cli/main.go:274.55,276.18 2 0
github.com/openagentsinc/bahia/cmd/cli/main.go:276.18,278.5 1 0
github.com/openagentsinc/bahia/cmd/cli/main.go:279.4,279.28 1 0
github.com/openagentsinc/bahia/cmd/cli/main.go:283.2,287.55 1 4
github.com/openagentsinc/bahia/cmd/cli/main.go:287.55,293.18 5 0
github.com/openagentsinc/bahia/cmd/cli/main.go:293.18,295.5 1 0
github.com/openagentsinc/bahia/cmd/cli/main.go:296.4,296.28 1 0
github.com/openagentsinc/bahia/cmd/cli/main.go:299.2,305.12 6 4
github.com/openagentsinc/bahia/cmd/cli/main.go:310.37,316.55 2 3
github.com/openagentsinc/bahia/cmd/cli/main.go:316.55,318.18 2 0
github.com/openagentsinc/bahia/cmd/cli/main.go:318.18,320.5 1 0
github.com/openagentsinc/bahia/cmd/cli/main.go:321.4,321.119 1 0
github.com/openagentsinc/bahia/cmd/cli/main.go:321.119,323.5 1 0
github.com/openagentsinc/bahia/cmd/cli/main.go:327.2,330.55 1 3
github.com/openagentsinc/bahia/cmd/cli/main.go:330.55,332.18 2 0
github.com/openagentsinc/bahia/cmd/cli/main.go:332.18,334.5 1 0
github.com/openagentsinc/bahia/cmd/cli/main.go:335.4,335.24 1 0
github.com/openagentsinc/bahia/cmd/cli/main.go:335.24,338.5 2 0
github.com/openagentsinc/bahia/cmd/cli/main.go:339.4,339.110 1 0
github.com/openagentsinc/bahia/cmd/cli/main.go:339.110,341.5 1 0
github.com/openagentsinc/bahia/cmd/cli/main.go:345.2,346.12 2 3
github.com/openagentsinc/bahia/cmd/cli/main.go:351.38,355.55 1 4
github.com/openagentsinc/bahia/cmd/cli/main.go:355.55,362.18 6 0
github.com/openagentsinc/bahia/cmd/cli/main.go:362.18,364.5 1 0
github.com/openagentsinc/bahia/cmd/cli/main.go:365.4,366.14 2 0
github.com/openagentsinc/bahia/cmd/cli/main.go:369.2,380.55 8 4
github.com/openagentsinc/bahia/cmd/cli/main.go:380.55,386.18 5 0
github.com/openagentsinc/bahia/cmd/cli/main.go:386.18,388.5 1 0
github.com/openagentsinc/bahia/cmd/cli/main.go:389.4,390.14 2 0
github.com/openagentsinc/bahia/cmd/cli/main.go:393.2,402.48 6 4
github.com/openagentsinc/bahia/cmd/cli/main.go:402.48,404.4 1 0
github.com/openagentsinc/bahia/cmd/cli/main.go:406.2,407.23 2 4
github.com/openagentsinc/bahia/cmd/cli/main.go:412.37,421.55 5 4
github.com/openagentsinc/bahia/cmd/cli/main.go:421.55,423.18 2 1
github.com/openagentsinc/bahia/cmd/cli/main.go:423.18,425.5 1 0
github.com/openagentsinc/bahia/cmd/cli/main.go:426.4,426.183 1 1
github.com/openagentsinc/bahia/cmd/cli/main.go:426.183,428.5 1 0
github.com/openagentsinc/bahia/cmd/cli/main.go:429.4,429.18 1 1
github.com/openagentsinc/bahia/cmd/cli/main.go:429.18,431.5 1 1
github.com/openagentsinc/bahia/cmd/cli/main.go:432.4,432.31 1 0
github.com/openagentsinc/bahia/cmd/cli/main.go:432.31,434.5 1 0
github.com/openagentsinc/bahia/cmd/cli/main.go:435.4,436.150 2 0
github.com/openagentsinc/bahia/cmd/cli/main.go:436.150,438.5 1 0
github.com/openagentsinc/bahia/cmd/cli/main.go:441.2,453.55 9 4
github.com/openagentsinc/bahia/cmd/cli/main.go:453.55,455.18 2 0
github.com/openagentsinc/bahia/cmd/cli/main.go:455.18,457.5 1 0
github.com/openagentsinc/bahia/cmd/cli/main.go:458.4,459.18 2 0
github.com/openagentsinc/bahia/cmd/cli/main.go:459.18,461.5 1 0
github.com/openagentsinc/bahia/cmd/cli/main.go:462.4,462.42 1 0
github.com/openagentsinc/bahia/cmd/cli/main.go:462.42,464.5 1 0
github.com/openagentsinc/bahia/cmd/cli/main.go:465.4,466.150 2 0
github.com/openagentsinc/bahia/cmd/cli/main.go:466.150,468.5 1 0
github.com/openagentsinc/bahia/cmd/cli/main.go:469.4,469.18 1 0
github.com/openagentsinc/bahia/cmd/cli/main.go:469.18,471.5 1 0
github.com/openagentsinc/bahia/cmd/cli/main.go:472.4,472.137 1 0
github.com/openagentsinc/bahia/cmd/cli/main.go:472.137,474.5 1 0
github.com/openagentsinc/bahia/cmd/cli/main.go:477.2,484.12 7 4
github.com/openagentsinc/bahia/cmd/cli/main.go:497.89,499.35 2 0
github.com/openagentsinc/bahia/cmd/cli/main.go:499.35,500.26 1 0
github.com/openagentsinc/bahia/cmd/cli/main.go:500.26,502.12 2 0
github.com/openagentsinc/bahia/cmd/cli/main.go:504.3,504.48 1 0
github.com/openagentsinc/bahia/cmd/cli/main.go:504.48,506.27 2 0
github.com/openagentsinc/bahia/cmd/cli/main.go:506.27,508.5 1 0
github.com/openagentsinc/bahia/cmd/cli/main.go:509.4,517.6 1 0
github.com/openagentsinc/bahia/cmd/cli/main.go:520.2,520.13 1 0
github.com/openagentsinc/bahia/cmd/cli/main.go:523.116,525.39 2 6
github.com/openagentsinc/bahia/cmd/cli/main.go:525.39,527.17 2 3
github.com/openagentsinc/bahia/cmd/cli/main.go:527.17,529.4 1 0
github.com/openagentsinc/bahia/cmd/cli/main.go:530.3,532.35 3 3
github.com/openagentsinc/bahia/cmd/cli/main.go:532.35,534.4 1 0
github.com/openagentsinc/bahia/cmd/cli/main.go:535.3,535.32 1 3
github.com/openagentsinc/bahia/cmd/cli/main.go:537.2,537.55 1 6
github.com/openagentsinc/bahia/cmd/cli/main.go:537.55,539.3 1 0
github.com/openagentsinc/bahia/cmd/cli/main.go:540.2,542.34 3 6
github.com/openagentsinc/bahia/cmd/cli/main.go:542.34,545.58 3 7
github.com/openagentsinc/bahia/cmd/cli/main.go:545.58,548.4 2 3
github.com/openagentsinc/bahia/cmd/cli/main.go:549.3,550.39 2 7
github.com/openagentsinc/bahia/cmd/cli/main.go:550.39,552.4 1 0
github.com/openagentsinc/bahia/cmd/cli/main.go:553.3,553.31 1 7
github.com/openagentsinc/bahia/cmd/cli/main.go:553.31,555.4 1 2
github.com/openagentsinc/bahia/cmd/cli/main.go:556.3,557.128 2 5
github.com/openagentsinc/bahia/cmd/cli/main.go:559.2,559.37 1 4
github.com/openagentsinc/bahia/cmd/cli/main.go:559.37,561.17 2 2
github.com/openagentsinc/bahia/cmd/cli/main.go:561.17,563.4 1 0
github.com/openagentsinc/bahia/cmd/cli/main.go:564.3,565.18 2 2
github.com/openagentsinc/bahia/cmd/cli/main.go:565.18,567.4 1 0
github.com/openagentsinc/bahia/cmd/cli/main.go:568.3,568.31 1 2
github.com/openagentsinc/bahia/cmd/cli/main.go:568.31,570.4 1 0
github.com/openagentsinc/bahia/cmd/cli/main.go:571.3,572.120 2 2
github.com/openagentsinc/bahia/cmd/cli/main.go:574.2,574.34 1 4
github.com/openagentsinc/bahia/cmd/cli/main.go:574.34,575.32 1 3
github.com/openagentsinc/bahia/cmd/cli/main.go:575.32,577.4 1 1
github.com/openagentsinc/bahia/cmd/cli/main.go:579.2,579.21 1 3
github.com/openagentsinc/bahia/cmd/cli/main.go:582.91,585.37 3 4
github.com/openagentsinc/bahia/cmd/cli/main.go:585.37,587.22 2 6
github.com/openagentsinc/bahia/cmd/cli/main.go:587.22,589.4 1 0
github.com/openagentsinc/bahia/cmd/cli/main.go:590.3,591.59 2 6
github.com/openagentsinc/bahia/cmd/cli/main.go:591.59,594.25 3 2
github.com/openagentsinc/bahia/cmd/cli/main.go:594.25,596.5 1 1
github.com/openagentsinc/bahia/cmd/cli/main.go:598.3,601.46 4 5
github.com/openagentsinc/bahia/cmd/cli/main.go:601.46,603.4 1 1
github.com/openagentsinc/bahia/cmd/cli/main.go:604.3,605.29 2 4
github.com/openagentsinc/bahia/cmd/cli/main.go:605.29,607.4 1 1
github.com/openagentsinc/bahia/cmd/cli/main.go:608.3,609.139 2 3
github.com/openagentsinc/bahia/cmd/cli/main.go:611.2,611.24 1 1
github.com/openagentsinc/bahia/cmd/cli/main.go:616.52,620.35 4 22
github.com/openagentsinc/bahia/cmd/cli/main.go:620.35,622.3 1 0
github.com/openagentsinc/bahia/cmd/cli/main.go:623.2,623.13 1 22
github.com/openagentsinc/bahia/cmd/cli/main.go:626.70,630.37 4 5
github.com/openagentsinc/bahia/cmd/cli/main.go:630.37,632.3 1 0
github.com/openagentsinc/bahia/cmd/cli/main.go:633.2,633.24 1 5
github.com/openagentsinc/bahia/cmd/cli/main.go:636.36,637.28 1 0
github.com/openagentsinc/bahia/cmd/cli/main.go:637.28,639.3 1 0
github.com/openagentsinc/bahia/cmd/cli/main.go:640.2,640.22 1 0
github.com/openagentsinc/bahia/cmd/cli/main.go:643.45,644.31 1 0
github.com/openagentsinc/bahia/cmd/cli/main.go:644.31,645.18 1 0
github.com/openagentsinc/bahia/cmd/cli/main.go:645.18,647.4 1 0
github.com/openagentsinc/bahia/cmd/cli/main.go:649.2,649.11 1 0
github.com/openagentsinc/bahia/cmd/cli/main.go:654.39,660.55 2 3
github.com/openagentsinc/bahia/cmd/cli/main.go:660.55,662.18 2 0
github.com/openagentsinc/bahia/cmd/cli/main.go:662.18,664.5 1 0
github.com/openagentsinc/bahia/cmd/cli/main.go:665.4,665.115 1 0
github.com/openagentsinc/bahia/cmd/cli/main.go:665.115,667.23 2 0
github.com/openagentsinc/bahia/cmd/cli/main.go:667.23,669.6 1 0
github.com/openagentsinc/bahia/cmd/cli/main.go:670.5,670.97 1 0
github.com/openagentsinc/bahia/cmd/cli/main.go:675.2,679.55 1 3
github.com/openagentsinc/bahia/cmd/cli/main.go:679.55,681.18 2 0
github.com/openagentsinc/bahia/cmd/cli/main.go:681.18,683.5 1 0
github.com/openagentsinc/bahia/cmd/cli/main.go:684.4,684.31 1 0
github.com/openagentsinc/bahia/cmd/cli/main.go:688.2,689.12 2 3
github.com/openagentsinc/bahia/cmd/cli/main.go:694.36,704.55 2 3
github.com/openagentsinc/bahia/cmd/cli/main.go:704.55,709.18 4 0
github.com/openagentsinc/bahia/cmd/cli/main.go:709.18,711.5 1 0
github.com/openagentsinc/bahia/cmd/cli/main.go:713.4,713.31 1 0
github.com/openagentsinc/bahia/cmd/cli/main.go:713.31,715.5 1 0
github.com/openagentsinc/bahia/cmd/cli/main.go:717.4,717.25 1 0
github.com/openagentsinc/bahia/cmd/cli/main.go:717.25,720.5 2 0
github.com/openagentsinc/bahia/cmd/cli/main.go:721.4,721.25 1 0
github.com/openagentsinc/bahia/cmd/cli/main.go:721.25,724.5 2 0
github.com/openagentsinc/bahia/cmd/cli/main.go:725.4,725.28 1 0
github.com/openagentsinc/bahia/cmd/cli/main.go:725.28,727.5 1 0
github.com/openagentsinc/bahia/cmd/cli/main.go:728.4,728.27 1 0
github.com/openagentsinc/bahia/cmd/cli/main.go:728.27,730.5 1 0
github.com/openagentsinc/bahia/cmd/cli/main.go:731.4,731.14 1 0
github.com/openagentsinc/bahia/cmd/cli/main.go:734.2,741.55 3 3
github.com/openagentsinc/bahia/cmd/cli/main.go:741.55,745.101 3 0
github.com/openagentsinc/bahia/cmd/cli/main.go:745.101,747.21 2 0
github.com/openagentsinc/bahia/cmd/cli/main.go:747.21,749.6 1 0
github.com/openagentsinc/bahia/cmd/cli/main.go:750.5,751.27 2 0
github.com/openagentsinc/bahia/cmd/cli/main.go:751.27,753.6 1 0
github.com/openagentsinc/bahia/cmd/cli/main.go:753.11,755.6 1 0
github.com/openagentsinc/bahia/cmd/cli/main.go:756.5,756.59 1 0
github.com/openagentsinc/bahia/cmd/cli/main.go:760.2,763.12 3 3
github.com/openagentsinc/bahia/cmd/cli/main.go:768.40,774.55 2 3
github.com/openagentsinc/bahia/cmd/cli/main.go:774.55,776.18 2 0
github.com/openagentsinc/bahia/cmd/cli/main.go:776.18,778.5 1 0
github.com/openagentsinc/bahia/cmd/cli/main.go:779.4,779.119 1 0
github.com/openagentsinc/bahia/cmd/cli/main.go:779.119,781.18 2 0
github.com/openagentsinc/bahia/cmd/cli/main.go:781.18,783.6 1 0
github.com/openagentsinc/bahia/cmd/cli/main.go:784.5,784.75 1 0
github.com/openagentsinc/bahia/cmd/cli/main.go:789.2,793.55 1 3
github.com/openagentsinc/bahia/cmd/cli/main.go:793.55,795.18 2 0
github.com/openagentsinc/bahia/cmd/cli/main.go:795.18,797.5 1 0
github.com/openagentsinc/bahia/cmd/cli/main.go:798.4,798.31 1 0
github.com/openagentsinc/bahia/cmd/cli/main.go:802.2,805.55 1 3
github.com/openagentsinc/bahia/cmd/cli/main.go:805.55,812.23 6 0
github.com/openagentsinc/bahia/cmd/cli/main.go:812.23,813.69 1 0
github.com/openagentsinc/bahia/cmd/cli/main.go:813.69,815.6 1 0
github.com/openagentsinc/bahia/cmd/cli/main.go:818.4,819.18 2 0
github.com/openagentsinc/bahia/cmd/cli/main.go:819.18,821.5 1 0
github.com/openagentsinc/bahia/cmd/cli/main.go:822.4,823.14 2 0
github.com/openagentsinc/bahia/cmd/cli/main.go:826.2,833.12 7 3
github.com/openagentsinc/bahia/cmd/cli/main.go:838.39,845.55 2 3
github.com/openagentsinc/bahia/cmd/cli/main.go:845.55,847.18 2 0
github.com/openagentsinc/bahia/cmd/cli/main.go:847.18,849.5 1 0
github.com/openagentsinc/bahia/cmd/cli/main.go:850.4,850.117 1 0
github.com/openagentsinc/bahia/cmd/cli/main.go:850.117,852.18 2 0
github.com/openagentsinc/bahia/cmd/cli/main.go:852.18,854.6 1 0
github.com/openagentsinc/bahia/cmd/cli/main.go:855.5,855.89 1 0
github.com/openagentsinc/bahia/cmd/cli/main.go:860.2,864.55 1 3
github.com/openagentsinc/bahia/cmd/cli/main.go:864.55,867.18 3 0
github.com/openagentsinc/bahia/cmd/cli/main.go:867.18,869.5 1 0
github.com/openagentsinc/bahia/cmd/cli/main.go:870.4,871.14 2 0
github.com/openagentsinc/bahia/cmd/cli/main.go:874.2,880.55 2 3
github.com/openagentsinc/bahia/cmd/cli/main.go:880.55,881.82 1 0
github.com/openagentsinc/bahia/cmd/cli/main.go:881.82,883.5 1 0
github.com/openagentsinc/bahia/cmd/cli/main.go:884.4,885.14 2 0
github.com/openagentsinc/bahia/cmd/cli/main.go:889.2,890.12 2 3
github.com/openagentsinc/bahia/cmd/cli/main.go:895.36,901.55 2 3
github.com/openagentsinc/bahia/cmd/cli/main.go:901.55,903.18 2 0
github.com/openagentsinc/bahia/cmd/cli/main.go:903.18,905.5 1 0
github.com/openagentsinc/bahia/cmd/cli/main.go:906.4,906.101 1 0
github.com/openagentsinc/bahia/cmd/cli/main.go:906.101,908.5 1 0
github.com/openagentsinc/bahia/cmd/cli/main.go:912.2,916.55 1 3
github.com/openagentsinc/bahia/cmd/cli/main.go:916.55,918.18 2 0
github.com/openagentsinc/bahia/cmd/cli/main.go:918.18,920.5 1 0
github.com/openagentsinc/bahia/cmd/cli/main.go:921.4,921.28 1 0
github.com/openagentsinc/bahia/cmd/cli/main.go:925.2,929.55 1 3
github.com/openagentsinc/bahia/cmd/cli/main.go:929.55,931.25 2 0
github.com/openagentsinc/bahia/cmd/cli/main.go:931.25,933.5 1 0
github.com/openagentsinc/bahia/cmd/cli/main.go:934.4,935.18 2 0
github.com/openagentsinc/bahia/cmd/cli/main.go:935.18,937.5 1 0
github.com/openagentsinc/bahia/cmd/cli/main.go:938.4,939.14 2 0
github.com/openagentsinc/bahia/cmd/cli/main.go:942.2,951.55 3 3
github.com/openagentsinc/bahia/cmd/cli/main.go:951.55,953.18 2 0
github.com/openagentsinc/bahia/cmd/cli/main.go:953.18,955.5 1 0
github.com/openagentsinc/bahia/cmd/cli/main.go:956.4,956.108 1 0
github.com/openagentsinc/bahia/cmd/cli/main.go:956.108,958.5 1 0
github.com/openagentsinc/bahia/cmd/cli/main.go:962.2,966.55 1 3
github.com/openagentsinc/bahia/cmd/cli/main.go:966.55,969.18 3 0
github.com/openagentsinc/bahia/cmd/cli/main.go:969.18,971.5 1 0
github.com/openagentsinc/bahia/cmd/cli/main.go:972.4,973.14 2 0
github.com/openagentsinc/bahia/cmd/cli/main.go:976.2,982.55 2 3
github.com/openagentsinc/bahia/cmd/cli/main.go:982.55,983.85 1 0
github.com/openagentsinc/bahia/cmd/cli/main.go:983.85,985.5 1 0
github.com/openagentsinc/bahia/cmd/cli/main.go:986.4,987.14 2 0
github.com/openagentsinc/bahia/cmd/cli/main.go:991.2,993.12 3 3
github.com/openagentsinc/bahia/cmd/cli/main.go:998.79,999.22 1 1
github.com/openagentsinc/bahia/cmd/cli/main.go:1000.14,1001.27 1 1
github.com/openagentsinc/bahia/cmd/cli/main.go:1002.14,1003.27 1 0
github.com/openagentsinc/bahia/cmd/cli/main.go:1004.10,1005.44 1 0
github.com/openagentsinc/bahia/cmd/cli/main.go:1009.35,1010.22 1 6
github.com/openagentsinc/bahia/cmd/cli/main.go:1011.14,1012.26 1 5
github.com/openagentsinc/bahia/cmd/cli/main.go:1013.14,1014.26 1 0
github.com/openagentsinc/bahia/cmd/cli/main.go:1015.10,1016.26 1 1
github.com/openagentsinc/bahia/cmd/cli/main.go:1020.84,1023.29 3 0
github.com/openagentsinc/bahia/cmd/cli/main.go:1023.29,1025.3 1 0
github.com/openagentsinc/bahia/cmd/cli/main.go:1026.2,1026.18 1 0
github.com/openagentsinc/bahia/cmd/cli/main.go:1029.30,1033.2 3 7
github.com/openagentsinc/bahia/cmd/cli/main.go:1035.30,1039.2 3 0
github.com/openagentsinc/bahia/cmd/cli/main.go:1041.39,1042.17 1 0
github.com/openagentsinc/bahia/cmd/cli/main.go:1042.17,1044.3 1 0
github.com/openagentsinc/bahia/cmd/cli/main.go:1045.2,1045.24 1 0
github.com/openagentsinc/bahia/cmd/cli/main.go:1048.46,1049.34 1 3
github.com/openagentsinc/bahia/cmd/cli/main.go:1049.34,1051.3 1 0
github.com/openagentsinc/bahia/cmd/cli/main.go:1052.2,1052.12 1 3
github.com/openagentsinc/bahia/cmd/cli/main.go:1057.70,1059.16 2 3
github.com/openagentsinc/bahia/cmd/cli/main.go:1059.16,1061.3 1 0
github.com/openagentsinc/bahia/cmd/cli/main.go:1062.2,1062.21 1 3
github.com/openagentsinc/bahia/cmd/cli/main.go:1062.21,1064.3 1 1
github.com/openagentsinc/bahia/cmd/cli/main.go:1065.2,1065.12 1 3
github.com/openagentsinc/bahia/cmd/cli/main.go:1068.88,1070.29 2 5
github.com/openagentsinc/bahia/cmd/cli/main.go:1070.29,1072.3 1 2
github.com/openagentsinc/bahia/cmd/cli/main.go:1073.2,1073.47 1 3
github.com/openagentsinc/bahia/cmd/cli/main.go:1076.70,1080.37 3 16
github.com/openagentsinc/bahia/cmd/cli/main.go:1080.37,1082.19 2 16
github.com/openagentsinc/bahia/cmd/cli/main.go:1082.19,1085.48 3 16
github.com/openagentsinc/bahia/cmd/cli/main.go:1085.48,1086.49 1 6
github.com/openagentsinc/bahia/cmd/cli/main.go:1086.49,1088.6 1 1
github.com/openagentsinc/bahia/cmd/cli/main.go:1089.5,1089.24 1 5
github.com/openagentsinc/bahia/cmd/cli/main.go:1089.24,1091.6 1 0
github.com/openagentsinc/bahia/cmd/cli/main.go:1092.5,1092.31 1 5
github.com/openagentsinc/bahia/cmd/cli/main.go:1097.2,1099.42 3 10
github.com/openagentsinc/bahia/cmd/cli/main.go:1099.42,1101.3 1 0
github.com/openagentsinc/bahia/cmd/cli/main.go:1102.2,1102.19 1 10
github.com/openagentsinc/bahia/cmd/cli/main.go:1102.19,1104.3 1 0
github.com/openagentsinc/bahia/cmd/cli/main.go:1105.2,1105.27 1 10
github.com/openagentsinc/bahia/cmd/cli/operator_nostr.go:23.99,25.2 1 0
github.com/openagentsinc/bahia/cmd/cli/operator_nostr.go:27.212,29.16 2 3
github.com/openagentsinc/bahia/cmd/cli/operator_nostr.go:29.16,31.3 1 1
github.com/openagentsinc/bahia/cmd/cli/operator_nostr.go:32.2,36.16 4 2
github.com/openagentsinc/bahia/cmd/cli/operator_nostr.go:37.16,38.106 1 0
github.com/openagentsinc/bahia/cmd/cli/operator_nostr.go:39.17,40.95 1 2
github.com/openagentsinc/bahia/cmd/cli/operator_nostr.go:41.14,42.92 1 0
github.com/openagentsinc/bahia/cmd/cli/operator_nostr.go:43.10,44.159 1 0
github.com/openagentsinc/bahia/cmd/cli/operator_nostr.go:46.2,46.16 1 2
github.com/openagentsinc/bahia/cmd/cli/operator_nostr.go:46.16,48.3 1 1
github.com/openagentsinc/bahia/cmd/cli/operator_nostr.go:49.2,49.20 1 1
github.com/openagentsinc/bahia/cmd/cli/operator_nostr.go:52.204,53.19 1 3
github.com/openagentsinc/bahia/cmd/cli/operator_nostr.go:53.19,54.28 1 3
github.com/openagentsinc/bahia/cmd/cli/operator_nostr.go:54.28,56.4 1 2
github.com/openagentsinc/bahia/cmd/cli/operator_nostr.go:57.3,57.33 1 1
github.com/openagentsinc/bahia/cmd/cli/operator_nostr.go:59.2,60.16 2 0
github.com/openagentsinc/bahia/cmd/cli/operator_nostr.go:60.16,62.3 1 0
github.com/openagentsinc/bahia/cmd/cli/operator_nostr.go:63.2,65.16 3 0
github.com/openagentsinc/bahia/cmd/cli/operator_nostr.go:65.16,67.3 1 0
github.com/openagentsinc/bahia/cmd/cli/operator_nostr.go:68.2,68.20 1 0
github.com/openagentsinc/bahia/cmd/cli/operator_nostr.go:71.218,72.19 1 2
github.com/openagentsinc/bahia/cmd/cli/operator_nostr.go:72.19,73.28 1 2
github.com/openagentsinc/bahia/cmd/cli/operator_nostr.go:73.28,75.4 1 1
github.com/openagentsinc/bahia/cmd/cli/operator_nostr.go:76.3,76.33 1 1
github.com/openagentsinc/bahia/cmd/cli/operator_nostr.go:78.2,79.16 2 0
github.com/openagentsinc/bahia/cmd/cli/operator_nostr.go:79.16,81.3 1 0
github.com/openagentsinc/bahia/cmd/cli/operator_nostr.go:82.2,84.16 3 0
github.com/openagentsinc/bahia/cmd/cli/operator_nostr.go:84.16,86.3 1 0
github.com/openagentsinc/bahia/cmd/cli/operator_nostr.go:87.2,87.20 1 0
github.com/openagentsinc/bahia/cmd/cli/operator_nostr.go:90.76,92.16 2 3
github.com/openagentsinc/bahia/cmd/cli/operator_nostr.go:92.16,94.3 1 0
github.com/openagentsinc/bahia/cmd/cli/operator_nostr.go:95.2,95.34 1 3
github.com/openagentsinc/bahia/cmd/cli/operator_nostr.go:95.34,97.3 1 0
github.com/openagentsinc/bahia/cmd/cli/operator_nostr.go:98.2,99.16 2 3
github.com/openagentsinc/bahia/cmd/cli/operator_nostr.go:99.16,101.3 1 0
github.com/openagentsinc/bahia/cmd/cli/operator_nostr.go:102.2,103.16 2 3
github.com/openagentsinc/bahia/cmd/cli/operator_nostr.go:103.16,105.3 1 1
github.com/openagentsinc/bahia/cmd/cli/operator_nostr.go:106.2,106.16 1 2
github.com/openagentsinc/bahia/cmd/cli/operator_nostr.go:109.66,110.37 1 12
github.com/openagentsinc/bahia/cmd/cli/operator_nostr.go:110.37,112.45 2 12
github.com/openagentsinc/bahia/cmd/cli/operator_nostr.go:112.45,114.24 2 2
github.com/openagentsinc/bahia/cmd/cli/operator_nostr.go:114.24,116.5 1 0
github.com/openagentsinc/bahia/cmd/cli/operator_nostr.go:117.4,117.22 1 2
github.com/openagentsinc/bahia/cmd/cli/operator_nostr.go:121.2,121.110 1 10
github.com/openagentsinc/bahia/cmd/cli/operator_nostr.go:121.110,123.3 1 9
github.com/openagentsinc/bahia/cmd/cli/operator_nostr.go:125.2,125.97 1 1
github.com/openagentsinc/bahia/cmd/cli/operator_nostr.go:128.51,131.31 3 12
github.com/openagentsinc/bahia/cmd/cli/operator_nostr.go:131.31,132.51 1 13
github.com/openagentsinc/bahia/cmd/cli/operator_nostr.go:132.51,134.19 2 14
github.com/openagentsinc/bahia/cmd/cli/operator_nostr.go:134.19,135.13 1 1
github.com/openagentsinc/bahia/cmd/cli/operator_nostr.go:137.4,138.38 2 13
github.com/openagentsinc/bahia/cmd/cli/operator_nostr.go:138.38,139.13 1 1
github.com/openagentsinc/bahia/cmd/cli/operator_nostr.go:141.4,142.28 2 12
github.com/openagentsinc/bahia/cmd/cli/operator_nostr.go:145.2,145.12 1 12
github.com/openagentsinc/bahia/cmd/cli/operator_nostr.go:148.114,150.86 2 2
github.com/openagentsinc/bahia/cmd/cli/operator_nostr.go:150.86,152.3 1 1
github.com/openagentsinc/bahia/cmd/cli/operator_nostr.go:153.2,153.43 1 1
github.com/openagentsinc/bahia/cmd/cli/operator_nostr.go:153.43,155.3 1 1
github.com/openagentsinc/bahia/cmd/cli/operator_nostr.go:156.2,156.32 1 1
github.com/openagentsinc/bahia/cmd/cli/operator_nostr.go:159.53,162.2 2 2
github.com/openagentsinc/bahia/cmd/cli/operator_nostr.go:164.96,165.29 1 4
github.com/openagentsinc/bahia/cmd/cli/operator_nostr.go:165.29,167.3 1 1
github.com/openagentsinc/bahia/cmd/cli/operator_nostr.go:168.2,168.49 1 3
github.com/openagentsinc/bahia/cmd/cli/operator_nostr.go:168.49,170.20 2 1
github.com/openagentsinc/bahia/cmd/cli/operator_nostr.go:170.20,172.4 1 0
github.com/openagentsinc/bahia/cmd/cli/operator_nostr.go:173.3,173.20 1 1
github.com/openagentsinc/bahia/cmd/cli/operator_nostr.go:173.20,175.4 1 0
github.com/openagentsinc/bahia/cmd/cli/operator_nostr.go:176.3,176.65 1 1
github.com/openagentsinc/bahia/cmd/cli/operator_nostr.go:180.45,182.2 1 3
github.com/openagentsinc/bahia/cmd/cli/operator_nostr.go:184.34,185.60 1 3
github.com/openagentsinc/bahia/cmd/cli/operator_nostr.go:186.37,187.14 1 0
github.com/openagentsinc/bahia/cmd/cli/operator_nostr.go:188.10,189.15 1 3
github.com/openagentsinc/bahia/cmd/cli/soulfactory.go:60.102,62.2 1 0
github.com/openagentsinc/bahia/cmd/cli/soulfactory.go:64.43,84.2 3 9
github.com/openagentsinc/bahia/cmd/cli/soulfactory.go:86.40,93.55 3 9
github.com/openagentsinc/bahia/cmd/cli/soulfactory.go:93.55,95.18 2 1
github.com/openagentsinc/bahia/cmd/cli/soulfactory.go:95.18,97.5 1 0
github.com/openagentsinc/bahia/cmd/cli/soulfactory.go:98.4,101.18 3 1
github.com/openagentsinc/bahia/cmd/cli/soulfactory.go:101.18,103.5 1 0
github.com/openagentsinc/bahia/cmd/cli/soulfactory.go:104.4,105.31 2 1
github.com/openagentsinc/bahia/cmd/cli/soulfactory.go:105.31,107.5 1 1
github.com/openagentsinc/bahia/cmd/cli/soulfactory.go:108.4,108.113 1 1
github.com/openagentsinc/bahia/cmd/cli/soulfactory.go:108.113,110.5 1 0
github.com/openagentsinc/bahia/cmd/cli/soulfactory.go:114.2,117.12 3 9
github.com/openagentsinc/bahia/cmd/cli/soulfactory.go:120.39,125.55 1 9
github.com/openagentsinc/bahia/cmd/cli/soulfactory.go:125.55,127.18 2 1
github.com/openagentsinc/bahia/cmd/cli/soulfactory.go:127.18,129.5 1 0
github.com/openagentsinc/bahia/cmd/cli/soulfactory.go:130.4,133.18 3 1
github.com/openagentsinc/bahia/cmd/cli/soulfactory.go:133.18,135.5 1 0
github.com/openagentsinc/bahia/cmd/cli/soulfactory.go:136.4,136.19 1 1
github.com/openagentsinc/bahia/cmd/cli/soulfactory.go:136.19,138.5 1 0
github.com/openagentsinc/bahia/cmd/cli/soulfactory.go:139.4,139.29 1 1
github.com/openagentsinc/bahia/cmd/cli/soulfactory.go:144.45,159.55 2 9
github.com/openagentsinc/bahia/cmd/cli/soulfactory.go:159.55,162.23 2 1
github.com/openagentsinc/bahia/cmd/cli/soulfactory.go:162.23,164.19 2 0
github.com/openagentsinc/bahia/cmd/cli/soulfactory.go:164.19,166.6 1 0
github.com/openagentsinc/bahia/cmd/cli/soulfactory.go:167.5,167.25 1 0
github.com/openagentsinc/bahia/cmd/cli/soulfactory.go:170.4,170.37 1 1
github.com/openagentsinc/bahia/cmd/cli/soulfactory.go:170.37,172.5 1 0
github.com/openagentsinc/bahia/cmd/cli/soulfactory.go:173.4,173.18 1 1
github.com/openagentsinc/bahia/cmd/cli/soulfactory.go:173.18,175.5 1 0
github.com/openagentsinc/bahia/cmd/cli/soulfactory.go:176.4,176.18 1 1
github.com/openagentsinc/bahia/cmd/cli/soulfactory.go:176.18,178.5 1 0
github.com/openagentsinc/bahia/cmd/cli/soulfactory.go:180.4,181.18 2 1
github.com/openagentsinc/bahia/cmd/cli/soulfactory.go:181.18,183.5 1 0
github.com/openagentsinc/bahia/cmd/cli/soulfactory.go:184.4,193.18 3 1
github.com/openagentsinc/bahia/cmd/cli/soulfactory.go:193.18,195.5 1 0
github.com/openagentsinc/bahia/cmd/cli/soulfactory.go:196.4,196.15 1 1
github.com/openagentsinc/bahia/cmd/cli/soulfactory.go:196.15,198.5 1 0
github.com/openagentsinc/bahia/cmd/cli/soulfactory.go:200.4,201.18 2 1
github.com/openagentsinc/bahia/cmd/cli/soulfactory.go:201.18,203.5 1 0
github.com/openagentsinc/bahia/cmd/cli/soulfactory.go:204.4,204.31 1 1
github.com/openagentsinc/bahia/cmd/cli/soulfactory.go:204.31,205.45 1 1
github.com/openagentsinc/bahia/cmd/cli/soulfactory.go:205.45,207.6 1 0
github.com/openagentsinc/bahia/cmd/cli/soulfactory.go:209.4,209.56 1 1
github.com/openagentsinc/bahia/cmd/cli/soulfactory.go:209.56,211.5 1 0
github.com/openagentsinc/bahia/cmd/cli/soulfactory.go:212.4,212.31 1 1
github.com/openagentsinc/bahia/cmd/cli/soulfactory.go:212.31,214.5 1 0
github.com/openagentsinc/bahia/cmd/cli/soulfactory.go:215.4,216.14 2 1
github.com/openagentsinc/bahia/cmd/cli/soulfactory.go:220.2,228.12 8 9
github.com/openagentsinc/bahia/cmd/cli/soulfactory.go:231.43,238.55 2 9
github.com/openagentsinc/bahia/cmd/cli/soulfactory.go:238.55,240.4 1 1
github.com/openagentsinc/bahia/cmd/cli/soulfactory.go:243.2,245.12 2 9
github.com/openagentsinc/bahia/cmd/cli/soulfactory.go:248.42,253.55 1 9
github.com/openagentsinc/bahia/cmd/cli/soulfactory.go:253.55,255.4 1 0
github.com/openagentsinc/bahia/cmd/cli/soulfactory.go:259.42,267.55 3 9
github.com/openagentsinc/bahia/cmd/cli/soulfactory.go:267.55,269.14 2 0
github.com/openagentsinc/bahia/cmd/cli/soulfactory.go:269.14,274.27 5 0
github.com/openagentsinc/bahia/cmd/cli/soulfactory.go:274.27,276.6 1 0
github.com/openagentsinc/bahia/cmd/cli/soulfactory.go:278.4,278.82 1 0
github.com/openagentsinc/bahia/cmd/cli/soulfactory.go:282.2,285.12 3 9
github.com/openagentsinc/bahia/cmd/cli/soulfactory.go:288.44,293.55 1 9
github.com/openagentsinc/bahia/cmd/cli/soulfactory.go:293.55,295.4 1 0
github.com/openagentsinc/bahia/cmd/cli/soulfactory.go:299.46,307.55 3 9
github.com/openagentsinc/bahia/cmd/cli/soulfactory.go:307.55,308.23 1 1
github.com/openagentsinc/bahia/cmd/cli/soulfactory.go:308.23,310.19 2 0
github.com/openagentsinc/bahia/cmd/cli/soulfactory.go:310.19,312.6 1 0
github.com/openagentsinc/bahia/cmd/cli/soulfactory.go:313.5,313.25 1 0
github.com/openagentsinc/bahia/cmd/cli/soulfactory.go:315.4,315.19 1 1
github.com/openagentsinc/bahia/cmd/cli/soulfactory.go:315.19,317.5 1 0
github.com/openagentsinc/bahia/cmd/cli/soulfactory.go:318.4,318.85 1 1
github.com/openagentsinc/bahia/cmd/cli/soulfactory.go:322.2,325.12 3 9
github.com/openagentsinc/bahia/cmd/cli/soulfactory.go:328.40,339.55 4 9
github.com/openagentsinc/bahia/cmd/cli/soulfactory.go:339.55,341.18 2 0
github.com/openagentsinc/bahia/cmd/cli/soulfactory.go:341.18,343.5 1 0
github.com/openagentsinc/bahia/cmd/cli/soulfactory.go:344.4,347.18 3 0
github.com/openagentsinc/bahia/cmd/cli/soulfactory.go:347.18,349.5 1 0
github.com/openagentsinc/bahia/cmd/cli/soulfactory.go:350.4,351.35 2 0
github.com/openagentsinc/bahia/cmd/cli/soulfactory.go:351.35,353.5 1 0
github.com/openagentsinc/bahia/cmd/cli/soulfactory.go:354.4,354.106 1 0
github.com/openagentsinc/bahia/cmd/cli/soulfactory.go:354.106,356.5 1 0
github.com/openagentsinc/bahia/cmd/cli/soulfactory.go:359.2,366.55 3 9
github.com/openagentsinc/bahia/cmd/cli/soulfactory.go:366.55,368.18 2 1
github.com/openagentsinc/bahia/cmd/cli/soulfactory.go:368.18,370.5 1 0
github.com/openagentsinc/bahia/cmd/cli/soulfactory.go:371.4,374.18 3 1
github.com/openagentsinc/bahia/cmd/cli/soulfactory.go:374.18,376.5 1 0
github.com/openagentsinc/bahia/cmd/cli/soulfactory.go:377.4,377.35 1 1
github.com/openagentsinc/bahia/cmd/cli/soulfactory.go:377.35,378.35 1 1
github.com/openagentsinc/bahia/cmd/cli/soulfactory.go:378.35,380.6 1 1
github.com/openagentsinc/bahia/cmd/cli/soulfactory.go:382.4,382.56 1 0
github.com/openagentsinc/bahia/cmd/cli/soulfactory.go:386.2,387.12 2 9
github.com/openagentsinc/bahia/cmd/cli/soulfactory.go:390.82,392.16 2 6
github.com/openagentsinc/bahia/cmd/cli/soulfactory.go:392.16,394.3 1 0
github.com/openagentsinc/bahia/cmd/cli/soulfactory.go:395.2,395.34 1 6
github.com/openagentsinc/bahia/cmd/cli/soulfactory.go:395.34,397.3 1 0
github.com/openagentsinc/bahia/cmd/cli/soulfactory.go:398.2,399.16 2 6
github.com/openagentsinc/bahia/cmd/cli/soulfactory.go:399.16,401.3 1 0
github.com/openagentsinc/bahia/cmd/cli/soulfactory.go:402.2,402.45 1 6
github.com/openagentsinc/bahia/cmd/cli/soulfactory.go:405.95,406.29 1 1
github.com/openagentsinc/bahia/cmd/cli/soulfactory.go:406.29,408.3 1 1
github.com/openagentsinc/bahia/cmd/cli/soulfactory.go:409.2,409.57 1 0
github.com/openagentsinc/bahia/cmd/cli/soulfactory.go:409.57,411.20 2 0
github.com/openagentsinc/bahia/cmd/cli/soulfactory.go:411.20,413.4 1 0
github.com/openagentsinc/bahia/cmd/cli/soulfactory.go:414.3,414.20 1 0
github.com/openagentsinc/bahia/cmd/cli/soulfactory.go:414.20,416.4 1 0
github.com/openagentsinc/bahia/cmd/cli/soulfactory.go:417.3,417.68 1 0
github.com/openagentsinc/bahia/cmd/cli/soulfactory.go:421.124,423.16 2 2
github.com/openagentsinc/bahia/cmd/cli/soulfactory.go:423.16,425.3 1 0
github.com/openagentsinc/bahia/cmd/cli/soulfactory.go:426.2,429.16 3 2
github.com/openagentsinc/bahia/cmd/cli/soulfactory.go:429.16,431.3 1 0
github.com/openagentsinc/bahia/cmd/cli/soulfactory.go:432.2,432.17 1 2
github.com/openagentsinc/bahia/cmd/cli/soulfactory.go:432.17,434.3 1 0
github.com/openagentsinc/bahia/cmd/cli/soulfactory.go:436.2,437.16 2 2
github.com/openagentsinc/bahia/cmd/cli/soulfactory.go:437.16,439.3 1 0
github.com/openagentsinc/bahia/cmd/cli/soulfactory.go:440.2,440.40 1 2
github.com/openagentsinc/bahia/cmd/cli/soulfactory.go:440.40,442.3 1 0
github.com/openagentsinc/bahia/cmd/cli/soulfactory.go:443.2,449.4 1 2
github.com/openagentsinc/bahia/cmd/cli/soulfactory.go:452.52,454.2 1 2
github.com/openagentsinc/bahia/cmd/cli/soulfactory.go:456.69,458.19 2 0
github.com/openagentsinc/bahia/cmd/cli/soulfactory.go:458.19,460.49 2 0
github.com/openagentsinc/bahia/cmd/cli/soulfactory.go:460.49,461.45 1 0
github.com/openagentsinc/bahia/cmd/cli/soulfactory.go:461.45,463.5 1 0
github.com/openagentsinc/bahia/cmd/cli/soulfactory.go:463.10,463.54 1 0
github.com/openagentsinc/bahia/cmd/cli/soulfactory.go:463.54,465.5 1 0
github.com/openagentsinc/bahia/cmd/cli/soulfactory.go:468.2,469.53 2 0
github.com/openagentsinc/bahia/cmd/cli/soulfactory.go:472.44,474.19 2 2
github.com/openagentsinc/bahia/cmd/cli/soulfactory.go:474.19,476.3 1 0
github.com/openagentsinc/bahia/cmd/cli/soulfactory.go:477.2,478.66 2 2
github.com/openagentsinc/bahia/cmd/cli/soulfactory.go:478.66,480.3 1 0
github.com/openagentsinc/bahia/cmd/cli/soulfactory.go:481.2,481.16 1 2
github.com/openagentsinc/bahia/cmd/cli/soulfactory.go:484.56,485.27 1 4
github.com/openagentsinc/bahia/cmd/cli/soulfactory.go:485.27,486.37 1 4
github.com/openagentsinc/bahia/cmd/cli/soulfactory.go:486.37,488.4 1 4
github.com/openagentsinc/bahia/cmd/cli/soulfactory.go:490.2,490.11 1 0
github.com/openagentsinc/bahia/cmd/cli/soulfactory.go:493.44,505.2 1 1
github.com/openagentsinc/bahia/cmd/cli/soulfactory.go:507.59,515.2 1 0
github.com/openagentsinc/bahia/cmd/cli/soulfactory.go:517.104,525.20 2 0
github.com/openagentsinc/bahia/cmd/cli/soulfactory.go:525.20,527.3 1 0
github.com/openagentsinc/bahia/cmd/cli/soulfactory.go:529.2,537.3 3 0
github.com/openagentsinc/bahia/pkg/client/client.go:38.34,45.2 1 21
github.com/openagentsinc/bahia/pkg/client/client.go:48.75,50.2 1 5
github.com/openagentsinc/bahia/pkg/client/client.go:60.86,62.59 2 4
github.com/openagentsinc/bahia/pkg/client/client.go:62.59,64.3 1 0
github.com/openagentsinc/bahia/pkg/client/client.go:65.2,65.22 1 4
github.com/openagentsinc/bahia/pkg/client/client.go:69.120,70.9 1 9
github.com/openagentsinc/bahia/pkg/client/client.go:71.20,72.23 1 0
github.com/openagentsinc/bahia/pkg/client/client.go:73.10,73.10 0 9
github.com/openagentsinc/bahia/pkg/client/client.go:76.2,77.16 2 9
github.com/openagentsinc/bahia/pkg/client/client.go:77.16,79.3 1 0
github.com/openagentsinc/bahia/pkg/client/client.go:80.2,81.20 2 9
github.com/openagentsinc/bahia/pkg/client/client.go:81.20,83.3 1 2
github.com/openagentsinc/bahia/pkg/client/client.go:84.2,85.16 2 9
github.com/openagentsinc/bahia/pkg/client/client.go:85.16,87.3 1 0
github.com/openagentsinc/bahia/pkg/client/client.go:89.2,99.47 2 9
github.com/openagentsinc/bahia/pkg/client/client.go:99.47,101.3 1 0
github.com/openagentsinc/bahia/pkg/client/client.go:102.2,103.16 2 9
github.com/openagentsinc/bahia/pkg/client/client.go:103.16,105.3 1 0
github.com/openagentsinc/bahia/pkg/client/client.go:106.2,106.69 1 9
github.com/openagentsinc/bahia/pkg/client/client.go:110.63,112.16 2 0
github.com/openagentsinc/bahia/pkg/client/client.go:112.16,114.3 1 0
github.com/openagentsinc/bahia/pkg/client/client.go:115.2,116.16 2 0
github.com/openagentsinc/bahia/pkg/client/client.go:116.16,118.3 1 0
github.com/openagentsinc/bahia/pkg/client/client.go:119.2,119.20 1 0
github.com/openagentsinc/bahia/pkg/client/client.go:123.58,125.16 2 0
github.com/openagentsinc/bahia/pkg/client/client.go:125.16,127.3 1 0
github.com/openagentsinc/bahia/pkg/client/client.go:128.2,129.16 2 0
github.com/openagentsinc/bahia/pkg/client/client.go:129.16,131.3 1 0
github.com/openagentsinc/bahia/pkg/client/client.go:132.2,132.18 1 0
github.com/openagentsinc/bahia/pkg/client/client.go:135.74,137.2 1 13
github.com/openagentsinc/bahia/pkg/client/client.go:140.66,142.15 2 24
github.com/openagentsinc/bahia/pkg/client/client.go:142.15,144.3 1 0
github.com/openagentsinc/bahia/pkg/client/client.go:145.2,145.36 1 24
github.com/openagentsinc/bahia/pkg/client/client.go:145.36,147.17 2 0
github.com/openagentsinc/bahia/pkg/client/client.go:147.17,149.4 1 0
github.com/openagentsinc/bahia/pkg/client/client.go:150.3,150.23 1 0
github.com/openagentsinc/bahia/pkg/client/client.go:150.23,152.4 1 0
github.com/openagentsinc/bahia/pkg/client/client.go:153.3,154.22 2 0
github.com/openagentsinc/bahia/pkg/client/client.go:154.22,156.4 1 0
github.com/openagentsinc/bahia/pkg/client/client.go:157.3,157.11 1 0
github.com/openagentsinc/bahia/pkg/client/client.go:159.2,160.38 2 24
github.com/openagentsinc/bahia/pkg/client/client.go:160.38,162.3 1 0
github.com/openagentsinc/bahia/pkg/client/client.go:163.2,163.51 1 24
github.com/openagentsinc/bahia/pkg/client/client.go:163.51,165.3 1 0
github.com/openagentsinc/bahia/pkg/client/client.go:166.2,166.34 1 24
github.com/openagentsinc/bahia/pkg/client/client.go:169.36,171.47 2 9
github.com/openagentsinc/bahia/pkg/client/client.go:171.47,173.3 1 0
github.com/openagentsinc/bahia/pkg/client/client.go:174.2,174.60 1 9
github.com/openagentsinc/bahia/pkg/client/client.go:304.91,306.17 2 24
github.com/openagentsinc/bahia/pkg/client/client.go:306.17,308.17 2 10
github.com/openagentsinc/bahia/pkg/client/client.go:308.17,310.4 1 0
github.com/openagentsinc/bahia/pkg/client/client.go:311.3,311.31 1 10
github.com/openagentsinc/bahia/pkg/client/client.go:314.2,315.16 2 24
github.com/openagentsinc/bahia/pkg/client/client.go:315.16,317.3 1 0
github.com/openagentsinc/bahia/pkg/client/client.go:318.2,319.55 2 24
github.com/openagentsinc/bahia/pkg/client/client.go:319.55,321.3 1 1
github.com/openagentsinc/bahia/pkg/client/client.go:323.2,324.16 2 23
github.com/openagentsinc/bahia/pkg/client/client.go:324.16,326.3 1 0
github.com/openagentsinc/bahia/pkg/client/client.go:327.2,330.16 3 23
github.com/openagentsinc/bahia/pkg/client/client.go:330.16,332.3 1 0
github.com/openagentsinc/bahia/pkg/client/client.go:334.2,335.59 2 23
github.com/openagentsinc/bahia/pkg/client/client.go:335.59,337.3 1 0
github.com/openagentsinc/bahia/pkg/client/client.go:339.2,339.25 1 23
github.com/openagentsinc/bahia/pkg/client/client.go:339.25,341.3 1 1
github.com/openagentsinc/bahia/pkg/client/client.go:343.2,343.42 1 22
github.com/openagentsinc/bahia/pkg/client/client.go:343.42,344.62 1 22
github.com/openagentsinc/bahia/pkg/client/client.go:344.62,346.4 1 0
github.com/openagentsinc/bahia/pkg/client/client.go:349.2,349.12 1 22
github.com/openagentsinc/bahia/pkg/client/client.go:352.83,353.36 1 25
github.com/openagentsinc/bahia/pkg/client/client.go:353.36,355.3 1 17
github.com/openagentsinc/bahia/pkg/client/client.go:356.2,357.16 2 8
github.com/openagentsinc/bahia/pkg/client/client.go:357.16,359.3 1 1
github.com/openagentsinc/bahia/pkg/client/client.go:360.2,360.37 1 7
github.com/openagentsinc/bahia/pkg/client/client.go:360.37,362.3 1 7
github.com/openagentsinc/bahia/pkg/client/client.go:363.2,363.12 1 7
github.com/openagentsinc/bahia/pkg/client/client.go:369.104,371.92 2 2
github.com/openagentsinc/bahia/pkg/client/client.go:371.92,373.3 1 0
github.com/openagentsinc/bahia/pkg/client/client.go:374.2,374.22 1 2
github.com/openagentsinc/bahia/pkg/client/client.go:378.113,380.93 2 2
github.com/openagentsinc/bahia/pkg/client/client.go:380.93,382.3 1 0
github.com/openagentsinc/bahia/pkg/client/client.go:383.2,383.21 1 2
github.com/openagentsinc/bahia/pkg/client/client.go:389.78,391.86 2 4
github.com/openagentsinc/bahia/pkg/client/client.go:391.86,393.3 1 2
github.com/openagentsinc/bahia/pkg/client/client.go:394.2,394.22 1 2
github.com/openagentsinc/bahia/pkg/client/client.go:398.86,400.85 2 1
github.com/openagentsinc/bahia/pkg/client/client.go:400.85,402.3 1 0
github.com/openagentsinc/bahia/pkg/client/client.go:403.2,403.18 1 1
github.com/openagentsinc/bahia/pkg/client/client.go:407.137,414.83 3 1
github.com/openagentsinc/bahia/pkg/client/client.go:414.83,416.3 1 0
github.com/openagentsinc/bahia/pkg/client/client.go:417.2,417.18 1 1
github.com/openagentsinc/bahia/pkg/client/client.go:421.135,423.44 2 2
github.com/openagentsinc/bahia/pkg/client/client.go:423.44,425.3 1 1
github.com/openagentsinc/bahia/pkg/client/client.go:426.2,428.72 3 2
github.com/openagentsinc/bahia/pkg/client/client.go:428.72,430.3 1 0
github.com/openagentsinc/bahia/pkg/client/client.go:431.2,431.21 1 2
github.com/openagentsinc/bahia/pkg/client/client.go:435.116,438.71 3 2
github.com/openagentsinc/bahia/pkg/client/client.go:438.71,440.3 1 0
github.com/openagentsinc/bahia/pkg/client/client.go:441.2,441.21 1 2
github.com/openagentsinc/bahia/pkg/client/client.go:445.113,448.71 3 2
github.com/openagentsinc/bahia/pkg/client/client.go:448.71,450.3 1 0
github.com/openagentsinc/bahia/pkg/client/client.go:451.2,451.21 1 2
github.com/openagentsinc/bahia/pkg/client/client.go:457.86,459.86 2 0
github.com/openagentsinc/bahia/pkg/client/client.go:459.86,461.3 1 0
github.com/openagentsinc/bahia/pkg/client/client.go:462.2,462.18 1 0
github.com/openagentsinc/bahia/pkg/client/client.go:466.94,468.89 2 1
github.com/openagentsinc/bahia/pkg/client/client.go:468.89,470.3 1 0
github.com/openagentsinc/bahia/pkg/client/client.go:471.2,471.18 1 1
github.com/openagentsinc/bahia/pkg/client/client.go:475.147,482.87 3 1
github.com/openagentsinc/bahia/pkg/client/client.go:482.87,484.3 1 0
github.com/openagentsinc/bahia/pkg/client/client.go:485.2,485.18 1 1
github.com/openagentsinc/bahia/pkg/client/client.go:491.92,493.81 2 0
github.com/openagentsinc/bahia/pkg/client/client.go:493.81,495.3 1 0
github.com/openagentsinc/bahia/pkg/client/client.go:496.2,496.20 1 0
github.com/openagentsinc/bahia/pkg/client/client.go:500.99,502.89 2 0
github.com/openagentsinc/bahia/pkg/client/client.go:502.89,504.3 1 0
github.com/openagentsinc/bahia/pkg/client/client.go:505.2,505.20 1 0
github.com/openagentsinc/bahia/pkg/client/client.go:511.146,519.97 3 0
github.com/openagentsinc/bahia/pkg/client/client.go:519.97,521.3 1 0
github.com/openagentsinc/bahia/pkg/client/client.go:522.2,522.21 1 0
github.com/openagentsinc/bahia/pkg/client/client.go:526.120,533.86 3 0
github.com/openagentsinc/bahia/pkg/client/client.go:533.86,535.3 1 0
github.com/openagentsinc/bahia/pkg/client/client.go:536.2,536.21 1 0
github.com/openagentsinc/bahia/pkg/client/client.go:540.98,542.93 2 0
github.com/openagentsinc/bahia/pkg/client/client.go:542.93,544.3 1 0
github.com/openagentsinc/bahia/pkg/client/client.go:545.2,545.18 1 0
github.com/openagentsinc/bahia/pkg/client/client.go:562.69,564.84 2 1
github.com/openagentsinc/bahia/pkg/client/client.go:564.84,566.3 1 0
github.com/openagentsinc/bahia/pkg/client/client.go:567.2,567.21 1 1
github.com/openagentsinc/bahia/pkg/client/client.go:571.81,573.91 2 0
github.com/openagentsinc/bahia/pkg/client/client.go:573.91,575.3 1 0
github.com/openagentsinc/bahia/pkg/client/client.go:576.2,576.21 1 0
github.com/openagentsinc/bahia/pkg/client/client.go:591.107,593.18 2 1
github.com/openagentsinc/bahia/pkg/client/client.go:593.18,595.3 1 0
github.com/openagentsinc/bahia/pkg/client/client.go:596.2,597.68 2 1
github.com/openagentsinc/bahia/pkg/client/client.go:597.68,599.3 1 0
github.com/openagentsinc/bahia/pkg/client/client.go:600.2,600.19 1 1
github.com/openagentsinc/bahia/pkg/client/client.go:612.119,616.16 3 1
github.com/openagentsinc/bahia/pkg/client/client.go:616.16,618.3 1 0
github.com/openagentsinc/bahia/pkg/client/client.go:619.2,620.55 2 1
github.com/openagentsinc/bahia/pkg/client/client.go:620.55,622.3 1 0
github.com/openagentsinc/bahia/pkg/client/client.go:624.2,627.16 4 1
github.com/openagentsinc/bahia/pkg/client/client.go:627.16,629.3 1 0
github.com/openagentsinc/bahia/pkg/client/client.go:630.2,632.38 2 1
github.com/openagentsinc/bahia/pkg/client/client.go:632.38,635.3 2 0
github.com/openagentsinc/bahia/pkg/client/client.go:637.2,638.21 2 1
github.com/openagentsinc/bahia/pkg/client/client.go:638.21,640.40 2 2
github.com/openagentsinc/bahia/pkg/client/client.go:640.40,643.65 3 1
github.com/openagentsinc/bahia/pkg/client/client.go:643.65,645.5 1 1
github.com/openagentsinc/bahia/pkg/client/client.go:648.2,648.22 1 1
github.com/openagentsinc/bahia/pkg/client/client.go:654.87,656.86 2 0
github.com/openagentsinc/bahia/pkg/client/client.go:656.86,658.3 1 0
github.com/openagentsinc/bahia/pkg/client/client.go:659.2,659.22 1 0
github.com/openagentsinc/bahia/pkg/client/client.go:663.94,665.88 2 0
github.com/openagentsinc/bahia/pkg/client/client.go:665.88,667.3 1 0
github.com/openagentsinc/bahia/pkg/client/client.go:668.2,668.21 1 0
github.com/openagentsinc/bahia/pkg/client/client.go:672.169,681.86 3 0
github.com/openagentsinc/bahia/pkg/client/client.go:681.86,683.3 1 0
github.com/openagentsinc/bahia/pkg/client/client.go:684.2,684.21 1 0
github.com/openagentsinc/bahia/pkg/client/client.go:700.90,702.107 2 1
github.com/openagentsinc/bahia/pkg/client/client.go:702.107,704.3 1 0
github.com/openagentsinc/bahia/pkg/client/client.go:705.2,705.21 1 1
github.com/openagentsinc/bahia/pkg/client/client.go:709.114,714.17 2 1
github.com/openagentsinc/bahia/pkg/client/client.go:714.17,716.3 1 1
github.com/openagentsinc/bahia/pkg/client/client.go:717.2,718.108 2 1
github.com/openagentsinc/bahia/pkg/client/client.go:718.108,720.3 1 0
github.com/openagentsinc/bahia/pkg/client/client.go:721.2,721.21 1 1
github.com/openagentsinc/bahia/pkg/client/client.go:725.86,727.2 1 0
github.com/openagentsinc/bahia/pkg/client/client.go:732.79,734.78 2 0
github.com/openagentsinc/bahia/pkg/client/client.go:734.78,736.3 1 0
github.com/openagentsinc/bahia/pkg/client/client.go:737.2,737.18 1 0
github.com/openagentsinc/bahia/pkg/client/client.go:741.93,743.87 2 0
github.com/openagentsinc/bahia/pkg/client/client.go:743.87,745.3 1 0
github.com/openagentsinc/bahia/pkg/client/client.go:746.2,746.18 1 0
github.com/openagentsinc/bahia/pkg/client/client.go:750.105,756.79 3 1
github.com/openagentsinc/bahia/pkg/client/client.go:756.79,758.3 1 0
github.com/openagentsinc/bahia/pkg/client/client.go:759.2,759.18 1 1
github.com/openagentsinc/bahia/pkg/client/client.go:763.96,765.99 2 1
github.com/openagentsinc/bahia/pkg/client/client.go:765.99,767.3 1 0
github.com/openagentsinc/bahia/pkg/client/client.go:768.2,768.21 1 1
github.com/openagentsinc/bahia/pkg/client/client.go:772.119,778.100 3 0
github.com/openagentsinc/bahia/pkg/client/client.go:778.100,780.3 1 0
github.com/openagentsinc/bahia/pkg/client/client.go:781.2,781.21 1 0
github.com/openagentsinc/bahia/pkg/client/client.go:785.83,787.2 1 0
github.com/openagentsinc/bahia/pkg/client/operator_nostr.go:45.51,46.14 1 0
github.com/openagentsinc/bahia/pkg/client/operator_nostr.go:46.14,48.3 1 0
github.com/openagentsinc/bahia/pkg/client/operator_nostr.go:49.2,50.17 2 0
github.com/openagentsinc/bahia/pkg/client/operator_nostr.go:50.17,52.3 1 0
github.com/openagentsinc/bahia/pkg/client/operator_nostr.go:53.2,53.20 1 0
github.com/openagentsinc/bahia/pkg/client/operator_nostr.go:53.20,55.3 1 0
github.com/openagentsinc/bahia/pkg/client/operator_nostr.go:56.2,56.46 1 0
github.com/openagentsinc/bahia/pkg/client/operator_nostr.go:59.51,60.14 1 0
github.com/openagentsinc/bahia/pkg/client/operator_nostr.go:60.14,62.3 1 0
github.com/openagentsinc/bahia/pkg/client/operator_nostr.go:63.2,63.16 1 0
github.com/openagentsinc/bahia/pkg/client/operator_nostr.go:78.75,79.31 1 0
github.com/openagentsinc/bahia/pkg/client/operator_nostr.go:79.31,81.3 1 0
github.com/openagentsinc/bahia/pkg/client/operator_nostr.go:82.2,84.17 3 0
github.com/openagentsinc/bahia/pkg/client/operator_nostr.go:84.17,86.3 1 0
github.com/openagentsinc/bahia/pkg/client/operator_nostr.go:87.2,88.22 2 0
github.com/openagentsinc/bahia/pkg/client/operator_nostr.go:88.22,90.3 1 0
github.com/openagentsinc/bahia/pkg/client/operator_nostr.go:93.96,96.2 2 0
github.com/openagentsinc/bahia/pkg/client/operator_nostr.go:98.143,101.2 2 0
github.com/openagentsinc/bahia/pkg/client/operator_nostr.go:103.46,104.31 1 0
github.com/openagentsinc/bahia/pkg/client/operator_nostr.go:104.31,106.3 1 0
github.com/openagentsinc/bahia/pkg/client/operator_nostr.go:120.105,122.16 2 0
github.com/openagentsinc/bahia/pkg/client/operator_nostr.go:122.16,124.3 1 0
github.com/openagentsinc/bahia/pkg/client/operator_nostr.go:125.2,126.16 2 0
github.com/openagentsinc/bahia/pkg/client/operator_nostr.go:126.16,128.3 1 0
github.com/openagentsinc/bahia/pkg/client/operator_nostr.go:129.2,129.19 1 0
github.com/openagentsinc/bahia/pkg/client/operator_nostr.go:129.19,131.3 1 0
github.com/openagentsinc/bahia/pkg/client/operator_nostr.go:132.2,133.16 2 0
github.com/openagentsinc/bahia/pkg/client/operator_nostr.go:133.16,135.3 1 0
github.com/openagentsinc/bahia/pkg/client/operator_nostr.go:136.2,137.22 2 0
github.com/openagentsinc/bahia/pkg/client/operator_nostr.go:137.22,139.3 1 0
github.com/openagentsinc/bahia/pkg/client/operator_nostr.go:140.2,147.8 2 0
github.com/openagentsinc/bahia/pkg/client/operator_nostr.go:151.46,152.36 1 0
github.com/openagentsinc/bahia/pkg/client/operator_nostr.go:152.36,154.3 1 0
github.com/openagentsinc/bahia/pkg/client/operator_nostr.go:158.203,160.2 1 1
github.com/openagentsinc/bahia/pkg/client/operator_nostr.go:163.184,165.2 1 5
github.com/openagentsinc/bahia/pkg/client/operator_nostr.go:168.181,170.2 1 1
github.com/openagentsinc/bahia/pkg/client/operator_nostr.go:173.165,174.72 1 3
github.com/openagentsinc/bahia/pkg/client/operator_nostr.go:174.72,176.3 1 1
github.com/openagentsinc/bahia/pkg/client/operator_nostr.go:177.2,185.16 3 2
github.com/openagentsinc/bahia/pkg/client/operator_nostr.go:185.16,187.3 1 0
github.com/openagentsinc/bahia/pkg/client/operator_nostr.go:188.2,189.73 2 2
github.com/openagentsinc/bahia/pkg/client/operator_nostr.go:189.73,191.3 1 1
github.com/openagentsinc/bahia/pkg/client/operator_nostr.go:192.2,192.56 1 1
github.com/openagentsinc/bahia/pkg/client/operator_nostr.go:196.174,197.72 1 1
github.com/openagentsinc/bahia/pkg/client/operator_nostr.go:197.72,199.3 1 0
github.com/openagentsinc/bahia/pkg/client/operator_nostr.go:200.2,200.48 1 1
github.com/openagentsinc/bahia/pkg/client/operator_nostr.go:200.48,202.3 1 0
github.com/openagentsinc/bahia/pkg/client/operator_nostr.go:203.2,215.16 3 1
github.com/openagentsinc/bahia/pkg/client/operator_nostr.go:215.16,217.3 1 0
github.com/openagentsinc/bahia/pkg/client/operator_nostr.go:218.2,219.72 2 1
github.com/openagentsinc/bahia/pkg/client/operator_nostr.go:219.72,221.3 1 1
github.com/openagentsinc/bahia/pkg/client/operator_nostr.go:222.2,222.58 1 0
github.com/openagentsinc/bahia/pkg/client/operator_nostr.go:225.206,229.67 4 7
github.com/openagentsinc/bahia/pkg/client/operator_nostr.go:229.67,231.3 1 0
github.com/openagentsinc/bahia/pkg/client/operator_nostr.go:232.2,232.21 1 7
github.com/openagentsinc/bahia/pkg/client/operator_nostr.go:232.21,234.3 1 0
github.com/openagentsinc/bahia/pkg/client/operator_nostr.go:235.2,235.17 1 7
github.com/openagentsinc/bahia/pkg/client/operator_nostr.go:235.17,237.3 1 0
github.com/openagentsinc/bahia/pkg/client/operator_nostr.go:238.2,240.63 3 7
github.com/openagentsinc/bahia/pkg/client/operator_nostr.go:240.63,241.25 1 1
github.com/openagentsinc/bahia/pkg/client/operator_nostr.go:241.25,243.4 1 0
github.com/openagentsinc/bahia/pkg/client/operator_nostr.go:244.3,245.65 2 1
github.com/openagentsinc/bahia/pkg/client/operator_nostr.go:247.2,254.16 2 7
github.com/openagentsinc/bahia/pkg/client/operator_nostr.go:254.16,256.3 1 2
github.com/openagentsinc/bahia/pkg/client/operator_nostr.go:257.2,258.41 2 5
github.com/openagentsinc/bahia/pkg/client/operator_nostr.go:258.41,260.3 1 1
github.com/openagentsinc/bahia/pkg/client/operator_nostr.go:261.2,262.71 2 4
github.com/openagentsinc/bahia/pkg/client/operator_nostr.go:262.71,264.3 1 0
github.com/openagentsinc/bahia/pkg/client/operator_nostr.go:265.2,265.21 1 4
github.com/openagentsinc/bahia/pkg/client/operator_nostr.go:276.154,277.73 1 10
github.com/openagentsinc/bahia/pkg/client/operator_nostr.go:277.73,279.3 1 0
github.com/openagentsinc/bahia/pkg/client/operator_nostr.go:280.2,281.16 2 10
github.com/openagentsinc/bahia/pkg/client/operator_nostr.go:281.16,283.3 1 0
github.com/openagentsinc/bahia/pkg/client/operator_nostr.go:284.2,285.76 2 10
github.com/openagentsinc/bahia/pkg/client/operator_nostr.go:285.76,287.3 1 0
github.com/openagentsinc/bahia/pkg/client/operator_nostr.go:289.2,294.16 3 10
github.com/openagentsinc/bahia/pkg/client/operator_nostr.go:294.16,296.3 1 1
github.com/openagentsinc/bahia/pkg/client/operator_nostr.go:298.2,299.20 2 9
github.com/openagentsinc/bahia/pkg/client/operator_nostr.go:299.20,300.17 1 1
github.com/openagentsinc/bahia/pkg/client/operator_nostr.go:300.17,302.4 1 0
github.com/openagentsinc/bahia/pkg/client/operator_nostr.go:303.3,303.139 1 1
github.com/openagentsinc/bahia/pkg/client/operator_nostr.go:306.2,308.6 3 8
github.com/openagentsinc/bahia/pkg/client/operator_nostr.go:308.6,309.10 1 13
github.com/openagentsinc/bahia/pkg/client/operator_nostr.go:310.21,311.142 1 0
github.com/openagentsinc/bahia/pkg/client/operator_nostr.go:312.15,313.14 1 0
github.com/openagentsinc/bahia/pkg/client/operator_nostr.go:314.34,315.11 1 13
github.com/openagentsinc/bahia/pkg/client/operator_nostr.go:315.11,317.5 1 0
github.com/openagentsinc/bahia/pkg/client/operator_nostr.go:318.4,318.92 1 13
github.com/openagentsinc/bahia/pkg/client/operator_nostr.go:318.92,319.13 1 3
github.com/openagentsinc/bahia/pkg/client/operator_nostr.go:321.4,321.49 1 10
github.com/openagentsinc/bahia/pkg/client/operator_nostr.go:321.49,322.13 1 1
github.com/openagentsinc/bahia/pkg/client/operator_nostr.go:324.4,325.22 2 9
github.com/openagentsinc/bahia/pkg/client/operator_nostr.go:326.24,327.24 1 1
github.com/openagentsinc/bahia/pkg/client/operator_nostr.go:327.24,329.6 1 1
github.com/openagentsinc/bahia/pkg/client/operator_nostr.go:330.24,331.22 1 8
github.com/openagentsinc/bahia/pkg/client/operator_nostr.go:337.48,338.38 1 13
github.com/openagentsinc/bahia/pkg/client/operator_nostr.go:338.38,340.3 1 1
github.com/openagentsinc/bahia/pkg/client/operator_nostr.go:341.2,343.57 3 12
github.com/openagentsinc/bahia/pkg/client/operator_nostr.go:343.57,345.3 1 1
github.com/openagentsinc/bahia/pkg/client/operator_nostr.go:346.2,347.25 2 11
github.com/openagentsinc/bahia/pkg/client/operator_nostr.go:350.70,352.2 1 11
github.com/openagentsinc/bahia/pkg/client/operator_nostr.go:354.67,366.2 2 1
github.com/openagentsinc/bahia/pkg/client/operator_nostr.go:368.69,370.19 2 2
github.com/openagentsinc/bahia/pkg/client/operator_nostr.go:370.19,372.74 2 0
github.com/openagentsinc/bahia/pkg/client/operator_nostr.go:372.74,373.47 1 0
github.com/openagentsinc/bahia/pkg/client/operator_nostr.go:373.47,375.5 1 0
github.com/openagentsinc/bahia/pkg/client/operator_nostr.go:375.10,375.56 1 0
github.com/openagentsinc/bahia/pkg/client/operator_nostr.go:375.56,377.5 1 0
github.com/openagentsinc/bahia/pkg/client/operator_nostr.go:380.2,380.19 1 2
github.com/openagentsinc/bahia/pkg/client/operator_nostr.go:380.19,382.3 1 0
github.com/openagentsinc/bahia/pkg/client/operator_nostr.go:383.2,383.19 1 2
github.com/openagentsinc/bahia/pkg/client/operator_nostr.go:383.19,385.3 1 0
github.com/openagentsinc/bahia/pkg/client/operator_nostr.go:386.2,386.56 1 2
github.com/openagentsinc/bahia/pkg/client/operator_nostr.go:389.73,390.23 1 4
github.com/openagentsinc/bahia/pkg/client/operator_nostr.go:390.23,392.3 1 0
github.com/openagentsinc/bahia/pkg/client/operator_nostr.go:393.2,393.33 1 4
github.com/openagentsinc/bahia/pkg/client/operator_nostr.go:393.33,394.49 1 4
github.com/openagentsinc/bahia/pkg/client/operator_nostr.go:394.49,396.4 1 1
github.com/openagentsinc/bahia/pkg/client/operator_nostr.go:398.2,398.12 1 3
github.com/openagentsinc/bahia/pkg/client/operator_nostr.go:430.85,432.33 2 3
github.com/openagentsinc/bahia/pkg/client/operator_nostr.go:432.33,438.3 1 3
github.com/openagentsinc/bahia/pkg/client/operator_nostr.go:439.2,439.12 1 3
github.com/openagentsinc/bahia/pkg/client/operator_nostr.go:442.97,444.39 2 1
github.com/openagentsinc/bahia/pkg/client/operator_nostr.go:444.39,450.3 1 1
github.com/openagentsinc/bahia/pkg/client/operator_nostr.go:451.2,451.12 1 1
github.com/openagentsinc/bahia/pkg/client/operator_nostr.go:454.81,456.33 2 3
github.com/openagentsinc/bahia/pkg/client/operator_nostr.go:456.33,457.57 1 3
github.com/openagentsinc/bahia/pkg/client/operator_nostr.go:457.57,459.4 1 3
github.com/openagentsinc/bahia/pkg/client/operator_nostr.go:460.3,460.78 1 3
github.com/openagentsinc/bahia/pkg/client/operator_nostr.go:460.78,462.4 1 3
github.com/openagentsinc/bahia/pkg/client/operator_nostr.go:463.3,463.90 1 3
github.com/openagentsinc/bahia/pkg/client/operator_nostr.go:463.90,465.4 1 2
github.com/openagentsinc/bahia/pkg/client/operator_nostr.go:467.2,467.13 1 3
github.com/openagentsinc/bahia/pkg/client/operator_nostr.go:470.56,473.31 3 0
github.com/openagentsinc/bahia/pkg/client/operator_nostr.go:473.31,475.18 2 0
github.com/openagentsinc/bahia/pkg/client/operator_nostr.go:475.18,476.12 1 0
github.com/openagentsinc/bahia/pkg/client/operator_nostr.go:478.3,479.23 2 0
github.com/openagentsinc/bahia/pkg/client/operator_nostr.go:479.23,481.4 1 0
github.com/openagentsinc/bahia/pkg/client/operator_nostr.go:482.3,482.44 1 0
github.com/openagentsinc/bahia/pkg/client/operator_nostr.go:482.44,483.12 1 0
github.com/openagentsinc/bahia/pkg/client/operator_nostr.go:485.3,486.32 2 0
github.com/openagentsinc/bahia/pkg/client/operator_nostr.go:488.2,488.12 1 0
github.com/openagentsinc/bahia/pkg/client/operator_nostr.go:491.50,493.27 2 1
github.com/openagentsinc/bahia/pkg/client/operator_nostr.go:493.27,494.35 1 5
github.com/openagentsinc/bahia/pkg/client/operator_nostr.go:494.35,495.12 1 0
github.com/openagentsinc/bahia/pkg/client/operator_nostr.go:497.3,497.44 1 5
github.com/openagentsinc/bahia/pkg/client/operator_nostr.go:499.2,499.12 1 1
github.com/openagentsinc/bahia/pkg/client/operator_nostr.go:502.57,503.27 1 7
github.com/openagentsinc/bahia/pkg/client/operator_nostr.go:503.27,504.38 1 24
github.com/openagentsinc/bahia/pkg/client/operator_nostr.go:504.38,506.4 1 7
github.com/openagentsinc/bahia/pkg/client/operator_nostr.go:508.2,508.11 1 0
github.com/openagentsinc/bahia/pkg/client/operator_nostr.go:511.60,512.27 1 21
github.com/openagentsinc/bahia/pkg/client/operator_nostr.go:512.27,513.57 1 33
github.com/openagentsinc/bahia/pkg/client/operator_nostr.go:513.57,515.4 1 20
github.com/openagentsinc/bahia/pkg/client/operator_nostr.go:517.2,517.14 1 1
github.com/openagentsinc/bahia/pkg/client/operator_nostr.go:520.65,521.28 1 4
github.com/openagentsinc/bahia/pkg/client/operator_nostr.go:521.28,523.3 1 1
github.com/openagentsinc/bahia/pkg/client/operator_nostr.go:524.2,524.24 1 3
github.com/openagentsinc/bahia/internal/api/handlers/adoption.go:36.99,37.38 1 5
github.com/openagentsinc/bahia/internal/api/handlers/adoption.go:37.38,39.3 1 0
github.com/openagentsinc/bahia/internal/api/handlers/adoption.go:40.2,41.27 2 5
github.com/openagentsinc/bahia/internal/api/handlers/adoption.go:41.27,43.3 1 1
github.com/openagentsinc/bahia/internal/api/handlers/adoption.go:44.2,44.10 1 5
github.com/openagentsinc/bahia/internal/api/handlers/adoption.go:51.67,52.34 1 0
github.com/openagentsinc/bahia/internal/api/handlers/adoption.go:52.34,53.20 1 0
github.com/openagentsinc/bahia/internal/api/handlers/adoption.go:53.20,55.4 1 0
github.com/openagentsinc/bahia/internal/api/handlers/adoption.go:60.73,61.34 1 1
github.com/openagentsinc/bahia/internal/api/handlers/adoption.go:61.34,62.39 1 1
github.com/openagentsinc/bahia/internal/api/handlers/adoption.go:62.39,64.4 1 1
github.com/openagentsinc/bahia/internal/api/handlers/adoption.go:69.72,71.23 2 2
github.com/openagentsinc/bahia/internal/api/handlers/adoption.go:71.23,75.3 3 0
github.com/openagentsinc/bahia/internal/api/handlers/adoption.go:76.2,77.44 2 2
github.com/openagentsinc/bahia/internal/api/handlers/adoption.go:77.44,81.3 3 0
github.com/openagentsinc/bahia/internal/api/handlers/adoption.go:82.2,82.61 1 2
github.com/openagentsinc/bahia/internal/api/handlers/adoption.go:82.61,86.3 3 1
github.com/openagentsinc/bahia/internal/api/handlers/adoption.go:88.2,89.16 2 1
github.com/openagentsinc/bahia/internal/api/handlers/adoption.go:89.16,93.3 3 0
github.com/openagentsinc/bahia/internal/api/handlers/adoption.go:94.2,96.80 3 1
github.com/openagentsinc/bahia/internal/api/handlers/adoption.go:100.74,102.23 2 3
github.com/openagentsinc/bahia/internal/api/handlers/adoption.go:102.23,106.3 3 0
github.com/openagentsinc/bahia/internal/api/handlers/adoption.go:107.2,108.44 2 3
github.com/openagentsinc/bahia/internal/api/handlers/adoption.go:108.44,112.3 3 0
github.com/openagentsinc/bahia/internal/api/handlers/adoption.go:113.2,113.61 1 3
github.com/openagentsinc/bahia/internal/api/handlers/adoption.go:113.61,117.3 3 0
github.com/openagentsinc/bahia/internal/api/handlers/adoption.go:118.2,118.48 1 3
github.com/openagentsinc/bahia/internal/api/handlers/adoption.go:118.48,122.3 3 2
github.com/openagentsinc/bahia/internal/api/handlers/adoption.go:123.2,123.67 1 1
github.com/openagentsinc/bahia/internal/api/handlers/adoption.go:123.67,127.3 3 0
github.com/openagentsinc/bahia/internal/api/handlers/adoption.go:129.2,134.16 2 1
github.com/openagentsinc/bahia/internal/api/handlers/adoption.go:134.16,138.3 3 0
github.com/openagentsinc/bahia/internal/api/handlers/adoption.go:139.2,141.22 3 1
github.com/openagentsinc/bahia/internal/api/handlers/adoption.go:141.22,143.3 1 0
github.com/openagentsinc/bahia/internal/api/handlers/adoption.go:144.2,144.63 1 1
github.com/openagentsinc/bahia/internal/api/handlers/adoption.go:144.63,146.3 1 0
github.com/openagentsinc/bahia/internal/api/handlers/adoption.go:147.2,148.84 2 1
github.com/openagentsinc/bahia/internal/api/handlers/adoption.go:151.202,153.22 2 2
github.com/openagentsinc/bahia/internal/api/handlers/adoption.go:153.22,155.3 1 0
github.com/openagentsinc/bahia/internal/api/handlers/adoption.go:156.2,165.18 3 2
github.com/openagentsinc/bahia/internal/api/handlers/adoption.go:165.18,167.3 1 1
github.com/openagentsinc/bahia/internal/api/handlers/adoption.go:168.2,168.53 1 2
github.com/openagentsinc/bahia/internal/api/handlers/adoption.go:171.226,174.22 3 3
github.com/openagentsinc/bahia/internal/api/handlers/adoption.go:174.22,175.53 1 1
github.com/openagentsinc/bahia/internal/api/handlers/adoption.go:175.53,177.4 1 1
github.com/openagentsinc/bahia/internal/api/handlers/adoption.go:178.3,178.137 1 1
github.com/openagentsinc/bahia/internal/api/handlers/adoption.go:180.2,191.18 3 3
github.com/openagentsinc/bahia/internal/api/handlers/adoption.go:191.18,193.3 1 2
github.com/openagentsinc/bahia/internal/api/handlers/adoption.go:194.2,194.55 1 3
github.com/openagentsinc/bahia/internal/api/handlers/adoption.go:197.90,200.23 3 5
github.com/openagentsinc/bahia/internal/api/handlers/adoption.go:200.23,206.3 1 4
github.com/openagentsinc/bahia/internal/api/handlers/adoption.go:207.2,207.15 1 5
github.com/openagentsinc/bahia/internal/api/handlers/adoption.go:210.128,211.35 1 1
github.com/openagentsinc/bahia/internal/api/handlers/adoption.go:211.35,213.48 2 1
github.com/openagentsinc/bahia/internal/api/handlers/adoption.go:213.48,216.4 2 1
github.com/openagentsinc/bahia/internal/api/handlers/adoption.go:218.2,218.67 1 1
github.com/openagentsinc/bahia/internal/api/handlers/adoption.go:221.143,222.33 1 1
github.com/openagentsinc/bahia/internal/api/handlers/adoption.go:222.33,223.54 1 1
github.com/openagentsinc/bahia/internal/api/handlers/adoption.go:223.54,225.4 1 0
github.com/openagentsinc/bahia/internal/api/handlers/adoption.go:225.9,227.4 1 1
github.com/openagentsinc/bahia/internal/api/handlers/adoption.go:228.3,229.57 2 1
github.com/openagentsinc/bahia/internal/api/handlers/adoption.go:231.2,231.79 1 1
github.com/openagentsinc/bahia/internal/api/handlers/adoption.go:234.55,235.29 1 2
github.com/openagentsinc/bahia/internal/api/handlers/adoption.go:235.29,237.3 1 1
github.com/openagentsinc/bahia/internal/api/handlers/adoption.go:238.2,238.17 1 1
github.com/openagentsinc/bahia/internal/api/handlers/adoption.go:241.57,243.74 2 7
github.com/openagentsinc/bahia/internal/api/handlers/adoption.go:243.74,249.3 1 0
github.com/openagentsinc/bahia/internal/api/handlers/adoption.go:250.2,250.15 1 7
github.com/openagentsinc/bahia/internal/api/handlers/adoption.go:253.73,254.23 1 5
github.com/openagentsinc/bahia/internal/api/handlers/adoption.go:254.23,256.3 1 0
github.com/openagentsinc/bahia/internal/api/handlers/adoption.go:257.2,258.33 2 5
github.com/openagentsinc/bahia/internal/api/handlers/adoption.go:258.33,260.17 2 6
github.com/openagentsinc/bahia/internal/api/handlers/adoption.go:260.17,262.4 1 0
github.com/openagentsinc/bahia/internal/api/handlers/adoption.go:263.3,263.30 1 6
github.com/openagentsinc/bahia/internal/api/handlers/adoption.go:263.30,265.4 1 1
github.com/openagentsinc/bahia/internal/api/handlers/adoption.go:266.3,267.96 2 5
github.com/openagentsinc/bahia/internal/api/handlers/adoption.go:267.96,269.4 1 0
github.com/openagentsinc/bahia/internal/api/handlers/adoption.go:270.3,270.109 1 5
github.com/openagentsinc/bahia/internal/api/handlers/adoption.go:270.109,272.4 1 0
github.com/openagentsinc/bahia/internal/api/handlers/adoption.go:274.2,274.12 1 4
github.com/openagentsinc/bahia/internal/api/handlers/adoption.go:277.82,279.39 2 1
github.com/openagentsinc/bahia/internal/api/handlers/adoption.go:279.39,282.23 3 1
github.com/openagentsinc/bahia/internal/api/handlers/adoption.go:282.23,284.4 1 0
github.com/openagentsinc/bahia/internal/api/handlers/adoption.go:285.3,285.24 1 1
github.com/openagentsinc/bahia/internal/api/handlers/adoption.go:285.24,287.4 1 0
github.com/openagentsinc/bahia/internal/api/handlers/adoption.go:288.3,288.123 1 1
github.com/openagentsinc/bahia/internal/api/handlers/adoption.go:288.123,290.4 1 0
github.com/openagentsinc/bahia/internal/api/handlers/adoption.go:291.3,292.29 2 1
github.com/openagentsinc/bahia/internal/api/handlers/adoption.go:292.29,294.4 1 0
github.com/openagentsinc/bahia/internal/api/handlers/adoption.go:295.3,295.25 1 1
github.com/openagentsinc/bahia/internal/api/handlers/adoption.go:297.2,297.12 1 1
github.com/openagentsinc/bahia/internal/api/handlers/adoption.go:302.39,302.59 1 2
github.com/openagentsinc/bahia/internal/api/handlers/adoption.go:306.48,310.35 4 23
github.com/openagentsinc/bahia/internal/api/handlers/adoption.go:310.35,312.3 1 0
github.com/openagentsinc/bahia/internal/api/handlers/adoption.go:313.2,313.13 1 23
github.com/openagentsinc/bahia/internal/api/handlers/adoption.go:316.66,318.253 2 0
github.com/openagentsinc/bahia/internal/api/handlers/adoption.go:318.253,321.3 2 0
github.com/openagentsinc/bahia/internal/api/handlers/adoption.go:322.2,322.52 1 0
github.com/openagentsinc/bahia/internal/api/handlers/adoption.go:325.87,327.33 2 2
github.com/openagentsinc/bahia/internal/api/handlers/adoption.go:327.33,334.3 1 2
github.com/openagentsinc/bahia/internal/api/handlers/adoption.go:335.2,335.15 1 2
github.com/openagentsinc/bahia/internal/api/handlers/adoption.go:338.99,340.39 2 1
github.com/openagentsinc/bahia/internal/api/handlers/adoption.go:340.39,346.3 1 1
github.com/openagentsinc/bahia/internal/api/handlers/adoption.go:347.2,347.15 1 1
github.com/openagentsinc/bahia/internal/api/handlers/adoption.go:350.41,351.14 1 8
github.com/openagentsinc/bahia/internal/api/handlers/adoption.go:351.14,353.3 1 0
github.com/openagentsinc/bahia/internal/api/handlers/adoption.go:354.2,355.19 2 8
github.com/openagentsinc/bahia/internal/api/handlers/adoption.go:356.98,357.20 1 8
github.com/openagentsinc/bahia/internal/api/handlers/adoption.go:358.10,359.15 1 0
github.com/openagentsinc/bahia/internal/api/handlers/artifacts.go:16.77,18.2 1 3
github.com/openagentsinc/bahia/internal/api/handlers/artifacts.go:20.76,21.56 1 3
github.com/openagentsinc/bahia/internal/api/handlers/artifacts.go:21.56,23.3 1 0
github.com/openagentsinc/bahia/internal/api/handlers/artifacts.go:24.2,25.44 2 3
github.com/openagentsinc/bahia/internal/api/handlers/artifacts.go:25.44,28.3 2 0
github.com/openagentsinc/bahia/internal/api/handlers/artifacts.go:30.2,30.77 1 3
github.com/openagentsinc/bahia/internal/api/handlers/artifacts.go:30.77,33.3 2 1
github.com/openagentsinc/bahia/internal/api/handlers/artifacts.go:34.2,34.81 1 2
github.com/openagentsinc/bahia/internal/api/handlers/artifacts.go:34.81,37.3 2 0
github.com/openagentsinc/bahia/internal/api/handlers/artifacts.go:38.2,38.83 1 2
github.com/openagentsinc/bahia/internal/api/handlers/artifacts.go:38.83,41.3 2 0
github.com/openagentsinc/bahia/internal/api/handlers/artifacts.go:42.2,42.81 1 2
github.com/openagentsinc/bahia/internal/api/handlers/artifacts.go:42.81,45.3 2 0
github.com/openagentsinc/bahia/internal/api/handlers/artifacts.go:46.2,46.68 1 2
github.com/openagentsinc/bahia/internal/api/handlers/artifacts.go:46.68,49.3 2 1
github.com/openagentsinc/bahia/internal/api/handlers/artifacts.go:50.2,50.85 1 1
github.com/openagentsinc/bahia/internal/api/handlers/artifacts.go:50.85,53.3 2 1
github.com/openagentsinc/bahia/internal/api/handlers/artifacts.go:54.2,55.16 2 0
github.com/openagentsinc/bahia/internal/api/handlers/artifacts.go:55.16,58.3 2 0
github.com/openagentsinc/bahia/internal/api/handlers/artifacts.go:59.2,59.16 1 0
github.com/openagentsinc/bahia/internal/api/handlers/artifacts.go:59.16,62.3 2 0
github.com/openagentsinc/bahia/internal/api/handlers/artifacts.go:63.2,63.41 1 0
github.com/openagentsinc/bahia/internal/api/handlers/artifacts.go:63.41,65.3 1 0
github.com/openagentsinc/bahia/internal/api/handlers/artifacts.go:67.2,81.68 2 0
github.com/openagentsinc/bahia/internal/api/handlers/artifacts.go:81.68,84.3 2 0
github.com/openagentsinc/bahia/internal/api/handlers/artifacts.go:85.2,85.37 1 0
github.com/openagentsinc/bahia/internal/api/handlers/artifacts.go:88.71,89.26 1 0
github.com/openagentsinc/bahia/internal/api/handlers/artifacts.go:89.26,91.3 1 0
github.com/openagentsinc/bahia/internal/api/handlers/artifacts.go:92.2,93.16 2 0
github.com/openagentsinc/bahia/internal/api/handlers/artifacts.go:93.16,96.3 2 0
github.com/openagentsinc/bahia/internal/api/handlers/artifacts.go:98.2,99.16 2 0
github.com/openagentsinc/bahia/internal/api/handlers/artifacts.go:99.16,102.3 2 0
github.com/openagentsinc/bahia/internal/api/handlers/artifacts.go:103.2,103.14 1 0
github.com/openagentsinc/bahia/internal/api/handlers/artifacts.go:103.14,106.3 2 0
github.com/openagentsinc/bahia/internal/api/handlers/artifacts.go:107.2,107.32 1 0
github.com/openagentsinc/bahia/internal/api/handlers/artifacts.go:110.81,111.26 1 0
github.com/openagentsinc/bahia/internal/api/handlers/artifacts.go:111.26,113.3 1 0
github.com/openagentsinc/bahia/internal/api/handlers/artifacts.go:114.2,115.16 2 0
github.com/openagentsinc/bahia/internal/api/handlers/artifacts.go:115.16,118.3 2 0
github.com/openagentsinc/bahia/internal/api/handlers/artifacts.go:119.2,123.16 4 0
github.com/openagentsinc/bahia/internal/api/handlers/artifacts.go:123.16,126.3 2 0
github.com/openagentsinc/bahia/internal/api/handlers/artifacts.go:127.2,127.94 1 0
github.com/openagentsinc/bahia/internal/api/handlers/blossom.go:18.64,20.2 1 0
github.com/openagentsinc/bahia/internal/api/handlers/blossom.go:44.76,46.44 2 0
github.com/openagentsinc/bahia/internal/api/handlers/blossom.go:46.44,49.3 2 0
github.com/openagentsinc/bahia/internal/api/handlers/blossom.go:51.2,54.22 3 0
github.com/openagentsinc/bahia/internal/api/handlers/blossom.go:54.22,57.3 1 0
github.com/openagentsinc/bahia/internal/api/handlers/blossom.go:57.8,60.3 1 0
github.com/openagentsinc/bahia/internal/api/handlers/blossom.go:62.2,62.16 1 0
github.com/openagentsinc/bahia/internal/api/handlers/blossom.go:62.16,64.157 2 0
github.com/openagentsinc/bahia/internal/api/handlers/blossom.go:64.157,66.4 1 0
github.com/openagentsinc/bahia/internal/api/handlers/blossom.go:67.3,68.9 2 0
github.com/openagentsinc/bahia/internal/api/handlers/blossom.go:71.2,71.36 1 0
github.com/openagentsinc/bahia/internal/api/handlers/blossom.go:76.77,79.2 2 0
github.com/openagentsinc/bahia/internal/api/handlers/blossom.go:83.78,89.35 4 0
github.com/openagentsinc/bahia/internal/api/handlers/blossom.go:89.35,90.17 1 0
github.com/openagentsinc/bahia/internal/api/handlers/blossom.go:90.17,93.4 2 0
github.com/openagentsinc/bahia/internal/api/handlers/blossom.go:93.9,95.4 1 0
github.com/openagentsinc/bahia/internal/api/handlers/blossom.go:98.2,99.17 2 0
github.com/openagentsinc/bahia/internal/api/handlers/blossom.go:99.17,101.3 1 0
github.com/openagentsinc/bahia/internal/api/handlers/blossom.go:103.2,103.33 1 0
github.com/openagentsinc/bahia/internal/api/handlers/blossom.go:108.75,111.2 2 0
github.com/openagentsinc/bahia/internal/api/handlers/builds.go:18.71,20.2 1 4
github.com/openagentsinc/bahia/internal/api/handlers/builds.go:22.73,23.56 1 3
github.com/openagentsinc/bahia/internal/api/handlers/builds.go:23.56,25.3 1 0
github.com/openagentsinc/bahia/internal/api/handlers/builds.go:26.2,27.44 2 3
github.com/openagentsinc/bahia/internal/api/handlers/builds.go:27.44,30.3 2 0
github.com/openagentsinc/bahia/internal/api/handlers/builds.go:32.2,32.81 1 3
github.com/openagentsinc/bahia/internal/api/handlers/builds.go:32.81,35.3 2 2
github.com/openagentsinc/bahia/internal/api/handlers/builds.go:36.2,36.58 1 1
github.com/openagentsinc/bahia/internal/api/handlers/builds.go:36.58,39.3 2 0
github.com/openagentsinc/bahia/internal/api/handlers/builds.go:40.2,40.77 1 1
github.com/openagentsinc/bahia/internal/api/handlers/builds.go:40.77,43.3 2 0
github.com/openagentsinc/bahia/internal/api/handlers/builds.go:44.2,44.80 1 1
github.com/openagentsinc/bahia/internal/api/handlers/builds.go:44.80,47.3 2 0
github.com/openagentsinc/bahia/internal/api/handlers/builds.go:48.2,48.83 1 1
github.com/openagentsinc/bahia/internal/api/handlers/builds.go:48.83,51.3 2 1
github.com/openagentsinc/bahia/internal/api/handlers/builds.go:52.2,53.16 2 0
github.com/openagentsinc/bahia/internal/api/handlers/builds.go:53.16,56.3 2 0
github.com/openagentsinc/bahia/internal/api/handlers/builds.go:57.2,57.16 1 0
github.com/openagentsinc/bahia/internal/api/handlers/builds.go:57.16,60.3 2 0
github.com/openagentsinc/bahia/internal/api/handlers/builds.go:61.2,61.41 1 0
github.com/openagentsinc/bahia/internal/api/handlers/builds.go:61.41,63.3 1 0
github.com/openagentsinc/bahia/internal/api/handlers/builds.go:65.2,76.22 2 0
github.com/openagentsinc/bahia/internal/api/handlers/builds.go:76.22,78.3 1 0
github.com/openagentsinc/bahia/internal/api/handlers/builds.go:80.2,80.65 1 0
github.com/openagentsinc/bahia/internal/api/handlers/builds.go:80.65,83.3 2 0
github.com/openagentsinc/bahia/internal/api/handlers/builds.go:84.2,84.37 1 0
github.com/openagentsinc/bahia/internal/api/handlers/builds.go:87.68,88.26 1 0
github.com/openagentsinc/bahia/internal/api/handlers/builds.go:88.26,90.3 1 0
github.com/openagentsinc/bahia/internal/api/handlers/builds.go:91.2,92.16 2 0
github.com/openagentsinc/bahia/internal/api/handlers/builds.go:92.16,95.3 2 0
github.com/openagentsinc/bahia/internal/api/handlers/builds.go:97.2,98.16 2 0
github.com/openagentsinc/bahia/internal/api/handlers/builds.go:98.16,101.3 2 0
github.com/openagentsinc/bahia/internal/api/handlers/builds.go:102.2,102.14 1 0
github.com/openagentsinc/bahia/internal/api/handlers/builds.go:102.14,105.3 2 0
github.com/openagentsinc/bahia/internal/api/handlers/builds.go:106.2,106.32 1 0
github.com/openagentsinc/bahia/internal/api/handlers/builds.go:109.78,110.26 1 0
github.com/openagentsinc/bahia/internal/api/handlers/builds.go:110.26,112.3 1 0
github.com/openagentsinc/bahia/internal/api/handlers/builds.go:113.2,114.16 2 0
github.com/openagentsinc/bahia/internal/api/handlers/builds.go:114.16,117.3 2 0
github.com/openagentsinc/bahia/internal/api/handlers/builds.go:118.2,122.16 4 0
github.com/openagentsinc/bahia/internal/api/handlers/builds.go:122.16,125.3 2 0
github.com/openagentsinc/bahia/internal/api/handlers/builds.go:126.2,126.91 1 0
github.com/openagentsinc/bahia/internal/api/handlers/builds.go:129.77,130.56 1 1
github.com/openagentsinc/bahia/internal/api/handlers/builds.go:130.56,132.3 1 0
github.com/openagentsinc/bahia/internal/api/handlers/builds.go:133.2,134.16 2 1
github.com/openagentsinc/bahia/internal/api/handlers/builds.go:134.16,137.3 2 1
github.com/openagentsinc/bahia/internal/api/handlers/builds.go:139.2,140.44 2 0
github.com/openagentsinc/bahia/internal/api/handlers/builds.go:140.44,143.3 2 0
github.com/openagentsinc/bahia/internal/api/handlers/builds.go:145.2,145.83 1 0
github.com/openagentsinc/bahia/internal/api/handlers/builds.go:145.83,148.3 2 0
github.com/openagentsinc/bahia/internal/api/handlers/builds.go:149.2,149.22 1 0
github.com/openagentsinc/bahia/internal/api/handlers/builds.go:149.22,152.3 2 0
github.com/openagentsinc/bahia/internal/api/handlers/builds.go:154.2,154.102 1 0
github.com/openagentsinc/bahia/internal/api/handlers/builds.go:154.102,155.45 1 0
github.com/openagentsinc/bahia/internal/api/handlers/builds.go:155.45,158.4 2 0
github.com/openagentsinc/bahia/internal/api/handlers/builds.go:159.3,160.9 2 0
github.com/openagentsinc/bahia/internal/api/handlers/builds.go:162.2,162.56 1 0
github.com/openagentsinc/bahia/internal/api/handlers/deployments.go:20.81,22.2 1 5
github.com/openagentsinc/bahia/internal/api/handlers/deployments.go:28.66,29.74 1 2
github.com/openagentsinc/bahia/internal/api/handlers/deployments.go:29.74,31.3 1 0
github.com/openagentsinc/bahia/internal/api/handlers/deployments.go:32.2,32.23 1 2
github.com/openagentsinc/bahia/internal/api/handlers/deployments.go:37.82,38.59 1 3
github.com/openagentsinc/bahia/internal/api/handlers/deployments.go:38.59,40.3 1 0
github.com/openagentsinc/bahia/internal/api/handlers/deployments.go:41.2,42.44 2 3
github.com/openagentsinc/bahia/internal/api/handlers/deployments.go:42.44,45.3 2 0
github.com/openagentsinc/bahia/internal/api/handlers/deployments.go:47.2,47.81 1 3
github.com/openagentsinc/bahia/internal/api/handlers/deployments.go:47.81,50.3 2 1
github.com/openagentsinc/bahia/internal/api/handlers/deployments.go:51.2,51.89 1 2
github.com/openagentsinc/bahia/internal/api/handlers/deployments.go:51.89,54.3 2 0
github.com/openagentsinc/bahia/internal/api/handlers/deployments.go:55.2,55.83 1 2
github.com/openagentsinc/bahia/internal/api/handlers/deployments.go:55.83,58.3 2 0
[...]
github.com/openagentsinc/bahia/internal/api/handlers/tenants.go:326.38,329.3 2 0
github.com/openagentsinc/bahia/internal/api/handlers/tenants.go:331.2,332.16 2 0
github.com/openagentsinc/bahia/internal/api/handlers/tenants.go:332.16,335.3 2 0
github.com/openagentsinc/bahia/internal/api/handlers/tenants.go:338.2,338.87 1 0
github.com/openagentsinc/bahia/internal/api/handlers/tenants.go:338.87,339.31 1 0
github.com/openagentsinc/bahia/internal/api/handlers/tenants.go:339.31,341.4 1 0
github.com/openagentsinc/bahia/internal/api/handlers/tenants.go:341.9,343.4 1 0
github.com/openagentsinc/bahia/internal/api/handlers/tenants.go:344.3,344.9 1 0
github.com/openagentsinc/bahia/internal/api/handlers/tenants.go:347.2,351.44 2 0
github.com/openagentsinc/bahia/internal/api/handlers/tenants.go:351.44,354.3 2 0
github.com/openagentsinc/bahia/internal/api/handlers/tenants.go:356.2,356.22 1 0
github.com/openagentsinc/bahia/internal/api/handlers/tenants.go:356.22,359.3 2 0
github.com/openagentsinc/bahia/internal/api/handlers/tenants.go:362.2,362.20 1 0
github.com/openagentsinc/bahia/internal/api/handlers/tenants.go:362.20,364.3 1 0
github.com/openagentsinc/bahia/internal/api/handlers/tenants.go:365.2,366.38 2 0
github.com/openagentsinc/bahia/internal/api/handlers/tenants.go:366.38,367.20 1 0
github.com/openagentsinc/bahia/internal/api/handlers/tenants.go:367.20,369.9 2 0
github.com/openagentsinc/bahia/internal/api/handlers/tenants.go:372.2,372.16 1 0
github.com/openagentsinc/bahia/internal/api/handlers/tenants.go:372.16,375.3 2 0
github.com/openagentsinc/bahia/internal/api/handlers/tenants.go:378.2,379.54 2 0
github.com/openagentsinc/bahia/internal/api/handlers/tenants.go:379.54,382.3 2 0
github.com/openagentsinc/bahia/internal/api/handlers/tenants.go:384.2,390.59 2 0
github.com/openagentsinc/bahia/internal/api/handlers/tenants.go:390.59,394.3 3 0
github.com/openagentsinc/bahia/internal/api/handlers/tenants.go:396.2,402.42 2 0
github.com/openagentsinc/bahia/internal/api/handlers/tenants.go:407.82,409.38 2 0
github.com/openagentsinc/bahia/internal/api/handlers/tenants.go:409.38,412.3 2 0
github.com/openagentsinc/bahia/internal/api/handlers/tenants.go:414.2,415.16 2 0
github.com/openagentsinc/bahia/internal/api/handlers/tenants.go:415.16,418.3 2 0
github.com/openagentsinc/bahia/internal/api/handlers/tenants.go:420.2,423.87 2 0
github.com/openagentsinc/bahia/internal/api/handlers/tenants.go:423.87,424.31 1 0
github.com/openagentsinc/bahia/internal/api/handlers/tenants.go:424.31,426.4 1 0
github.com/openagentsinc/bahia/internal/api/handlers/tenants.go:426.9,428.4 1 0
github.com/openagentsinc/bahia/internal/api/handlers/tenants.go:429.3,429.9 1 0
github.com/openagentsinc/bahia/internal/api/handlers/tenants.go:432.2,435.44 2 0
github.com/openagentsinc/bahia/internal/api/handlers/tenants.go:435.44,438.3 2 0
github.com/openagentsinc/bahia/internal/api/handlers/tenants.go:441.2,442.38 2 0
github.com/openagentsinc/bahia/internal/api/handlers/tenants.go:442.38,443.20 1 0
github.com/openagentsinc/bahia/internal/api/handlers/tenants.go:443.20,445.9 2 0
github.com/openagentsinc/bahia/internal/api/handlers/tenants.go:448.2,448.16 1 0
github.com/openagentsinc/bahia/internal/api/handlers/tenants.go:448.16,451.3 2 0
github.com/openagentsinc/bahia/internal/api/handlers/tenants.go:453.2,456.54 2 0
github.com/openagentsinc/bahia/internal/api/handlers/tenants.go:456.54,459.3 2 0
github.com/openagentsinc/bahia/internal/api/handlers/tenants.go:462.2,463.35 2 0
github.com/openagentsinc/bahia/internal/api/handlers/tenants.go:463.35,466.3 2 0
github.com/openagentsinc/bahia/internal/api/handlers/tenants.go:467.2,467.16 1 0
github.com/openagentsinc/bahia/internal/api/handlers/tenants.go:467.16,470.3 2 0
github.com/openagentsinc/bahia/internal/api/handlers/tenants.go:472.2,472.63 1 0
github.com/openagentsinc/bahia/internal/api/handlers/tenants.go:472.63,475.3 2 0
github.com/openagentsinc/bahia/internal/api/handlers/tenants.go:477.2,477.89 1 0
github.com/openagentsinc/bahia/internal/api/handlers/tenants.go:477.89,480.3 2 0
github.com/openagentsinc/bahia/internal/api/handlers/tenants.go:482.2,482.48 1 0
github.com/openagentsinc/bahia/internal/api/handlers/tenants.go:487.78,489.38 2 0
github.com/openagentsinc/bahia/internal/api/handlers/tenants.go:489.38,492.3 2 0
github.com/openagentsinc/bahia/internal/api/handlers/tenants.go:494.2,495.16 2 0
github.com/openagentsinc/bahia/internal/api/handlers/tenants.go:495.16,498.3 2 0
github.com/openagentsinc/bahia/internal/api/handlers/tenants.go:500.2,503.30 2 0
github.com/openagentsinc/bahia/internal/api/handlers/tenants.go:503.30,504.88 1 0
github.com/openagentsinc/bahia/internal/api/handlers/tenants.go:504.88,505.32 1 0
github.com/openagentsinc/bahia/internal/api/handlers/tenants.go:505.32,507.5 1 0
github.com/openagentsinc/bahia/internal/api/handlers/tenants.go:507.10,509.5 1 0
github.com/openagentsinc/bahia/internal/api/handlers/tenants.go:510.4,510.10 1 0
github.com/openagentsinc/bahia/internal/api/handlers/tenants.go:515.2,516.35 2 0
github.com/openagentsinc/bahia/internal/api/handlers/tenants.go:516.35,519.3 2 0
github.com/openagentsinc/bahia/internal/api/handlers/tenants.go:520.2,520.16 1 0
github.com/openagentsinc/bahia/internal/api/handlers/tenants.go:520.16,523.3 2 0
github.com/openagentsinc/bahia/internal/api/handlers/tenants.go:525.2,525.43 1 0
github.com/openagentsinc/bahia/internal/api/handlers/tenants.go:525.43,529.29 3 0
github.com/openagentsinc/bahia/internal/api/handlers/tenants.go:529.29,530.34 1 0
github.com/openagentsinc/bahia/internal/api/handlers/tenants.go:530.34,532.5 1 0
github.com/openagentsinc/bahia/internal/api/handlers/tenants.go:534.3,534.22 1 0
github.com/openagentsinc/bahia/internal/api/handlers/tenants.go:534.22,537.4 2 0
github.com/openagentsinc/bahia/internal/api/handlers/tenants.go:540.2,540.75 1 0
github.com/openagentsinc/bahia/internal/api/handlers/tenants.go:540.75,543.3 2 0
github.com/openagentsinc/bahia/internal/api/handlers/tenants.go:545.2,545.50 1 0
github.com/openagentsinc/bahia/internal/api/handlers/tenants.go:550.78,552.38 2 0
github.com/openagentsinc/bahia/internal/api/handlers/tenants.go:552.38,555.3 2 0
github.com/openagentsinc/bahia/internal/api/handlers/tenants.go:557.2,558.16 2 0
github.com/openagentsinc/bahia/internal/api/handlers/tenants.go:558.16,561.3 2 0
github.com/openagentsinc/bahia/internal/api/handlers/tenants.go:564.2,564.87 1 0
github.com/openagentsinc/bahia/internal/api/handlers/tenants.go:564.87,565.31 1 0
github.com/openagentsinc/bahia/internal/api/handlers/tenants.go:565.31,567.4 1 0
github.com/openagentsinc/bahia/internal/api/handlers/tenants.go:567.9,569.4 1 0
github.com/openagentsinc/bahia/internal/api/handlers/tenants.go:570.3,570.9 1 0
github.com/openagentsinc/bahia/internal/api/handlers/tenants.go:573.2,578.44 2 0
github.com/openagentsinc/bahia/internal/api/handlers/tenants.go:578.44,581.3 2 0
github.com/openagentsinc/bahia/internal/api/handlers/tenants.go:583.2,583.22 1 0
github.com/openagentsinc/bahia/internal/api/handlers/tenants.go:583.22,586.3 2 0
github.com/openagentsinc/bahia/internal/api/handlers/tenants.go:588.2,588.20 1 0
github.com/openagentsinc/bahia/internal/api/handlers/tenants.go:588.20,590.3 1 0
github.com/openagentsinc/bahia/internal/api/handlers/tenants.go:591.2,591.24 1 0
github.com/openagentsinc/bahia/internal/api/handlers/tenants.go:591.24,593.3 1 0
github.com/openagentsinc/bahia/internal/api/handlers/tenants.go:595.2,603.62 2 0
github.com/openagentsinc/bahia/internal/api/handlers/tenants.go:603.62,606.3 2 0
github.com/openagentsinc/bahia/internal/api/handlers/tenants.go:608.2,608.42 1 0
github.com/openagentsinc/bahia/internal/api/handlers/tenants.go:613.78,615.56 2 0
github.com/openagentsinc/bahia/internal/api/handlers/tenants.go:615.56,618.3 2 0
github.com/openagentsinc/bahia/internal/api/handlers/tenants.go:620.2,621.16 2 0
github.com/openagentsinc/bahia/internal/api/handlers/tenants.go:621.16,624.3 2 0
github.com/openagentsinc/bahia/internal/api/handlers/tenants.go:626.2,627.35 2 0
github.com/openagentsinc/bahia/internal/api/handlers/tenants.go:627.35,630.3 2 0
github.com/openagentsinc/bahia/internal/api/handlers/tenants.go:631.2,631.16 1 0
github.com/openagentsinc/bahia/internal/api/handlers/tenants.go:631.16,634.3 2 0
github.com/openagentsinc/bahia/internal/api/handlers/tenants.go:637.2,637.31 1 0
github.com/openagentsinc/bahia/internal/api/handlers/tenants.go:637.31,640.3 2 0
github.com/openagentsinc/bahia/internal/api/handlers/tenants.go:642.2,642.24 1 0
github.com/openagentsinc/bahia/internal/api/handlers/tenants.go:642.24,645.3 2 0
github.com/openagentsinc/bahia/internal/api/handlers/tenants.go:648.2,655.59 2 0
github.com/openagentsinc/bahia/internal/api/handlers/tenants.go:655.59,658.3 2 0
github.com/openagentsinc/bahia/internal/api/handlers/tenants.go:661.2,663.37 2 0
github.com/openagentsinc/bahia/internal/api/handlers/tenants.go:668.77,670.38 2 0
github.com/openagentsinc/bahia/internal/api/handlers/tenants.go:670.38,673.3 2 0
github.com/openagentsinc/bahia/internal/api/handlers/tenants.go:675.2,676.16 2 0
github.com/openagentsinc/bahia/internal/api/handlers/tenants.go:676.16,679.3 2 0
github.com/openagentsinc/bahia/internal/api/handlers/tenants.go:682.2,682.87 1 0
github.com/openagentsinc/bahia/internal/api/handlers/tenants.go:682.87,683.31 1 0
github.com/openagentsinc/bahia/internal/api/handlers/tenants.go:683.31,685.4 1 0
github.com/openagentsinc/bahia/internal/api/handlers/tenants.go:685.9,687.4 1 0
github.com/openagentsinc/bahia/internal/api/handlers/tenants.go:688.3,688.9 1 0
github.com/openagentsinc/bahia/internal/api/handlers/tenants.go:691.2,692.16 2 0
github.com/openagentsinc/bahia/internal/api/handlers/tenants.go:692.16,695.3 2 0
github.com/openagentsinc/bahia/internal/api/handlers/tenants.go:697.2,697.38 1 0
github.com/openagentsinc/bahia/internal/api/handlers/tenants.go:702.75,704.56 2 0
github.com/openagentsinc/bahia/internal/api/handlers/tenants.go:704.56,707.3 2 0
github.com/openagentsinc/bahia/internal/api/handlers/tenants.go:709.2,710.16 2 0
github.com/openagentsinc/bahia/internal/api/handlers/tenants.go:710.16,713.3 2 0
github.com/openagentsinc/bahia/internal/api/handlers/tenants.go:716.2,723.30 3 0
github.com/openagentsinc/bahia/internal/api/handlers/tenants.go:723.30,725.17 2 0
github.com/openagentsinc/bahia/internal/api/handlers/tenants.go:725.17,726.12 1 0
github.com/openagentsinc/bahia/internal/api/handlers/tenants.go:728.3,732.5 1 0
github.com/openagentsinc/bahia/internal/api/handlers/tenants.go:735.2,735.37 1 0
github.com/openagentsinc/bahia/internal/api/handlers/tenants.go:740.78,742.38 2 0
github.com/openagentsinc/bahia/internal/api/handlers/tenants.go:742.38,745.3 2 0
github.com/openagentsinc/bahia/internal/api/handlers/tenants.go:747.2,748.16 2 0
github.com/openagentsinc/bahia/internal/api/handlers/tenants.go:748.16,751.3 2 0
github.com/openagentsinc/bahia/internal/api/handlers/tenants.go:754.2,754.87 1 0
github.com/openagentsinc/bahia/internal/api/handlers/tenants.go:754.87,755.31 1 0
github.com/openagentsinc/bahia/internal/api/handlers/tenants.go:755.31,757.4 1 0
github.com/openagentsinc/bahia/internal/api/handlers/tenants.go:757.9,759.4 1 0
github.com/openagentsinc/bahia/internal/api/handlers/tenants.go:760.3,760.9 1 0
github.com/openagentsinc/bahia/internal/api/handlers/tenants.go:763.2,764.16 2 0
github.com/openagentsinc/bahia/internal/api/handlers/tenants.go:764.16,767.3 2 0
github.com/openagentsinc/bahia/internal/api/handlers/tenants.go:769.2,769.64 1 0
github.com/openagentsinc/bahia/internal/api/handlers/tenants.go:769.64,770.36 1 0
github.com/openagentsinc/bahia/internal/api/handlers/tenants.go:770.36,772.4 1 0
github.com/openagentsinc/bahia/internal/api/handlers/tenants.go:772.9,774.4 1 0
github.com/openagentsinc/bahia/internal/api/handlers/tenants.go:775.3,775.9 1 0
github.com/openagentsinc/bahia/internal/api/handlers/tenants.go:778.2,778.50 1 0
github.com/openagentsinc/bahia/internal/api/handlers/tools.go:21.113,23.2 1 0
github.com/openagentsinc/bahia/internal/api/handlers/tools.go:35.75,36.26 1 0
github.com/openagentsinc/bahia/internal/api/handlers/tools.go:36.26,38.3 1 0
github.com/openagentsinc/bahia/internal/api/handlers/tools.go:39.2,40.16 2 0
github.com/openagentsinc/bahia/internal/api/handlers/tools.go:40.16,43.3 2 0
github.com/openagentsinc/bahia/internal/api/handlers/tools.go:44.2,44.38 1 0
github.com/openagentsinc/bahia/internal/api/handlers/tools.go:47.73,48.26 1 0
github.com/openagentsinc/bahia/internal/api/handlers/tools.go:48.26,50.3 1 0
github.com/openagentsinc/bahia/internal/api/handlers/tools.go:51.2,52.16 2 0
github.com/openagentsinc/bahia/internal/api/handlers/tools.go:52.16,55.3 2 0
github.com/openagentsinc/bahia/internal/api/handlers/tools.go:56.2,57.16 2 0
github.com/openagentsinc/bahia/internal/api/handlers/tools.go:57.16,60.3 2 0
github.com/openagentsinc/bahia/internal/api/handlers/tools.go:61.2,61.19 1 0
github.com/openagentsinc/bahia/internal/api/handlers/tools.go:61.19,64.3 2 0
github.com/openagentsinc/bahia/internal/api/handlers/tools.go:65.2,65.37 1 0
github.com/openagentsinc/bahia/internal/api/handlers/tools.go:68.77,69.61 1 0
github.com/openagentsinc/bahia/internal/api/handlers/tools.go:69.61,71.3 1 0
github.com/openagentsinc/bahia/internal/api/handlers/tools.go:72.2,73.16 2 0
github.com/openagentsinc/bahia/internal/api/handlers/tools.go:73.16,76.3 2 0
github.com/openagentsinc/bahia/internal/api/handlers/tools.go:77.2,78.44 2 0
github.com/openagentsinc/bahia/internal/api/handlers/tools.go:78.44,81.3 2 0
github.com/openagentsinc/bahia/internal/api/handlers/tools.go:82.2,82.22 1 0
github.com/openagentsinc/bahia/internal/api/handlers/tools.go:82.22,85.3 2 0
github.com/openagentsinc/bahia/internal/api/handlers/tools.go:86.2,87.16 2 0
github.com/openagentsinc/bahia/internal/api/handlers/tools.go:87.16,90.3 2 0
github.com/openagentsinc/bahia/internal/api/handlers/tools.go:91.2,91.19 1 0
github.com/openagentsinc/bahia/internal/api/handlers/tools.go:91.19,94.3 2 0
github.com/openagentsinc/bahia/internal/api/handlers/tools.go:95.2,99.65 5 0
github.com/openagentsinc/bahia/internal/api/handlers/tools.go:99.65,100.45 1 0
github.com/openagentsinc/bahia/internal/api/handlers/tools.go:100.45,103.4 2 0
github.com/openagentsinc/bahia/internal/api/handlers/tools.go:104.3,105.9 2 0
github.com/openagentsinc/bahia/internal/api/handlers/tools.go:107.2,108.56 2 0
github.com/openagentsinc/bahia/internal/api/handlers/tools.go:111.76,112.61 1 0
github.com/openagentsinc/bahia/internal/api/handlers/tools.go:112.61,114.3 1 0
github.com/openagentsinc/bahia/internal/api/handlers/tools.go:115.2,116.16 2 0
github.com/openagentsinc/bahia/internal/api/handlers/tools.go:116.16,119.3 2 0
github.com/openagentsinc/bahia/internal/api/handlers/tools.go:120.2,121.44 2 0
github.com/openagentsinc/bahia/internal/api/handlers/tools.go:121.44,124.3 2 0
github.com/openagentsinc/bahia/internal/api/handlers/tools.go:125.2,125.22 1 0
github.com/openagentsinc/bahia/internal/api/handlers/tools.go:125.22,128.3 2 0
github.com/openagentsinc/bahia/internal/api/handlers/tools.go:129.2,130.16 2 0
github.com/openagentsinc/bahia/internal/api/handlers/tools.go:130.16,133.3 2 0
github.com/openagentsinc/bahia/internal/api/handlers/tools.go:134.2,134.19 1 0
github.com/openagentsinc/bahia/internal/api/handlers/tools.go:134.19,137.3 2 0
github.com/openagentsinc/bahia/internal/api/handlers/tools.go:138.2,139.65 2 0
github.com/openagentsinc/bahia/internal/api/handlers/tools.go:139.65,140.45 1 0
github.com/openagentsinc/bahia/internal/api/handlers/tools.go:140.45,143.4 2 0
github.com/openagentsinc/bahia/internal/api/handlers/tools.go:144.3,145.9 2 0
github.com/openagentsinc/bahia/internal/api/handlers/tools.go:147.2,148.56 2 0
github.com/openagentsinc/bahia/internal/api/handlers/tools.go:151.76,152.26 1 0
github.com/openagentsinc/bahia/internal/api/handlers/tools.go:152.26,154.3 1 0
github.com/openagentsinc/bahia/internal/api/handlers/tools.go:155.2,156.16 2 0
github.com/openagentsinc/bahia/internal/api/handlers/tools.go:156.16,159.3 2 0
github.com/openagentsinc/bahia/internal/api/handlers/tools.go:160.2,160.38 1 0
github.com/openagentsinc/bahia/internal/api/handlers/tools.go:163.75,164.61 1 0
github.com/openagentsinc/bahia/internal/api/handlers/tools.go:164.61,166.3 1 0
github.com/openagentsinc/bahia/internal/api/handlers/tools.go:167.2,168.44 2 0
github.com/openagentsinc/bahia/internal/api/handlers/tools.go:168.44,171.3 2 0
github.com/openagentsinc/bahia/internal/api/handlers/tools.go:172.2,172.64 1 0
github.com/openagentsinc/bahia/internal/api/handlers/tools.go:172.64,175.3 2 0
github.com/openagentsinc/bahia/internal/api/handlers/tools.go:176.2,177.65 2 0
github.com/openagentsinc/bahia/internal/api/handlers/tools.go:177.65,180.3 2 0
github.com/openagentsinc/bahia/internal/api/handlers/tools.go:181.2,181.41 1 0
github.com/openagentsinc/bahia/internal/api/handlers/tools.go:184.78,185.61 1 0
github.com/openagentsinc/bahia/internal/api/handlers/tools.go:185.61,187.3 1 0
github.com/openagentsinc/bahia/internal/api/handlers/tools.go:188.2,190.32 3 0
github.com/openagentsinc/bahia/internal/api/handlers/tools.go:190.32,193.3 2 0
github.com/openagentsinc/bahia/internal/api/handlers/tools.go:194.2,194.77 1 0
github.com/openagentsinc/bahia/internal/api/handlers/tools.go:194.77,197.3 2 0
github.com/openagentsinc/bahia/internal/api/handlers/tools.go:198.2,198.58 1 0
github.com/openagentsinc/bahia/internal/api/handlers/tools.go:201.74,202.26 1 0
github.com/openagentsinc/bahia/internal/api/handlers/tools.go:202.26,204.3 1 0
github.com/openagentsinc/bahia/internal/api/handlers/tools.go:205.2,206.16 2 0
github.com/openagentsinc/bahia/internal/api/handlers/tools.go:206.16,209.3 2 0
github.com/openagentsinc/bahia/internal/api/handlers/tools.go:210.2,211.20 2 0
github.com/openagentsinc/bahia/internal/api/handlers/tools.go:211.20,214.3 2 0
github.com/openagentsinc/bahia/internal/api/handlers/tools.go:215.2,216.16 2 0
github.com/openagentsinc/bahia/internal/api/handlers/tools.go:216.16,219.3 2 0
github.com/openagentsinc/bahia/internal/api/handlers/tools.go:220.2,221.16 2 0
github.com/openagentsinc/bahia/internal/api/handlers/tools.go:221.16,224.3 2 0
github.com/openagentsinc/bahia/internal/api/handlers/tools.go:225.2,225.36 1 0
github.com/openagentsinc/bahia/internal/api/handlers/tools.go:228.40,229.74 1 0
github.com/openagentsinc/bahia/internal/api/handlers/tools.go:229.74,231.3 1 0
github.com/openagentsinc/bahia/internal/api/handlers/tools.go:232.2,232.14 1 0
github.com/openagentsinc/bahia/internal/api/handlers/workers.go:16.72,18.2 1 0
github.com/openagentsinc/bahia/internal/api/handlers/workers.go:21.70,24.16 3 0
github.com/openagentsinc/bahia/internal/api/handlers/workers.go:24.16,27.3 2 0
github.com/openagentsinc/bahia/internal/api/handlers/workers.go:28.2,28.38 1 0
github.com/openagentsinc/bahia/internal/api/handlers/workers.go:32.69,34.18 2 0
github.com/openagentsinc/bahia/internal/api/handlers/workers.go:34.18,37.3 2 0
github.com/openagentsinc/bahia/internal/api/handlers/workers.go:39.2,40.16 2 0
github.com/openagentsinc/bahia/internal/api/handlers/workers.go:40.16,43.3 2 0
github.com/openagentsinc/bahia/internal/api/handlers/workers.go:44.2,44.19 1 0
github.com/openagentsinc/bahia/internal/api/handlers/workers.go:44.19,47.3 2 0
github.com/openagentsinc/bahia/internal/api/handlers/workers.go:48.2,48.37 1 0
github.com/openagentsinc/bahia/internal/api/handlers/workers.go:52.73,54.18 2 0
github.com/openagentsinc/bahia/internal/api/handlers/workers.go:54.18,57.3 2 0
github.com/openagentsinc/bahia/internal/api/handlers/workers.go:59.2,60.16 2 0
github.com/openagentsinc/bahia/internal/api/handlers/workers.go:60.16,63.3 2 0
github.com/openagentsinc/bahia/internal/api/handlers/workers.go:64.2,64.19 1 0
github.com/openagentsinc/bahia/internal/api/handlers/workers.go:64.19,67.3 2 0
github.com/openagentsinc/bahia/internal/api/handlers/workers.go:68.2,68.45 1 0
